[2024-05-23T15:28:41.587+0000] {processor.py:161} INFO - Started process (PID=80) to work on /home/airflow/.local/lib/python3.12/site-packages/airflow/example_dags/example_datasets.py
[2024-05-23T15:28:41.590+0000] {processor.py:830} INFO - Processing file /home/airflow/.local/lib/python3.12/site-packages/airflow/example_dags/example_datasets.py for tasks to queue
[2024-05-23T15:28:41.598+0000] {logging_mixin.py:188} INFO - [2024-05-23T15:28:41.597+0000] {dagbag.py:545} INFO - Filling up the DagBag from /home/airflow/.local/lib/python3.12/site-packages/airflow/example_dags/example_datasets.py
[2024-05-23T15:28:41.633+0000] {processor.py:840} INFO - DAG(s) 'dataset_consumes_1', 'consume_1_and_2_with_dataset_expressions', 'dataset_produces_2', 'consume_1_or_both_2_and_3_with_dataset_expressions', 'dataset_consumes_unknown_never_scheduled', 'dataset_produces_1', 'dataset_consumes_1_and_2', 'conditional_dataset_and_time_based_timetable', 'consume_1_or_2_with_dataset_expressions', 'dataset_consumes_1_never_scheduled' retrieved from /home/airflow/.local/lib/python3.12/site-packages/airflow/example_dags/example_datasets.py
[2024-05-23T15:28:41.660+0000] {logging_mixin.py:188} INFO - [2024-05-23T15:28:41.659+0000] {dag.py:3096} INFO - Sync 10 DAGs
[2024-05-23T15:28:41.711+0000] {logging_mixin.py:188} INFO - [2024-05-23T15:28:41.711+0000] {dag.py:3954} INFO - Setting next_dagrun for conditional_dataset_and_time_based_timetable to 2024-05-22 01:00:00+00:00, run_after=2024-05-22 01:00:00+00:00
[2024-05-23T15:28:41.715+0000] {logging_mixin.py:188} INFO - [2024-05-23T15:28:41.715+0000] {dag.py:3954} INFO - Setting next_dagrun for consume_1_and_2_with_dataset_expressions to None, run_after=None
[2024-05-23T15:28:41.717+0000] {logging_mixin.py:188} INFO - [2024-05-23T15:28:41.717+0000] {dag.py:3954} INFO - Setting next_dagrun for consume_1_or_2_with_dataset_expressions to None, run_after=None
[2024-05-23T15:28:41.718+0000] {logging_mixin.py:188} INFO - [2024-05-23T15:28:41.718+0000] {dag.py:3954} INFO - Setting next_dagrun for consume_1_or_both_2_and_3_with_dataset_expressions to None, run_after=None
[2024-05-23T15:28:41.720+0000] {logging_mixin.py:188} INFO - [2024-05-23T15:28:41.720+0000] {dag.py:3954} INFO - Setting next_dagrun for dataset_consumes_1 to None, run_after=None
[2024-05-23T15:28:41.722+0000] {logging_mixin.py:188} INFO - [2024-05-23T15:28:41.722+0000] {dag.py:3954} INFO - Setting next_dagrun for dataset_consumes_1_and_2 to None, run_after=None
[2024-05-23T15:28:41.725+0000] {logging_mixin.py:188} INFO - [2024-05-23T15:28:41.725+0000] {dag.py:3954} INFO - Setting next_dagrun for dataset_consumes_1_never_scheduled to None, run_after=None
[2024-05-23T15:28:41.727+0000] {logging_mixin.py:188} INFO - [2024-05-23T15:28:41.727+0000] {dag.py:3954} INFO - Setting next_dagrun for dataset_consumes_unknown_never_scheduled to None, run_after=None
[2024-05-23T15:28:41.729+0000] {logging_mixin.py:188} INFO - [2024-05-23T15:28:41.729+0000] {dag.py:3954} INFO - Setting next_dagrun for dataset_produces_1 to 2024-05-22 00:00:00+00:00, run_after=2024-05-23 00:00:00+00:00
[2024-05-23T15:28:41.731+0000] {logging_mixin.py:188} INFO - [2024-05-23T15:28:41.731+0000] {dag.py:3954} INFO - Setting next_dagrun for dataset_produces_2 to None, run_after=None
[2024-05-23T15:28:41.773+0000] {processor.py:183} INFO - Processing /home/airflow/.local/lib/python3.12/site-packages/airflow/example_dags/example_datasets.py took 0.212 seconds
[2024-05-23T15:29:12.668+0000] {processor.py:161} INFO - Started process (PID=138) to work on /home/airflow/.local/lib/python3.12/site-packages/airflow/example_dags/example_datasets.py
[2024-05-23T15:29:12.669+0000] {processor.py:830} INFO - Processing file /home/airflow/.local/lib/python3.12/site-packages/airflow/example_dags/example_datasets.py for tasks to queue
[2024-05-23T15:29:12.671+0000] {logging_mixin.py:188} INFO - [2024-05-23T15:29:12.671+0000] {dagbag.py:545} INFO - Filling up the DagBag from /home/airflow/.local/lib/python3.12/site-packages/airflow/example_dags/example_datasets.py
[2024-05-23T15:29:12.684+0000] {processor.py:840} INFO - DAG(s) 'consume_1_or_both_2_and_3_with_dataset_expressions', 'dataset_consumes_1', 'dataset_consumes_1_and_2', 'consume_1_or_2_with_dataset_expressions', 'dataset_produces_2', 'consume_1_and_2_with_dataset_expressions', 'conditional_dataset_and_time_based_timetable', 'dataset_consumes_1_never_scheduled', 'dataset_produces_1', 'dataset_consumes_unknown_never_scheduled' retrieved from /home/airflow/.local/lib/python3.12/site-packages/airflow/example_dags/example_datasets.py
[2024-05-23T15:29:12.866+0000] {logging_mixin.py:188} INFO - [2024-05-23T15:29:12.866+0000] {dag.py:3096} INFO - Sync 10 DAGs
[2024-05-23T15:29:12.887+0000] {logging_mixin.py:188} INFO - [2024-05-23T15:29:12.886+0000] {dag.py:3954} INFO - Setting next_dagrun for conditional_dataset_and_time_based_timetable to 2024-05-22 01:00:00+00:00, run_after=2024-05-22 01:00:00+00:00
[2024-05-23T15:29:12.891+0000] {logging_mixin.py:188} INFO - [2024-05-23T15:29:12.890+0000] {dag.py:3954} INFO - Setting next_dagrun for consume_1_and_2_with_dataset_expressions to None, run_after=None
[2024-05-23T15:29:12.893+0000] {logging_mixin.py:188} INFO - [2024-05-23T15:29:12.892+0000] {dag.py:3954} INFO - Setting next_dagrun for consume_1_or_2_with_dataset_expressions to None, run_after=None
[2024-05-23T15:29:12.895+0000] {logging_mixin.py:188} INFO - [2024-05-23T15:29:12.894+0000] {dag.py:3954} INFO - Setting next_dagrun for consume_1_or_both_2_and_3_with_dataset_expressions to None, run_after=None
[2024-05-23T15:29:12.896+0000] {logging_mixin.py:188} INFO - [2024-05-23T15:29:12.896+0000] {dag.py:3954} INFO - Setting next_dagrun for dataset_consumes_1 to None, run_after=None
[2024-05-23T15:29:12.898+0000] {logging_mixin.py:188} INFO - [2024-05-23T15:29:12.898+0000] {dag.py:3954} INFO - Setting next_dagrun for dataset_consumes_1_and_2 to None, run_after=None
[2024-05-23T15:29:12.899+0000] {logging_mixin.py:188} INFO - [2024-05-23T15:29:12.899+0000] {dag.py:3954} INFO - Setting next_dagrun for dataset_consumes_1_never_scheduled to None, run_after=None
[2024-05-23T15:29:12.900+0000] {logging_mixin.py:188} INFO - [2024-05-23T15:29:12.900+0000] {dag.py:3954} INFO - Setting next_dagrun for dataset_consumes_unknown_never_scheduled to None, run_after=None
[2024-05-23T15:29:12.903+0000] {logging_mixin.py:188} INFO - [2024-05-23T15:29:12.903+0000] {dag.py:3954} INFO - Setting next_dagrun for dataset_produces_1 to 2024-05-22 00:00:00+00:00, run_after=2024-05-23 00:00:00+00:00
[2024-05-23T15:29:12.905+0000] {logging_mixin.py:188} INFO - [2024-05-23T15:29:12.904+0000] {dag.py:3954} INFO - Setting next_dagrun for dataset_produces_2 to None, run_after=None
[2024-05-23T15:29:12.943+0000] {processor.py:183} INFO - Processing /home/airflow/.local/lib/python3.12/site-packages/airflow/example_dags/example_datasets.py took 0.280 seconds
