[2024-05-23T15:28:41.671+0000] {processor.py:161} INFO - Started process (PID=81) to work on /home/airflow/.local/lib/python3.12/site-packages/airflow/example_dags/example_subdag_operator.py
[2024-05-23T15:28:41.675+0000] {processor.py:830} INFO - Processing file /home/airflow/.local/lib/python3.12/site-packages/airflow/example_dags/example_subdag_operator.py for tasks to queue
[2024-05-23T15:28:41.681+0000] {logging_mixin.py:188} INFO - [2024-05-23T15:28:41.680+0000] {dagbag.py:545} INFO - Filling up the DagBag from /home/airflow/.local/lib/python3.12/site-packages/airflow/example_dags/example_subdag_operator.py
[2024-05-23T15:28:41.747+0000] {processor.py:840} INFO - DAG(s) 'example_subdag_operator.section-1', 'example_subdag_operator.section-2', 'example_subdag_operator' retrieved from /home/airflow/.local/lib/python3.12/site-packages/airflow/example_dags/example_subdag_operator.py
[2024-05-23T15:28:41.753+0000] {logging_mixin.py:188} INFO - [2024-05-23T15:28:41.752+0000] {dag.py:3096} INFO - Sync 3 DAGs
[2024-05-23T15:28:41.791+0000] {logging_mixin.py:188} INFO - [2024-05-23T15:28:41.791+0000] {dag.py:3954} INFO - Setting next_dagrun for example_subdag_operator to 2022-01-01 00:00:00+00:00, run_after=2022-01-01 00:00:00+00:00
[2024-05-23T15:28:41.794+0000] {logging_mixin.py:188} INFO - [2024-05-23T15:28:41.794+0000] {dag.py:3954} INFO - Setting next_dagrun for example_subdag_operator.section-1 to None, run_after=None
[2024-05-23T15:28:41.796+0000] {logging_mixin.py:188} INFO - [2024-05-23T15:28:41.796+0000] {dag.py:3954} INFO - Setting next_dagrun for example_subdag_operator.section-2 to None, run_after=None
[2024-05-23T15:28:41.803+0000] {logging_mixin.py:188} INFO - [2024-05-23T15:28:41.803+0000] {dag.py:3096} INFO - Sync 2 DAGs
[2024-05-23T15:28:41.807+0000] {logging_mixin.py:188} INFO - [2024-05-23T15:28:41.807+0000] {dag.py:3954} INFO - Setting next_dagrun for example_subdag_operator.section-1 to None, run_after=None
[2024-05-23T15:28:41.808+0000] {logging_mixin.py:188} INFO - [2024-05-23T15:28:41.808+0000] {dag.py:3954} INFO - Setting next_dagrun for example_subdag_operator.section-2 to None, run_after=None
[2024-05-23T15:28:41.818+0000] {processor.py:183} INFO - Processing /home/airflow/.local/lib/python3.12/site-packages/airflow/example_dags/example_subdag_operator.py took 0.168 seconds
[2024-05-23T15:29:12.669+0000] {processor.py:161} INFO - Started process (PID=139) to work on /home/airflow/.local/lib/python3.12/site-packages/airflow/example_dags/example_subdag_operator.py
[2024-05-23T15:29:12.670+0000] {processor.py:830} INFO - Processing file /home/airflow/.local/lib/python3.12/site-packages/airflow/example_dags/example_subdag_operator.py for tasks to queue
[2024-05-23T15:29:12.672+0000] {logging_mixin.py:188} INFO - [2024-05-23T15:29:12.672+0000] {dagbag.py:545} INFO - Filling up the DagBag from /home/airflow/.local/lib/python3.12/site-packages/airflow/example_dags/example_subdag_operator.py
[2024-05-23T15:29:12.695+0000] {processor.py:840} INFO - DAG(s) 'example_subdag_operator.section-1', 'example_subdag_operator.section-2', 'example_subdag_operator' retrieved from /home/airflow/.local/lib/python3.12/site-packages/airflow/example_dags/example_subdag_operator.py
[2024-05-23T15:29:12.782+0000] {logging_mixin.py:188} INFO - [2024-05-23T15:29:12.781+0000] {dag.py:3096} INFO - Sync 3 DAGs
[2024-05-23T15:29:12.800+0000] {logging_mixin.py:188} INFO - [2024-05-23T15:29:12.800+0000] {dag.py:3954} INFO - Setting next_dagrun for example_subdag_operator to 2022-01-01 00:00:00+00:00, run_after=2022-01-01 00:00:00+00:00
[2024-05-23T15:29:12.804+0000] {logging_mixin.py:188} INFO - [2024-05-23T15:29:12.804+0000] {dag.py:3954} INFO - Setting next_dagrun for example_subdag_operator.section-1 to None, run_after=None
[2024-05-23T15:29:12.806+0000] {logging_mixin.py:188} INFO - [2024-05-23T15:29:12.806+0000] {dag.py:3954} INFO - Setting next_dagrun for example_subdag_operator.section-2 to None, run_after=None
[2024-05-23T15:29:12.816+0000] {logging_mixin.py:188} INFO - [2024-05-23T15:29:12.815+0000] {dag.py:3096} INFO - Sync 2 DAGs
[2024-05-23T15:29:12.820+0000] {logging_mixin.py:188} INFO - [2024-05-23T15:29:12.820+0000] {dag.py:3954} INFO - Setting next_dagrun for example_subdag_operator.section-1 to None, run_after=None
[2024-05-23T15:29:12.821+0000] {logging_mixin.py:188} INFO - [2024-05-23T15:29:12.821+0000] {dag.py:3954} INFO - Setting next_dagrun for example_subdag_operator.section-2 to None, run_after=None
[2024-05-23T15:29:12.835+0000] {processor.py:183} INFO - Processing /home/airflow/.local/lib/python3.12/site-packages/airflow/example_dags/example_subdag_operator.py took 0.171 seconds
