[2024-06-10T06:06:06.183+0000] {processor.py:161} INFO - Started process (PID=152) to work on /opt/airflow/dags/source/110.-jumlah-tindak-pidana-menurut-kepolisian-sektor-di-kota-yogyakarta-tahun-2021.xlsx
[2024-06-10T06:06:06.184+0000] {processor.py:830} INFO - Processing file /opt/airflow/dags/source/110.-jumlah-tindak-pidana-menurut-kepolisian-sektor-di-kota-yogyakarta-tahun-2021.xlsx for tasks to queue
[2024-06-10T06:06:06.185+0000] {logging_mixin.py:188} INFO - [2024-06-10T06:06:06.185+0000] {dagbag.py:545} INFO - Filling up the DagBag from /opt/airflow/dags/source/110.-jumlah-tindak-pidana-menurut-kepolisian-sektor-di-kota-yogyakarta-tahun-2021.xlsx
[2024-06-10T06:06:06.193+0000] {processor.py:842} WARNING - No viable dags retrieved from /opt/airflow/dags/source/110.-jumlah-tindak-pidana-menurut-kepolisian-sektor-di-kota-yogyakarta-tahun-2021.xlsx
[2024-06-10T06:06:06.203+0000] {processor.py:183} INFO - Processing /opt/airflow/dags/source/110.-jumlah-tindak-pidana-menurut-kepolisian-sektor-di-kota-yogyakarta-tahun-2021.xlsx took 0.025 seconds
[2024-06-10T06:06:37.051+0000] {processor.py:161} INFO - Started process (PID=164) to work on /opt/airflow/dags/source/110.-jumlah-tindak-pidana-menurut-kepolisian-sektor-di-kota-yogyakarta-tahun-2021.xlsx
[2024-06-10T06:06:37.052+0000] {processor.py:830} INFO - Processing file /opt/airflow/dags/source/110.-jumlah-tindak-pidana-menurut-kepolisian-sektor-di-kota-yogyakarta-tahun-2021.xlsx for tasks to queue
[2024-06-10T06:06:37.054+0000] {logging_mixin.py:188} INFO - [2024-06-10T06:06:37.054+0000] {dagbag.py:545} INFO - Filling up the DagBag from /opt/airflow/dags/source/110.-jumlah-tindak-pidana-menurut-kepolisian-sektor-di-kota-yogyakarta-tahun-2021.xlsx
[2024-06-10T06:06:37.069+0000] {processor.py:842} WARNING - No viable dags retrieved from /opt/airflow/dags/source/110.-jumlah-tindak-pidana-menurut-kepolisian-sektor-di-kota-yogyakarta-tahun-2021.xlsx
[2024-06-10T06:06:37.079+0000] {processor.py:183} INFO - Processing /opt/airflow/dags/source/110.-jumlah-tindak-pidana-menurut-kepolisian-sektor-di-kota-yogyakarta-tahun-2021.xlsx took 0.033 seconds
[2024-06-10T06:07:07.890+0000] {processor.py:161} INFO - Started process (PID=176) to work on /opt/airflow/dags/source/110.-jumlah-tindak-pidana-menurut-kepolisian-sektor-di-kota-yogyakarta-tahun-2021.xlsx
[2024-06-10T06:07:07.891+0000] {processor.py:830} INFO - Processing file /opt/airflow/dags/source/110.-jumlah-tindak-pidana-menurut-kepolisian-sektor-di-kota-yogyakarta-tahun-2021.xlsx for tasks to queue
[2024-06-10T06:07:07.893+0000] {logging_mixin.py:188} INFO - [2024-06-10T06:07:07.893+0000] {dagbag.py:545} INFO - Filling up the DagBag from /opt/airflow/dags/source/110.-jumlah-tindak-pidana-menurut-kepolisian-sektor-di-kota-yogyakarta-tahun-2021.xlsx
[2024-06-10T06:07:07.899+0000] {processor.py:842} WARNING - No viable dags retrieved from /opt/airflow/dags/source/110.-jumlah-tindak-pidana-menurut-kepolisian-sektor-di-kota-yogyakarta-tahun-2021.xlsx
[2024-06-10T06:07:07.910+0000] {processor.py:183} INFO - Processing /opt/airflow/dags/source/110.-jumlah-tindak-pidana-menurut-kepolisian-sektor-di-kota-yogyakarta-tahun-2021.xlsx took 0.024 seconds
[2024-06-10T06:07:38.745+0000] {processor.py:161} INFO - Started process (PID=188) to work on /opt/airflow/dags/source/110.-jumlah-tindak-pidana-menurut-kepolisian-sektor-di-kota-yogyakarta-tahun-2021.xlsx
[2024-06-10T06:07:38.747+0000] {processor.py:830} INFO - Processing file /opt/airflow/dags/source/110.-jumlah-tindak-pidana-menurut-kepolisian-sektor-di-kota-yogyakarta-tahun-2021.xlsx for tasks to queue
[2024-06-10T06:07:38.749+0000] {logging_mixin.py:188} INFO - [2024-06-10T06:07:38.748+0000] {dagbag.py:545} INFO - Filling up the DagBag from /opt/airflow/dags/source/110.-jumlah-tindak-pidana-menurut-kepolisian-sektor-di-kota-yogyakarta-tahun-2021.xlsx
[2024-06-10T06:07:38.766+0000] {processor.py:842} WARNING - No viable dags retrieved from /opt/airflow/dags/source/110.-jumlah-tindak-pidana-menurut-kepolisian-sektor-di-kota-yogyakarta-tahun-2021.xlsx
[2024-06-10T06:07:38.779+0000] {processor.py:183} INFO - Processing /opt/airflow/dags/source/110.-jumlah-tindak-pidana-menurut-kepolisian-sektor-di-kota-yogyakarta-tahun-2021.xlsx took 0.040 seconds
[2024-06-10T06:08:09.671+0000] {processor.py:161} INFO - Started process (PID=200) to work on /opt/airflow/dags/source/110.-jumlah-tindak-pidana-menurut-kepolisian-sektor-di-kota-yogyakarta-tahun-2021.xlsx
[2024-06-10T06:08:09.672+0000] {processor.py:830} INFO - Processing file /opt/airflow/dags/source/110.-jumlah-tindak-pidana-menurut-kepolisian-sektor-di-kota-yogyakarta-tahun-2021.xlsx for tasks to queue
[2024-06-10T06:08:09.680+0000] {logging_mixin.py:188} INFO - [2024-06-10T06:08:09.680+0000] {dagbag.py:545} INFO - Filling up the DagBag from /opt/airflow/dags/source/110.-jumlah-tindak-pidana-menurut-kepolisian-sektor-di-kota-yogyakarta-tahun-2021.xlsx
[2024-06-10T06:08:09.694+0000] {processor.py:842} WARNING - No viable dags retrieved from /opt/airflow/dags/source/110.-jumlah-tindak-pidana-menurut-kepolisian-sektor-di-kota-yogyakarta-tahun-2021.xlsx
[2024-06-10T06:08:09.703+0000] {processor.py:183} INFO - Processing /opt/airflow/dags/source/110.-jumlah-tindak-pidana-menurut-kepolisian-sektor-di-kota-yogyakarta-tahun-2021.xlsx took 0.037 seconds
[2024-06-10T06:08:40.588+0000] {processor.py:161} INFO - Started process (PID=212) to work on /opt/airflow/dags/source/110.-jumlah-tindak-pidana-menurut-kepolisian-sektor-di-kota-yogyakarta-tahun-2021.xlsx
[2024-06-10T06:08:40.589+0000] {processor.py:830} INFO - Processing file /opt/airflow/dags/source/110.-jumlah-tindak-pidana-menurut-kepolisian-sektor-di-kota-yogyakarta-tahun-2021.xlsx for tasks to queue
[2024-06-10T06:08:40.591+0000] {logging_mixin.py:188} INFO - [2024-06-10T06:08:40.591+0000] {dagbag.py:545} INFO - Filling up the DagBag from /opt/airflow/dags/source/110.-jumlah-tindak-pidana-menurut-kepolisian-sektor-di-kota-yogyakarta-tahun-2021.xlsx
[2024-06-10T06:08:40.599+0000] {processor.py:842} WARNING - No viable dags retrieved from /opt/airflow/dags/source/110.-jumlah-tindak-pidana-menurut-kepolisian-sektor-di-kota-yogyakarta-tahun-2021.xlsx
[2024-06-10T06:08:40.608+0000] {processor.py:183} INFO - Processing /opt/airflow/dags/source/110.-jumlah-tindak-pidana-menurut-kepolisian-sektor-di-kota-yogyakarta-tahun-2021.xlsx took 0.025 seconds
[2024-06-10T06:09:11.446+0000] {processor.py:161} INFO - Started process (PID=224) to work on /opt/airflow/dags/source/110.-jumlah-tindak-pidana-menurut-kepolisian-sektor-di-kota-yogyakarta-tahun-2021.xlsx
[2024-06-10T06:09:11.448+0000] {processor.py:830} INFO - Processing file /opt/airflow/dags/source/110.-jumlah-tindak-pidana-menurut-kepolisian-sektor-di-kota-yogyakarta-tahun-2021.xlsx for tasks to queue
[2024-06-10T06:09:11.450+0000] {logging_mixin.py:188} INFO - [2024-06-10T06:09:11.449+0000] {dagbag.py:545} INFO - Filling up the DagBag from /opt/airflow/dags/source/110.-jumlah-tindak-pidana-menurut-kepolisian-sektor-di-kota-yogyakarta-tahun-2021.xlsx
[2024-06-10T06:09:11.457+0000] {processor.py:842} WARNING - No viable dags retrieved from /opt/airflow/dags/source/110.-jumlah-tindak-pidana-menurut-kepolisian-sektor-di-kota-yogyakarta-tahun-2021.xlsx
[2024-06-10T06:09:11.468+0000] {processor.py:183} INFO - Processing /opt/airflow/dags/source/110.-jumlah-tindak-pidana-menurut-kepolisian-sektor-di-kota-yogyakarta-tahun-2021.xlsx took 0.027 seconds
[2024-06-10T06:09:42.225+0000] {processor.py:161} INFO - Started process (PID=236) to work on /opt/airflow/dags/source/110.-jumlah-tindak-pidana-menurut-kepolisian-sektor-di-kota-yogyakarta-tahun-2021.xlsx
[2024-06-10T06:09:42.225+0000] {processor.py:830} INFO - Processing file /opt/airflow/dags/source/110.-jumlah-tindak-pidana-menurut-kepolisian-sektor-di-kota-yogyakarta-tahun-2021.xlsx for tasks to queue
[2024-06-10T06:09:42.227+0000] {logging_mixin.py:188} INFO - [2024-06-10T06:09:42.227+0000] {dagbag.py:545} INFO - Filling up the DagBag from /opt/airflow/dags/source/110.-jumlah-tindak-pidana-menurut-kepolisian-sektor-di-kota-yogyakarta-tahun-2021.xlsx
[2024-06-10T06:09:42.234+0000] {processor.py:842} WARNING - No viable dags retrieved from /opt/airflow/dags/source/110.-jumlah-tindak-pidana-menurut-kepolisian-sektor-di-kota-yogyakarta-tahun-2021.xlsx
[2024-06-10T06:09:42.244+0000] {processor.py:183} INFO - Processing /opt/airflow/dags/source/110.-jumlah-tindak-pidana-menurut-kepolisian-sektor-di-kota-yogyakarta-tahun-2021.xlsx took 0.025 seconds
[2024-06-10T06:10:12.891+0000] {processor.py:161} INFO - Started process (PID=248) to work on /opt/airflow/dags/source/110.-jumlah-tindak-pidana-menurut-kepolisian-sektor-di-kota-yogyakarta-tahun-2021.xlsx
[2024-06-10T06:10:12.891+0000] {processor.py:830} INFO - Processing file /opt/airflow/dags/source/110.-jumlah-tindak-pidana-menurut-kepolisian-sektor-di-kota-yogyakarta-tahun-2021.xlsx for tasks to queue
[2024-06-10T06:10:12.893+0000] {logging_mixin.py:188} INFO - [2024-06-10T06:10:12.893+0000] {dagbag.py:545} INFO - Filling up the DagBag from /opt/airflow/dags/source/110.-jumlah-tindak-pidana-menurut-kepolisian-sektor-di-kota-yogyakarta-tahun-2021.xlsx
[2024-06-10T06:10:12.902+0000] {processor.py:842} WARNING - No viable dags retrieved from /opt/airflow/dags/source/110.-jumlah-tindak-pidana-menurut-kepolisian-sektor-di-kota-yogyakarta-tahun-2021.xlsx
[2024-06-10T06:10:12.915+0000] {processor.py:183} INFO - Processing /opt/airflow/dags/source/110.-jumlah-tindak-pidana-menurut-kepolisian-sektor-di-kota-yogyakarta-tahun-2021.xlsx took 0.029 seconds
[2024-06-10T06:10:43.775+0000] {processor.py:161} INFO - Started process (PID=260) to work on /opt/airflow/dags/source/110.-jumlah-tindak-pidana-menurut-kepolisian-sektor-di-kota-yogyakarta-tahun-2021.xlsx
[2024-06-10T06:10:43.776+0000] {processor.py:830} INFO - Processing file /opt/airflow/dags/source/110.-jumlah-tindak-pidana-menurut-kepolisian-sektor-di-kota-yogyakarta-tahun-2021.xlsx for tasks to queue
[2024-06-10T06:10:43.777+0000] {logging_mixin.py:188} INFO - [2024-06-10T06:10:43.777+0000] {dagbag.py:545} INFO - Filling up the DagBag from /opt/airflow/dags/source/110.-jumlah-tindak-pidana-menurut-kepolisian-sektor-di-kota-yogyakarta-tahun-2021.xlsx
[2024-06-10T06:10:43.784+0000] {processor.py:842} WARNING - No viable dags retrieved from /opt/airflow/dags/source/110.-jumlah-tindak-pidana-menurut-kepolisian-sektor-di-kota-yogyakarta-tahun-2021.xlsx
[2024-06-10T06:10:43.794+0000] {processor.py:183} INFO - Processing /opt/airflow/dags/source/110.-jumlah-tindak-pidana-menurut-kepolisian-sektor-di-kota-yogyakarta-tahun-2021.xlsx took 0.023 seconds
[2024-06-10T06:11:14.748+0000] {processor.py:161} INFO - Started process (PID=272) to work on /opt/airflow/dags/source/110.-jumlah-tindak-pidana-menurut-kepolisian-sektor-di-kota-yogyakarta-tahun-2021.xlsx
[2024-06-10T06:11:14.749+0000] {processor.py:830} INFO - Processing file /opt/airflow/dags/source/110.-jumlah-tindak-pidana-menurut-kepolisian-sektor-di-kota-yogyakarta-tahun-2021.xlsx for tasks to queue
[2024-06-10T06:11:14.751+0000] {logging_mixin.py:188} INFO - [2024-06-10T06:11:14.751+0000] {dagbag.py:545} INFO - Filling up the DagBag from /opt/airflow/dags/source/110.-jumlah-tindak-pidana-menurut-kepolisian-sektor-di-kota-yogyakarta-tahun-2021.xlsx
[2024-06-10T06:11:14.762+0000] {processor.py:842} WARNING - No viable dags retrieved from /opt/airflow/dags/source/110.-jumlah-tindak-pidana-menurut-kepolisian-sektor-di-kota-yogyakarta-tahun-2021.xlsx
[2024-06-10T06:11:14.772+0000] {processor.py:183} INFO - Processing /opt/airflow/dags/source/110.-jumlah-tindak-pidana-menurut-kepolisian-sektor-di-kota-yogyakarta-tahun-2021.xlsx took 0.029 seconds
[2024-06-10T06:11:45.622+0000] {processor.py:161} INFO - Started process (PID=284) to work on /opt/airflow/dags/source/110.-jumlah-tindak-pidana-menurut-kepolisian-sektor-di-kota-yogyakarta-tahun-2021.xlsx
[2024-06-10T06:11:45.623+0000] {processor.py:830} INFO - Processing file /opt/airflow/dags/source/110.-jumlah-tindak-pidana-menurut-kepolisian-sektor-di-kota-yogyakarta-tahun-2021.xlsx for tasks to queue
[2024-06-10T06:11:45.626+0000] {logging_mixin.py:188} INFO - [2024-06-10T06:11:45.625+0000] {dagbag.py:545} INFO - Filling up the DagBag from /opt/airflow/dags/source/110.-jumlah-tindak-pidana-menurut-kepolisian-sektor-di-kota-yogyakarta-tahun-2021.xlsx
[2024-06-10T06:11:45.649+0000] {processor.py:842} WARNING - No viable dags retrieved from /opt/airflow/dags/source/110.-jumlah-tindak-pidana-menurut-kepolisian-sektor-di-kota-yogyakarta-tahun-2021.xlsx
[2024-06-10T06:11:45.661+0000] {processor.py:183} INFO - Processing /opt/airflow/dags/source/110.-jumlah-tindak-pidana-menurut-kepolisian-sektor-di-kota-yogyakarta-tahun-2021.xlsx took 0.045 seconds
[2024-06-10T06:12:16.521+0000] {processor.py:161} INFO - Started process (PID=296) to work on /opt/airflow/dags/source/110.-jumlah-tindak-pidana-menurut-kepolisian-sektor-di-kota-yogyakarta-tahun-2021.xlsx
[2024-06-10T06:12:16.523+0000] {processor.py:830} INFO - Processing file /opt/airflow/dags/source/110.-jumlah-tindak-pidana-menurut-kepolisian-sektor-di-kota-yogyakarta-tahun-2021.xlsx for tasks to queue
[2024-06-10T06:12:16.525+0000] {logging_mixin.py:188} INFO - [2024-06-10T06:12:16.525+0000] {dagbag.py:545} INFO - Filling up the DagBag from /opt/airflow/dags/source/110.-jumlah-tindak-pidana-menurut-kepolisian-sektor-di-kota-yogyakarta-tahun-2021.xlsx
[2024-06-10T06:12:16.546+0000] {processor.py:842} WARNING - No viable dags retrieved from /opt/airflow/dags/source/110.-jumlah-tindak-pidana-menurut-kepolisian-sektor-di-kota-yogyakarta-tahun-2021.xlsx
[2024-06-10T06:12:16.562+0000] {processor.py:183} INFO - Processing /opt/airflow/dags/source/110.-jumlah-tindak-pidana-menurut-kepolisian-sektor-di-kota-yogyakarta-tahun-2021.xlsx took 0.048 seconds
[2024-06-10T06:12:47.510+0000] {processor.py:161} INFO - Started process (PID=308) to work on /opt/airflow/dags/source/110.-jumlah-tindak-pidana-menurut-kepolisian-sektor-di-kota-yogyakarta-tahun-2021.xlsx
[2024-06-10T06:12:47.513+0000] {processor.py:830} INFO - Processing file /opt/airflow/dags/source/110.-jumlah-tindak-pidana-menurut-kepolisian-sektor-di-kota-yogyakarta-tahun-2021.xlsx for tasks to queue
[2024-06-10T06:12:47.517+0000] {logging_mixin.py:188} INFO - [2024-06-10T06:12:47.516+0000] {dagbag.py:545} INFO - Filling up the DagBag from /opt/airflow/dags/source/110.-jumlah-tindak-pidana-menurut-kepolisian-sektor-di-kota-yogyakarta-tahun-2021.xlsx
[2024-06-10T06:12:47.552+0000] {processor.py:842} WARNING - No viable dags retrieved from /opt/airflow/dags/source/110.-jumlah-tindak-pidana-menurut-kepolisian-sektor-di-kota-yogyakarta-tahun-2021.xlsx
[2024-06-10T06:12:47.583+0000] {processor.py:183} INFO - Processing /opt/airflow/dags/source/110.-jumlah-tindak-pidana-menurut-kepolisian-sektor-di-kota-yogyakarta-tahun-2021.xlsx took 0.084 seconds
[2024-06-10T06:13:18.415+0000] {processor.py:161} INFO - Started process (PID=320) to work on /opt/airflow/dags/source/110.-jumlah-tindak-pidana-menurut-kepolisian-sektor-di-kota-yogyakarta-tahun-2021.xlsx
[2024-06-10T06:13:18.421+0000] {processor.py:830} INFO - Processing file /opt/airflow/dags/source/110.-jumlah-tindak-pidana-menurut-kepolisian-sektor-di-kota-yogyakarta-tahun-2021.xlsx for tasks to queue
[2024-06-10T06:13:18.424+0000] {logging_mixin.py:188} INFO - [2024-06-10T06:13:18.424+0000] {dagbag.py:545} INFO - Filling up the DagBag from /opt/airflow/dags/source/110.-jumlah-tindak-pidana-menurut-kepolisian-sektor-di-kota-yogyakarta-tahun-2021.xlsx
[2024-06-10T06:13:18.438+0000] {processor.py:842} WARNING - No viable dags retrieved from /opt/airflow/dags/source/110.-jumlah-tindak-pidana-menurut-kepolisian-sektor-di-kota-yogyakarta-tahun-2021.xlsx
[2024-06-10T06:13:18.450+0000] {processor.py:183} INFO - Processing /opt/airflow/dags/source/110.-jumlah-tindak-pidana-menurut-kepolisian-sektor-di-kota-yogyakarta-tahun-2021.xlsx took 0.040 seconds
[2024-06-10T06:13:49.213+0000] {processor.py:161} INFO - Started process (PID=332) to work on /opt/airflow/dags/source/110.-jumlah-tindak-pidana-menurut-kepolisian-sektor-di-kota-yogyakarta-tahun-2021.xlsx
[2024-06-10T06:13:49.214+0000] {processor.py:830} INFO - Processing file /opt/airflow/dags/source/110.-jumlah-tindak-pidana-menurut-kepolisian-sektor-di-kota-yogyakarta-tahun-2021.xlsx for tasks to queue
[2024-06-10T06:13:49.216+0000] {logging_mixin.py:188} INFO - [2024-06-10T06:13:49.216+0000] {dagbag.py:545} INFO - Filling up the DagBag from /opt/airflow/dags/source/110.-jumlah-tindak-pidana-menurut-kepolisian-sektor-di-kota-yogyakarta-tahun-2021.xlsx
[2024-06-10T06:13:49.232+0000] {processor.py:842} WARNING - No viable dags retrieved from /opt/airflow/dags/source/110.-jumlah-tindak-pidana-menurut-kepolisian-sektor-di-kota-yogyakarta-tahun-2021.xlsx
[2024-06-10T06:13:49.241+0000] {processor.py:183} INFO - Processing /opt/airflow/dags/source/110.-jumlah-tindak-pidana-menurut-kepolisian-sektor-di-kota-yogyakarta-tahun-2021.xlsx took 0.032 seconds
[2024-06-10T06:14:20.010+0000] {processor.py:161} INFO - Started process (PID=344) to work on /opt/airflow/dags/source/110.-jumlah-tindak-pidana-menurut-kepolisian-sektor-di-kota-yogyakarta-tahun-2021.xlsx
[2024-06-10T06:14:20.012+0000] {processor.py:830} INFO - Processing file /opt/airflow/dags/source/110.-jumlah-tindak-pidana-menurut-kepolisian-sektor-di-kota-yogyakarta-tahun-2021.xlsx for tasks to queue
[2024-06-10T06:14:20.014+0000] {logging_mixin.py:188} INFO - [2024-06-10T06:14:20.014+0000] {dagbag.py:545} INFO - Filling up the DagBag from /opt/airflow/dags/source/110.-jumlah-tindak-pidana-menurut-kepolisian-sektor-di-kota-yogyakarta-tahun-2021.xlsx
[2024-06-10T06:14:20.028+0000] {processor.py:842} WARNING - No viable dags retrieved from /opt/airflow/dags/source/110.-jumlah-tindak-pidana-menurut-kepolisian-sektor-di-kota-yogyakarta-tahun-2021.xlsx
[2024-06-10T06:14:20.041+0000] {processor.py:183} INFO - Processing /opt/airflow/dags/source/110.-jumlah-tindak-pidana-menurut-kepolisian-sektor-di-kota-yogyakarta-tahun-2021.xlsx took 0.042 seconds
[2024-06-10T06:14:50.867+0000] {processor.py:161} INFO - Started process (PID=356) to work on /opt/airflow/dags/source/110.-jumlah-tindak-pidana-menurut-kepolisian-sektor-di-kota-yogyakarta-tahun-2021.xlsx
[2024-06-10T06:14:50.868+0000] {processor.py:830} INFO - Processing file /opt/airflow/dags/source/110.-jumlah-tindak-pidana-menurut-kepolisian-sektor-di-kota-yogyakarta-tahun-2021.xlsx for tasks to queue
[2024-06-10T06:14:50.870+0000] {logging_mixin.py:188} INFO - [2024-06-10T06:14:50.870+0000] {dagbag.py:545} INFO - Filling up the DagBag from /opt/airflow/dags/source/110.-jumlah-tindak-pidana-menurut-kepolisian-sektor-di-kota-yogyakarta-tahun-2021.xlsx
[2024-06-10T06:14:50.877+0000] {processor.py:842} WARNING - No viable dags retrieved from /opt/airflow/dags/source/110.-jumlah-tindak-pidana-menurut-kepolisian-sektor-di-kota-yogyakarta-tahun-2021.xlsx
[2024-06-10T06:14:50.898+0000] {processor.py:183} INFO - Processing /opt/airflow/dags/source/110.-jumlah-tindak-pidana-menurut-kepolisian-sektor-di-kota-yogyakarta-tahun-2021.xlsx took 0.036 seconds
[2024-06-10T06:15:21.695+0000] {processor.py:161} INFO - Started process (PID=367) to work on /opt/airflow/dags/source/110.-jumlah-tindak-pidana-menurut-kepolisian-sektor-di-kota-yogyakarta-tahun-2021.xlsx
[2024-06-10T06:15:21.696+0000] {processor.py:830} INFO - Processing file /opt/airflow/dags/source/110.-jumlah-tindak-pidana-menurut-kepolisian-sektor-di-kota-yogyakarta-tahun-2021.xlsx for tasks to queue
[2024-06-10T06:15:21.699+0000] {logging_mixin.py:188} INFO - [2024-06-10T06:15:21.698+0000] {dagbag.py:545} INFO - Filling up the DagBag from /opt/airflow/dags/source/110.-jumlah-tindak-pidana-menurut-kepolisian-sektor-di-kota-yogyakarta-tahun-2021.xlsx
[2024-06-10T06:15:21.708+0000] {processor.py:842} WARNING - No viable dags retrieved from /opt/airflow/dags/source/110.-jumlah-tindak-pidana-menurut-kepolisian-sektor-di-kota-yogyakarta-tahun-2021.xlsx
[2024-06-10T06:15:21.720+0000] {processor.py:183} INFO - Processing /opt/airflow/dags/source/110.-jumlah-tindak-pidana-menurut-kepolisian-sektor-di-kota-yogyakarta-tahun-2021.xlsx took 0.030 seconds
[2024-06-10T06:15:52.583+0000] {processor.py:161} INFO - Started process (PID=379) to work on /opt/airflow/dags/source/110.-jumlah-tindak-pidana-menurut-kepolisian-sektor-di-kota-yogyakarta-tahun-2021.xlsx
[2024-06-10T06:15:52.584+0000] {processor.py:830} INFO - Processing file /opt/airflow/dags/source/110.-jumlah-tindak-pidana-menurut-kepolisian-sektor-di-kota-yogyakarta-tahun-2021.xlsx for tasks to queue
[2024-06-10T06:15:52.586+0000] {logging_mixin.py:188} INFO - [2024-06-10T06:15:52.586+0000] {dagbag.py:545} INFO - Filling up the DagBag from /opt/airflow/dags/source/110.-jumlah-tindak-pidana-menurut-kepolisian-sektor-di-kota-yogyakarta-tahun-2021.xlsx
[2024-06-10T06:15:52.595+0000] {processor.py:842} WARNING - No viable dags retrieved from /opt/airflow/dags/source/110.-jumlah-tindak-pidana-menurut-kepolisian-sektor-di-kota-yogyakarta-tahun-2021.xlsx
[2024-06-10T06:15:52.605+0000] {processor.py:183} INFO - Processing /opt/airflow/dags/source/110.-jumlah-tindak-pidana-menurut-kepolisian-sektor-di-kota-yogyakarta-tahun-2021.xlsx took 0.027 seconds
[2024-06-10T06:16:22.674+0000] {processor.py:161} INFO - Started process (PID=391) to work on /opt/airflow/dags/source/110.-jumlah-tindak-pidana-menurut-kepolisian-sektor-di-kota-yogyakarta-tahun-2021.xlsx
[2024-06-10T06:16:22.675+0000] {processor.py:830} INFO - Processing file /opt/airflow/dags/source/110.-jumlah-tindak-pidana-menurut-kepolisian-sektor-di-kota-yogyakarta-tahun-2021.xlsx for tasks to queue
[2024-06-10T06:16:22.677+0000] {logging_mixin.py:188} INFO - [2024-06-10T06:16:22.677+0000] {dagbag.py:545} INFO - Filling up the DagBag from /opt/airflow/dags/source/110.-jumlah-tindak-pidana-menurut-kepolisian-sektor-di-kota-yogyakarta-tahun-2021.xlsx
[2024-06-10T06:16:22.689+0000] {processor.py:842} WARNING - No viable dags retrieved from /opt/airflow/dags/source/110.-jumlah-tindak-pidana-menurut-kepolisian-sektor-di-kota-yogyakarta-tahun-2021.xlsx
[2024-06-10T06:16:22.701+0000] {processor.py:183} INFO - Processing /opt/airflow/dags/source/110.-jumlah-tindak-pidana-menurut-kepolisian-sektor-di-kota-yogyakarta-tahun-2021.xlsx took 0.032 seconds
[2024-06-10T06:16:53.486+0000] {processor.py:161} INFO - Started process (PID=403) to work on /opt/airflow/dags/source/110.-jumlah-tindak-pidana-menurut-kepolisian-sektor-di-kota-yogyakarta-tahun-2021.xlsx
[2024-06-10T06:16:53.487+0000] {processor.py:830} INFO - Processing file /opt/airflow/dags/source/110.-jumlah-tindak-pidana-menurut-kepolisian-sektor-di-kota-yogyakarta-tahun-2021.xlsx for tasks to queue
[2024-06-10T06:16:53.489+0000] {logging_mixin.py:188} INFO - [2024-06-10T06:16:53.489+0000] {dagbag.py:545} INFO - Filling up the DagBag from /opt/airflow/dags/source/110.-jumlah-tindak-pidana-menurut-kepolisian-sektor-di-kota-yogyakarta-tahun-2021.xlsx
[2024-06-10T06:16:53.495+0000] {processor.py:842} WARNING - No viable dags retrieved from /opt/airflow/dags/source/110.-jumlah-tindak-pidana-menurut-kepolisian-sektor-di-kota-yogyakarta-tahun-2021.xlsx
[2024-06-10T06:16:53.506+0000] {processor.py:183} INFO - Processing /opt/airflow/dags/source/110.-jumlah-tindak-pidana-menurut-kepolisian-sektor-di-kota-yogyakarta-tahun-2021.xlsx took 0.026 seconds
[2024-06-10T06:17:24.382+0000] {processor.py:161} INFO - Started process (PID=415) to work on /opt/airflow/dags/source/110.-jumlah-tindak-pidana-menurut-kepolisian-sektor-di-kota-yogyakarta-tahun-2021.xlsx
[2024-06-10T06:17:24.383+0000] {processor.py:830} INFO - Processing file /opt/airflow/dags/source/110.-jumlah-tindak-pidana-menurut-kepolisian-sektor-di-kota-yogyakarta-tahun-2021.xlsx for tasks to queue
[2024-06-10T06:17:24.385+0000] {logging_mixin.py:188} INFO - [2024-06-10T06:17:24.385+0000] {dagbag.py:545} INFO - Filling up the DagBag from /opt/airflow/dags/source/110.-jumlah-tindak-pidana-menurut-kepolisian-sektor-di-kota-yogyakarta-tahun-2021.xlsx
[2024-06-10T06:17:24.394+0000] {processor.py:842} WARNING - No viable dags retrieved from /opt/airflow/dags/source/110.-jumlah-tindak-pidana-menurut-kepolisian-sektor-di-kota-yogyakarta-tahun-2021.xlsx
[2024-06-10T06:17:24.405+0000] {processor.py:183} INFO - Processing /opt/airflow/dags/source/110.-jumlah-tindak-pidana-menurut-kepolisian-sektor-di-kota-yogyakarta-tahun-2021.xlsx took 0.028 seconds
[2024-06-10T06:17:55.108+0000] {processor.py:161} INFO - Started process (PID=427) to work on /opt/airflow/dags/source/110.-jumlah-tindak-pidana-menurut-kepolisian-sektor-di-kota-yogyakarta-tahun-2021.xlsx
[2024-06-10T06:17:55.109+0000] {processor.py:830} INFO - Processing file /opt/airflow/dags/source/110.-jumlah-tindak-pidana-menurut-kepolisian-sektor-di-kota-yogyakarta-tahun-2021.xlsx for tasks to queue
[2024-06-10T06:17:55.111+0000] {logging_mixin.py:188} INFO - [2024-06-10T06:17:55.111+0000] {dagbag.py:545} INFO - Filling up the DagBag from /opt/airflow/dags/source/110.-jumlah-tindak-pidana-menurut-kepolisian-sektor-di-kota-yogyakarta-tahun-2021.xlsx
[2024-06-10T06:17:55.121+0000] {processor.py:842} WARNING - No viable dags retrieved from /opt/airflow/dags/source/110.-jumlah-tindak-pidana-menurut-kepolisian-sektor-di-kota-yogyakarta-tahun-2021.xlsx
[2024-06-10T06:17:55.133+0000] {processor.py:183} INFO - Processing /opt/airflow/dags/source/110.-jumlah-tindak-pidana-menurut-kepolisian-sektor-di-kota-yogyakarta-tahun-2021.xlsx took 0.031 seconds
[2024-06-10T06:18:25.862+0000] {processor.py:161} INFO - Started process (PID=445) to work on /opt/airflow/dags/source/110.-jumlah-tindak-pidana-menurut-kepolisian-sektor-di-kota-yogyakarta-tahun-2021.xlsx
[2024-06-10T06:18:25.863+0000] {processor.py:830} INFO - Processing file /opt/airflow/dags/source/110.-jumlah-tindak-pidana-menurut-kepolisian-sektor-di-kota-yogyakarta-tahun-2021.xlsx for tasks to queue
[2024-06-10T06:18:25.865+0000] {logging_mixin.py:188} INFO - [2024-06-10T06:18:25.865+0000] {dagbag.py:545} INFO - Filling up the DagBag from /opt/airflow/dags/source/110.-jumlah-tindak-pidana-menurut-kepolisian-sektor-di-kota-yogyakarta-tahun-2021.xlsx
[2024-06-10T06:18:25.877+0000] {processor.py:842} WARNING - No viable dags retrieved from /opt/airflow/dags/source/110.-jumlah-tindak-pidana-menurut-kepolisian-sektor-di-kota-yogyakarta-tahun-2021.xlsx
[2024-06-10T06:18:25.887+0000] {processor.py:183} INFO - Processing /opt/airflow/dags/source/110.-jumlah-tindak-pidana-menurut-kepolisian-sektor-di-kota-yogyakarta-tahun-2021.xlsx took 0.031 seconds
[2024-06-10T06:18:56.582+0000] {processor.py:161} INFO - Started process (PID=457) to work on /opt/airflow/dags/source/110.-jumlah-tindak-pidana-menurut-kepolisian-sektor-di-kota-yogyakarta-tahun-2021.xlsx
[2024-06-10T06:18:56.583+0000] {processor.py:830} INFO - Processing file /opt/airflow/dags/source/110.-jumlah-tindak-pidana-menurut-kepolisian-sektor-di-kota-yogyakarta-tahun-2021.xlsx for tasks to queue
[2024-06-10T06:18:56.585+0000] {logging_mixin.py:188} INFO - [2024-06-10T06:18:56.585+0000] {dagbag.py:545} INFO - Filling up the DagBag from /opt/airflow/dags/source/110.-jumlah-tindak-pidana-menurut-kepolisian-sektor-di-kota-yogyakarta-tahun-2021.xlsx
[2024-06-10T06:18:56.596+0000] {processor.py:842} WARNING - No viable dags retrieved from /opt/airflow/dags/source/110.-jumlah-tindak-pidana-menurut-kepolisian-sektor-di-kota-yogyakarta-tahun-2021.xlsx
[2024-06-10T06:18:56.609+0000] {processor.py:183} INFO - Processing /opt/airflow/dags/source/110.-jumlah-tindak-pidana-menurut-kepolisian-sektor-di-kota-yogyakarta-tahun-2021.xlsx took 0.032 seconds
[2024-06-10T06:19:27.407+0000] {processor.py:161} INFO - Started process (PID=468) to work on /opt/airflow/dags/source/110.-jumlah-tindak-pidana-menurut-kepolisian-sektor-di-kota-yogyakarta-tahun-2021.xlsx
[2024-06-10T06:19:27.408+0000] {processor.py:830} INFO - Processing file /opt/airflow/dags/source/110.-jumlah-tindak-pidana-menurut-kepolisian-sektor-di-kota-yogyakarta-tahun-2021.xlsx for tasks to queue
[2024-06-10T06:19:27.410+0000] {logging_mixin.py:188} INFO - [2024-06-10T06:19:27.410+0000] {dagbag.py:545} INFO - Filling up the DagBag from /opt/airflow/dags/source/110.-jumlah-tindak-pidana-menurut-kepolisian-sektor-di-kota-yogyakarta-tahun-2021.xlsx
[2024-06-10T06:19:27.420+0000] {processor.py:842} WARNING - No viable dags retrieved from /opt/airflow/dags/source/110.-jumlah-tindak-pidana-menurut-kepolisian-sektor-di-kota-yogyakarta-tahun-2021.xlsx
[2024-06-10T06:19:27.429+0000] {processor.py:183} INFO - Processing /opt/airflow/dags/source/110.-jumlah-tindak-pidana-menurut-kepolisian-sektor-di-kota-yogyakarta-tahun-2021.xlsx took 0.026 seconds
[2024-06-10T06:19:58.246+0000] {processor.py:161} INFO - Started process (PID=480) to work on /opt/airflow/dags/source/110.-jumlah-tindak-pidana-menurut-kepolisian-sektor-di-kota-yogyakarta-tahun-2021.xlsx
[2024-06-10T06:19:58.247+0000] {processor.py:830} INFO - Processing file /opt/airflow/dags/source/110.-jumlah-tindak-pidana-menurut-kepolisian-sektor-di-kota-yogyakarta-tahun-2021.xlsx for tasks to queue
[2024-06-10T06:19:58.248+0000] {logging_mixin.py:188} INFO - [2024-06-10T06:19:58.248+0000] {dagbag.py:545} INFO - Filling up the DagBag from /opt/airflow/dags/source/110.-jumlah-tindak-pidana-menurut-kepolisian-sektor-di-kota-yogyakarta-tahun-2021.xlsx
[2024-06-10T06:19:58.258+0000] {processor.py:842} WARNING - No viable dags retrieved from /opt/airflow/dags/source/110.-jumlah-tindak-pidana-menurut-kepolisian-sektor-di-kota-yogyakarta-tahun-2021.xlsx
[2024-06-10T06:19:58.270+0000] {processor.py:183} INFO - Processing /opt/airflow/dags/source/110.-jumlah-tindak-pidana-menurut-kepolisian-sektor-di-kota-yogyakarta-tahun-2021.xlsx took 0.029 seconds
[2024-06-10T06:20:29.107+0000] {processor.py:161} INFO - Started process (PID=492) to work on /opt/airflow/dags/source/110.-jumlah-tindak-pidana-menurut-kepolisian-sektor-di-kota-yogyakarta-tahun-2021.xlsx
[2024-06-10T06:20:29.108+0000] {processor.py:830} INFO - Processing file /opt/airflow/dags/source/110.-jumlah-tindak-pidana-menurut-kepolisian-sektor-di-kota-yogyakarta-tahun-2021.xlsx for tasks to queue
[2024-06-10T06:20:29.110+0000] {logging_mixin.py:188} INFO - [2024-06-10T06:20:29.110+0000] {dagbag.py:545} INFO - Filling up the DagBag from /opt/airflow/dags/source/110.-jumlah-tindak-pidana-menurut-kepolisian-sektor-di-kota-yogyakarta-tahun-2021.xlsx
[2024-06-10T06:20:29.128+0000] {processor.py:842} WARNING - No viable dags retrieved from /opt/airflow/dags/source/110.-jumlah-tindak-pidana-menurut-kepolisian-sektor-di-kota-yogyakarta-tahun-2021.xlsx
[2024-06-10T06:20:29.141+0000] {processor.py:183} INFO - Processing /opt/airflow/dags/source/110.-jumlah-tindak-pidana-menurut-kepolisian-sektor-di-kota-yogyakarta-tahun-2021.xlsx took 0.041 seconds
[2024-06-10T06:20:59.763+0000] {processor.py:161} INFO - Started process (PID=504) to work on /opt/airflow/dags/source/110.-jumlah-tindak-pidana-menurut-kepolisian-sektor-di-kota-yogyakarta-tahun-2021.xlsx
[2024-06-10T06:20:59.763+0000] {processor.py:830} INFO - Processing file /opt/airflow/dags/source/110.-jumlah-tindak-pidana-menurut-kepolisian-sektor-di-kota-yogyakarta-tahun-2021.xlsx for tasks to queue
[2024-06-10T06:20:59.765+0000] {logging_mixin.py:188} INFO - [2024-06-10T06:20:59.765+0000] {dagbag.py:545} INFO - Filling up the DagBag from /opt/airflow/dags/source/110.-jumlah-tindak-pidana-menurut-kepolisian-sektor-di-kota-yogyakarta-tahun-2021.xlsx
[2024-06-10T06:20:59.777+0000] {processor.py:842} WARNING - No viable dags retrieved from /opt/airflow/dags/source/110.-jumlah-tindak-pidana-menurut-kepolisian-sektor-di-kota-yogyakarta-tahun-2021.xlsx
[2024-06-10T06:20:59.786+0000] {processor.py:183} INFO - Processing /opt/airflow/dags/source/110.-jumlah-tindak-pidana-menurut-kepolisian-sektor-di-kota-yogyakarta-tahun-2021.xlsx took 0.028 seconds
[2024-06-10T06:21:30.871+0000] {processor.py:161} INFO - Started process (PID=517) to work on /opt/airflow/dags/source/110.-jumlah-tindak-pidana-menurut-kepolisian-sektor-di-kota-yogyakarta-tahun-2021.xlsx
[2024-06-10T06:21:30.872+0000] {processor.py:830} INFO - Processing file /opt/airflow/dags/source/110.-jumlah-tindak-pidana-menurut-kepolisian-sektor-di-kota-yogyakarta-tahun-2021.xlsx for tasks to queue
[2024-06-10T06:21:30.873+0000] {logging_mixin.py:188} INFO - [2024-06-10T06:21:30.873+0000] {dagbag.py:545} INFO - Filling up the DagBag from /opt/airflow/dags/source/110.-jumlah-tindak-pidana-menurut-kepolisian-sektor-di-kota-yogyakarta-tahun-2021.xlsx
[2024-06-10T06:21:30.885+0000] {processor.py:842} WARNING - No viable dags retrieved from /opt/airflow/dags/source/110.-jumlah-tindak-pidana-menurut-kepolisian-sektor-di-kota-yogyakarta-tahun-2021.xlsx
[2024-06-10T06:21:30.900+0000] {processor.py:183} INFO - Processing /opt/airflow/dags/source/110.-jumlah-tindak-pidana-menurut-kepolisian-sektor-di-kota-yogyakarta-tahun-2021.xlsx took 0.034 seconds
[2024-06-10T06:22:01.724+0000] {processor.py:161} INFO - Started process (PID=530) to work on /opt/airflow/dags/source/110.-jumlah-tindak-pidana-menurut-kepolisian-sektor-di-kota-yogyakarta-tahun-2021.xlsx
[2024-06-10T06:22:01.725+0000] {processor.py:830} INFO - Processing file /opt/airflow/dags/source/110.-jumlah-tindak-pidana-menurut-kepolisian-sektor-di-kota-yogyakarta-tahun-2021.xlsx for tasks to queue
[2024-06-10T06:22:01.726+0000] {logging_mixin.py:188} INFO - [2024-06-10T06:22:01.726+0000] {dagbag.py:545} INFO - Filling up the DagBag from /opt/airflow/dags/source/110.-jumlah-tindak-pidana-menurut-kepolisian-sektor-di-kota-yogyakarta-tahun-2021.xlsx
[2024-06-10T06:22:01.736+0000] {processor.py:842} WARNING - No viable dags retrieved from /opt/airflow/dags/source/110.-jumlah-tindak-pidana-menurut-kepolisian-sektor-di-kota-yogyakarta-tahun-2021.xlsx
[2024-06-10T06:22:01.746+0000] {processor.py:183} INFO - Processing /opt/airflow/dags/source/110.-jumlah-tindak-pidana-menurut-kepolisian-sektor-di-kota-yogyakarta-tahun-2021.xlsx took 0.026 seconds
[2024-06-10T06:22:32.534+0000] {processor.py:161} INFO - Started process (PID=543) to work on /opt/airflow/dags/source/110.-jumlah-tindak-pidana-menurut-kepolisian-sektor-di-kota-yogyakarta-tahun-2021.xlsx
[2024-06-10T06:22:32.535+0000] {processor.py:830} INFO - Processing file /opt/airflow/dags/source/110.-jumlah-tindak-pidana-menurut-kepolisian-sektor-di-kota-yogyakarta-tahun-2021.xlsx for tasks to queue
[2024-06-10T06:22:32.536+0000] {logging_mixin.py:188} INFO - [2024-06-10T06:22:32.536+0000] {dagbag.py:545} INFO - Filling up the DagBag from /opt/airflow/dags/source/110.-jumlah-tindak-pidana-menurut-kepolisian-sektor-di-kota-yogyakarta-tahun-2021.xlsx
[2024-06-10T06:22:32.549+0000] {processor.py:842} WARNING - No viable dags retrieved from /opt/airflow/dags/source/110.-jumlah-tindak-pidana-menurut-kepolisian-sektor-di-kota-yogyakarta-tahun-2021.xlsx
[2024-06-10T06:22:32.559+0000] {processor.py:183} INFO - Processing /opt/airflow/dags/source/110.-jumlah-tindak-pidana-menurut-kepolisian-sektor-di-kota-yogyakarta-tahun-2021.xlsx took 0.033 seconds
[2024-06-10T06:23:03.530+0000] {processor.py:161} INFO - Started process (PID=555) to work on /opt/airflow/dags/source/110.-jumlah-tindak-pidana-menurut-kepolisian-sektor-di-kota-yogyakarta-tahun-2021.xlsx
[2024-06-10T06:23:03.531+0000] {processor.py:830} INFO - Processing file /opt/airflow/dags/source/110.-jumlah-tindak-pidana-menurut-kepolisian-sektor-di-kota-yogyakarta-tahun-2021.xlsx for tasks to queue
[2024-06-10T06:23:03.532+0000] {logging_mixin.py:188} INFO - [2024-06-10T06:23:03.532+0000] {dagbag.py:545} INFO - Filling up the DagBag from /opt/airflow/dags/source/110.-jumlah-tindak-pidana-menurut-kepolisian-sektor-di-kota-yogyakarta-tahun-2021.xlsx
[2024-06-10T06:23:03.538+0000] {processor.py:842} WARNING - No viable dags retrieved from /opt/airflow/dags/source/110.-jumlah-tindak-pidana-menurut-kepolisian-sektor-di-kota-yogyakarta-tahun-2021.xlsx
[2024-06-10T06:23:03.547+0000] {processor.py:183} INFO - Processing /opt/airflow/dags/source/110.-jumlah-tindak-pidana-menurut-kepolisian-sektor-di-kota-yogyakarta-tahun-2021.xlsx took 0.021 seconds
[2024-06-10T06:23:34.462+0000] {processor.py:161} INFO - Started process (PID=568) to work on /opt/airflow/dags/source/110.-jumlah-tindak-pidana-menurut-kepolisian-sektor-di-kota-yogyakarta-tahun-2021.xlsx
[2024-06-10T06:23:34.463+0000] {processor.py:830} INFO - Processing file /opt/airflow/dags/source/110.-jumlah-tindak-pidana-menurut-kepolisian-sektor-di-kota-yogyakarta-tahun-2021.xlsx for tasks to queue
[2024-06-10T06:23:34.466+0000] {logging_mixin.py:188} INFO - [2024-06-10T06:23:34.465+0000] {dagbag.py:545} INFO - Filling up the DagBag from /opt/airflow/dags/source/110.-jumlah-tindak-pidana-menurut-kepolisian-sektor-di-kota-yogyakarta-tahun-2021.xlsx
[2024-06-10T06:23:34.493+0000] {processor.py:842} WARNING - No viable dags retrieved from /opt/airflow/dags/source/110.-jumlah-tindak-pidana-menurut-kepolisian-sektor-di-kota-yogyakarta-tahun-2021.xlsx
[2024-06-10T06:23:34.510+0000] {processor.py:183} INFO - Processing /opt/airflow/dags/source/110.-jumlah-tindak-pidana-menurut-kepolisian-sektor-di-kota-yogyakarta-tahun-2021.xlsx took 0.068 seconds
[2024-06-10T06:24:05.346+0000] {processor.py:161} INFO - Started process (PID=581) to work on /opt/airflow/dags/source/110.-jumlah-tindak-pidana-menurut-kepolisian-sektor-di-kota-yogyakarta-tahun-2021.xlsx
[2024-06-10T06:24:05.347+0000] {processor.py:830} INFO - Processing file /opt/airflow/dags/source/110.-jumlah-tindak-pidana-menurut-kepolisian-sektor-di-kota-yogyakarta-tahun-2021.xlsx for tasks to queue
[2024-06-10T06:24:05.348+0000] {logging_mixin.py:188} INFO - [2024-06-10T06:24:05.347+0000] {dagbag.py:545} INFO - Filling up the DagBag from /opt/airflow/dags/source/110.-jumlah-tindak-pidana-menurut-kepolisian-sektor-di-kota-yogyakarta-tahun-2021.xlsx
[2024-06-10T06:24:05.361+0000] {processor.py:842} WARNING - No viable dags retrieved from /opt/airflow/dags/source/110.-jumlah-tindak-pidana-menurut-kepolisian-sektor-di-kota-yogyakarta-tahun-2021.xlsx
[2024-06-10T06:24:05.378+0000] {processor.py:183} INFO - Processing /opt/airflow/dags/source/110.-jumlah-tindak-pidana-menurut-kepolisian-sektor-di-kota-yogyakarta-tahun-2021.xlsx took 0.037 seconds
[2024-06-10T06:24:36.192+0000] {processor.py:161} INFO - Started process (PID=594) to work on /opt/airflow/dags/source/110.-jumlah-tindak-pidana-menurut-kepolisian-sektor-di-kota-yogyakarta-tahun-2021.xlsx
[2024-06-10T06:24:36.193+0000] {processor.py:830} INFO - Processing file /opt/airflow/dags/source/110.-jumlah-tindak-pidana-menurut-kepolisian-sektor-di-kota-yogyakarta-tahun-2021.xlsx for tasks to queue
[2024-06-10T06:24:36.194+0000] {logging_mixin.py:188} INFO - [2024-06-10T06:24:36.194+0000] {dagbag.py:545} INFO - Filling up the DagBag from /opt/airflow/dags/source/110.-jumlah-tindak-pidana-menurut-kepolisian-sektor-di-kota-yogyakarta-tahun-2021.xlsx
[2024-06-10T06:24:36.201+0000] {processor.py:842} WARNING - No viable dags retrieved from /opt/airflow/dags/source/110.-jumlah-tindak-pidana-menurut-kepolisian-sektor-di-kota-yogyakarta-tahun-2021.xlsx
[2024-06-10T06:24:36.211+0000] {processor.py:183} INFO - Processing /opt/airflow/dags/source/110.-jumlah-tindak-pidana-menurut-kepolisian-sektor-di-kota-yogyakarta-tahun-2021.xlsx took 0.024 seconds
[2024-06-10T06:25:07.061+0000] {processor.py:161} INFO - Started process (PID=607) to work on /opt/airflow/dags/source/110.-jumlah-tindak-pidana-menurut-kepolisian-sektor-di-kota-yogyakarta-tahun-2021.xlsx
[2024-06-10T06:25:07.062+0000] {processor.py:830} INFO - Processing file /opt/airflow/dags/source/110.-jumlah-tindak-pidana-menurut-kepolisian-sektor-di-kota-yogyakarta-tahun-2021.xlsx for tasks to queue
[2024-06-10T06:25:07.063+0000] {logging_mixin.py:188} INFO - [2024-06-10T06:25:07.063+0000] {dagbag.py:545} INFO - Filling up the DagBag from /opt/airflow/dags/source/110.-jumlah-tindak-pidana-menurut-kepolisian-sektor-di-kota-yogyakarta-tahun-2021.xlsx
[2024-06-10T06:25:07.071+0000] {processor.py:842} WARNING - No viable dags retrieved from /opt/airflow/dags/source/110.-jumlah-tindak-pidana-menurut-kepolisian-sektor-di-kota-yogyakarta-tahun-2021.xlsx
[2024-06-10T06:25:07.084+0000] {processor.py:183} INFO - Processing /opt/airflow/dags/source/110.-jumlah-tindak-pidana-menurut-kepolisian-sektor-di-kota-yogyakarta-tahun-2021.xlsx took 0.028 seconds
[2024-06-10T06:25:37.841+0000] {processor.py:161} INFO - Started process (PID=620) to work on /opt/airflow/dags/source/110.-jumlah-tindak-pidana-menurut-kepolisian-sektor-di-kota-yogyakarta-tahun-2021.xlsx
[2024-06-10T06:25:37.842+0000] {processor.py:830} INFO - Processing file /opt/airflow/dags/source/110.-jumlah-tindak-pidana-menurut-kepolisian-sektor-di-kota-yogyakarta-tahun-2021.xlsx for tasks to queue
[2024-06-10T06:25:37.843+0000] {logging_mixin.py:188} INFO - [2024-06-10T06:25:37.843+0000] {dagbag.py:545} INFO - Filling up the DagBag from /opt/airflow/dags/source/110.-jumlah-tindak-pidana-menurut-kepolisian-sektor-di-kota-yogyakarta-tahun-2021.xlsx
[2024-06-10T06:25:37.849+0000] {processor.py:842} WARNING - No viable dags retrieved from /opt/airflow/dags/source/110.-jumlah-tindak-pidana-menurut-kepolisian-sektor-di-kota-yogyakarta-tahun-2021.xlsx
[2024-06-10T06:25:37.860+0000] {processor.py:183} INFO - Processing /opt/airflow/dags/source/110.-jumlah-tindak-pidana-menurut-kepolisian-sektor-di-kota-yogyakarta-tahun-2021.xlsx took 0.023 seconds
[2024-06-10T06:26:08.719+0000] {processor.py:161} INFO - Started process (PID=633) to work on /opt/airflow/dags/source/110.-jumlah-tindak-pidana-menurut-kepolisian-sektor-di-kota-yogyakarta-tahun-2021.xlsx
[2024-06-10T06:26:08.720+0000] {processor.py:830} INFO - Processing file /opt/airflow/dags/source/110.-jumlah-tindak-pidana-menurut-kepolisian-sektor-di-kota-yogyakarta-tahun-2021.xlsx for tasks to queue
[2024-06-10T06:26:08.721+0000] {logging_mixin.py:188} INFO - [2024-06-10T06:26:08.720+0000] {dagbag.py:545} INFO - Filling up the DagBag from /opt/airflow/dags/source/110.-jumlah-tindak-pidana-menurut-kepolisian-sektor-di-kota-yogyakarta-tahun-2021.xlsx
[2024-06-10T06:26:08.727+0000] {processor.py:842} WARNING - No viable dags retrieved from /opt/airflow/dags/source/110.-jumlah-tindak-pidana-menurut-kepolisian-sektor-di-kota-yogyakarta-tahun-2021.xlsx
[2024-06-10T06:26:08.736+0000] {processor.py:183} INFO - Processing /opt/airflow/dags/source/110.-jumlah-tindak-pidana-menurut-kepolisian-sektor-di-kota-yogyakarta-tahun-2021.xlsx took 0.022 seconds
[2024-06-10T06:26:39.522+0000] {processor.py:161} INFO - Started process (PID=646) to work on /opt/airflow/dags/source/110.-jumlah-tindak-pidana-menurut-kepolisian-sektor-di-kota-yogyakarta-tahun-2021.xlsx
[2024-06-10T06:26:39.522+0000] {processor.py:830} INFO - Processing file /opt/airflow/dags/source/110.-jumlah-tindak-pidana-menurut-kepolisian-sektor-di-kota-yogyakarta-tahun-2021.xlsx for tasks to queue
[2024-06-10T06:26:39.523+0000] {logging_mixin.py:188} INFO - [2024-06-10T06:26:39.523+0000] {dagbag.py:545} INFO - Filling up the DagBag from /opt/airflow/dags/source/110.-jumlah-tindak-pidana-menurut-kepolisian-sektor-di-kota-yogyakarta-tahun-2021.xlsx
[2024-06-10T06:26:39.529+0000] {processor.py:842} WARNING - No viable dags retrieved from /opt/airflow/dags/source/110.-jumlah-tindak-pidana-menurut-kepolisian-sektor-di-kota-yogyakarta-tahun-2021.xlsx
[2024-06-10T06:26:39.539+0000] {processor.py:183} INFO - Processing /opt/airflow/dags/source/110.-jumlah-tindak-pidana-menurut-kepolisian-sektor-di-kota-yogyakarta-tahun-2021.xlsx took 0.022 seconds
[2024-06-10T06:27:10.327+0000] {processor.py:161} INFO - Started process (PID=659) to work on /opt/airflow/dags/source/110.-jumlah-tindak-pidana-menurut-kepolisian-sektor-di-kota-yogyakarta-tahun-2021.xlsx
[2024-06-10T06:27:10.328+0000] {processor.py:830} INFO - Processing file /opt/airflow/dags/source/110.-jumlah-tindak-pidana-menurut-kepolisian-sektor-di-kota-yogyakarta-tahun-2021.xlsx for tasks to queue
[2024-06-10T06:27:10.329+0000] {logging_mixin.py:188} INFO - [2024-06-10T06:27:10.329+0000] {dagbag.py:545} INFO - Filling up the DagBag from /opt/airflow/dags/source/110.-jumlah-tindak-pidana-menurut-kepolisian-sektor-di-kota-yogyakarta-tahun-2021.xlsx
[2024-06-10T06:27:10.335+0000] {processor.py:842} WARNING - No viable dags retrieved from /opt/airflow/dags/source/110.-jumlah-tindak-pidana-menurut-kepolisian-sektor-di-kota-yogyakarta-tahun-2021.xlsx
[2024-06-10T06:27:10.345+0000] {processor.py:183} INFO - Processing /opt/airflow/dags/source/110.-jumlah-tindak-pidana-menurut-kepolisian-sektor-di-kota-yogyakarta-tahun-2021.xlsx took 0.022 seconds
[2024-06-10T06:27:41.054+0000] {processor.py:161} INFO - Started process (PID=672) to work on /opt/airflow/dags/source/110.-jumlah-tindak-pidana-menurut-kepolisian-sektor-di-kota-yogyakarta-tahun-2021.xlsx
[2024-06-10T06:27:41.055+0000] {processor.py:830} INFO - Processing file /opt/airflow/dags/source/110.-jumlah-tindak-pidana-menurut-kepolisian-sektor-di-kota-yogyakarta-tahun-2021.xlsx for tasks to queue
[2024-06-10T06:27:41.056+0000] {logging_mixin.py:188} INFO - [2024-06-10T06:27:41.056+0000] {dagbag.py:545} INFO - Filling up the DagBag from /opt/airflow/dags/source/110.-jumlah-tindak-pidana-menurut-kepolisian-sektor-di-kota-yogyakarta-tahun-2021.xlsx
[2024-06-10T06:27:41.064+0000] {processor.py:842} WARNING - No viable dags retrieved from /opt/airflow/dags/source/110.-jumlah-tindak-pidana-menurut-kepolisian-sektor-di-kota-yogyakarta-tahun-2021.xlsx
[2024-06-10T06:27:41.075+0000] {processor.py:183} INFO - Processing /opt/airflow/dags/source/110.-jumlah-tindak-pidana-menurut-kepolisian-sektor-di-kota-yogyakarta-tahun-2021.xlsx took 0.025 seconds
[2024-06-10T06:28:11.926+0000] {processor.py:161} INFO - Started process (PID=685) to work on /opt/airflow/dags/source/110.-jumlah-tindak-pidana-menurut-kepolisian-sektor-di-kota-yogyakarta-tahun-2021.xlsx
[2024-06-10T06:28:11.927+0000] {processor.py:830} INFO - Processing file /opt/airflow/dags/source/110.-jumlah-tindak-pidana-menurut-kepolisian-sektor-di-kota-yogyakarta-tahun-2021.xlsx for tasks to queue
[2024-06-10T06:28:11.928+0000] {logging_mixin.py:188} INFO - [2024-06-10T06:28:11.927+0000] {dagbag.py:545} INFO - Filling up the DagBag from /opt/airflow/dags/source/110.-jumlah-tindak-pidana-menurut-kepolisian-sektor-di-kota-yogyakarta-tahun-2021.xlsx
[2024-06-10T06:28:11.948+0000] {processor.py:842} WARNING - No viable dags retrieved from /opt/airflow/dags/source/110.-jumlah-tindak-pidana-menurut-kepolisian-sektor-di-kota-yogyakarta-tahun-2021.xlsx
[2024-06-10T06:28:11.959+0000] {processor.py:183} INFO - Processing /opt/airflow/dags/source/110.-jumlah-tindak-pidana-menurut-kepolisian-sektor-di-kota-yogyakarta-tahun-2021.xlsx took 0.038 seconds
[2024-06-10T06:28:42.868+0000] {processor.py:161} INFO - Started process (PID=698) to work on /opt/airflow/dags/source/110.-jumlah-tindak-pidana-menurut-kepolisian-sektor-di-kota-yogyakarta-tahun-2021.xlsx
[2024-06-10T06:28:42.869+0000] {processor.py:830} INFO - Processing file /opt/airflow/dags/source/110.-jumlah-tindak-pidana-menurut-kepolisian-sektor-di-kota-yogyakarta-tahun-2021.xlsx for tasks to queue
[2024-06-10T06:28:42.870+0000] {logging_mixin.py:188} INFO - [2024-06-10T06:28:42.870+0000] {dagbag.py:545} INFO - Filling up the DagBag from /opt/airflow/dags/source/110.-jumlah-tindak-pidana-menurut-kepolisian-sektor-di-kota-yogyakarta-tahun-2021.xlsx
[2024-06-10T06:28:42.889+0000] {processor.py:842} WARNING - No viable dags retrieved from /opt/airflow/dags/source/110.-jumlah-tindak-pidana-menurut-kepolisian-sektor-di-kota-yogyakarta-tahun-2021.xlsx
[2024-06-10T06:28:42.901+0000] {processor.py:183} INFO - Processing /opt/airflow/dags/source/110.-jumlah-tindak-pidana-menurut-kepolisian-sektor-di-kota-yogyakarta-tahun-2021.xlsx took 0.038 seconds
[2024-06-10T06:29:13.690+0000] {processor.py:161} INFO - Started process (PID=712) to work on /opt/airflow/dags/source/110.-jumlah-tindak-pidana-menurut-kepolisian-sektor-di-kota-yogyakarta-tahun-2021.xlsx
[2024-06-10T06:29:13.690+0000] {processor.py:830} INFO - Processing file /opt/airflow/dags/source/110.-jumlah-tindak-pidana-menurut-kepolisian-sektor-di-kota-yogyakarta-tahun-2021.xlsx for tasks to queue
[2024-06-10T06:29:13.691+0000] {logging_mixin.py:188} INFO - [2024-06-10T06:29:13.691+0000] {dagbag.py:545} INFO - Filling up the DagBag from /opt/airflow/dags/source/110.-jumlah-tindak-pidana-menurut-kepolisian-sektor-di-kota-yogyakarta-tahun-2021.xlsx
[2024-06-10T06:29:13.697+0000] {processor.py:842} WARNING - No viable dags retrieved from /opt/airflow/dags/source/110.-jumlah-tindak-pidana-menurut-kepolisian-sektor-di-kota-yogyakarta-tahun-2021.xlsx
[2024-06-10T06:29:13.707+0000] {processor.py:183} INFO - Processing /opt/airflow/dags/source/110.-jumlah-tindak-pidana-menurut-kepolisian-sektor-di-kota-yogyakarta-tahun-2021.xlsx took 0.022 seconds
[2024-06-10T06:29:44.612+0000] {processor.py:161} INFO - Started process (PID=725) to work on /opt/airflow/dags/source/110.-jumlah-tindak-pidana-menurut-kepolisian-sektor-di-kota-yogyakarta-tahun-2021.xlsx
[2024-06-10T06:29:44.612+0000] {processor.py:830} INFO - Processing file /opt/airflow/dags/source/110.-jumlah-tindak-pidana-menurut-kepolisian-sektor-di-kota-yogyakarta-tahun-2021.xlsx for tasks to queue
[2024-06-10T06:29:44.613+0000] {logging_mixin.py:188} INFO - [2024-06-10T06:29:44.613+0000] {dagbag.py:545} INFO - Filling up the DagBag from /opt/airflow/dags/source/110.-jumlah-tindak-pidana-menurut-kepolisian-sektor-di-kota-yogyakarta-tahun-2021.xlsx
[2024-06-10T06:29:44.620+0000] {processor.py:842} WARNING - No viable dags retrieved from /opt/airflow/dags/source/110.-jumlah-tindak-pidana-menurut-kepolisian-sektor-di-kota-yogyakarta-tahun-2021.xlsx
[2024-06-10T06:29:44.631+0000] {processor.py:183} INFO - Processing /opt/airflow/dags/source/110.-jumlah-tindak-pidana-menurut-kepolisian-sektor-di-kota-yogyakarta-tahun-2021.xlsx took 0.025 seconds
[2024-06-10T06:30:15.576+0000] {processor.py:161} INFO - Started process (PID=738) to work on /opt/airflow/dags/source/110.-jumlah-tindak-pidana-menurut-kepolisian-sektor-di-kota-yogyakarta-tahun-2021.xlsx
[2024-06-10T06:30:15.577+0000] {processor.py:830} INFO - Processing file /opt/airflow/dags/source/110.-jumlah-tindak-pidana-menurut-kepolisian-sektor-di-kota-yogyakarta-tahun-2021.xlsx for tasks to queue
[2024-06-10T06:30:15.578+0000] {logging_mixin.py:188} INFO - [2024-06-10T06:30:15.578+0000] {dagbag.py:545} INFO - Filling up the DagBag from /opt/airflow/dags/source/110.-jumlah-tindak-pidana-menurut-kepolisian-sektor-di-kota-yogyakarta-tahun-2021.xlsx
[2024-06-10T06:30:15.592+0000] {processor.py:842} WARNING - No viable dags retrieved from /opt/airflow/dags/source/110.-jumlah-tindak-pidana-menurut-kepolisian-sektor-di-kota-yogyakarta-tahun-2021.xlsx
[2024-06-10T06:30:15.601+0000] {processor.py:183} INFO - Processing /opt/airflow/dags/source/110.-jumlah-tindak-pidana-menurut-kepolisian-sektor-di-kota-yogyakarta-tahun-2021.xlsx took 0.030 seconds
[2024-06-10T06:30:46.381+0000] {processor.py:161} INFO - Started process (PID=751) to work on /opt/airflow/dags/source/110.-jumlah-tindak-pidana-menurut-kepolisian-sektor-di-kota-yogyakarta-tahun-2021.xlsx
[2024-06-10T06:30:46.382+0000] {processor.py:830} INFO - Processing file /opt/airflow/dags/source/110.-jumlah-tindak-pidana-menurut-kepolisian-sektor-di-kota-yogyakarta-tahun-2021.xlsx for tasks to queue
[2024-06-10T06:30:46.383+0000] {logging_mixin.py:188} INFO - [2024-06-10T06:30:46.382+0000] {dagbag.py:545} INFO - Filling up the DagBag from /opt/airflow/dags/source/110.-jumlah-tindak-pidana-menurut-kepolisian-sektor-di-kota-yogyakarta-tahun-2021.xlsx
[2024-06-10T06:30:46.389+0000] {processor.py:842} WARNING - No viable dags retrieved from /opt/airflow/dags/source/110.-jumlah-tindak-pidana-menurut-kepolisian-sektor-di-kota-yogyakarta-tahun-2021.xlsx
[2024-06-10T06:30:46.399+0000] {processor.py:183} INFO - Processing /opt/airflow/dags/source/110.-jumlah-tindak-pidana-menurut-kepolisian-sektor-di-kota-yogyakarta-tahun-2021.xlsx took 0.022 seconds
[2024-06-10T06:31:17.441+0000] {processor.py:161} INFO - Started process (PID=764) to work on /opt/airflow/dags/source/110.-jumlah-tindak-pidana-menurut-kepolisian-sektor-di-kota-yogyakarta-tahun-2021.xlsx
[2024-06-10T06:31:17.442+0000] {processor.py:830} INFO - Processing file /opt/airflow/dags/source/110.-jumlah-tindak-pidana-menurut-kepolisian-sektor-di-kota-yogyakarta-tahun-2021.xlsx for tasks to queue
[2024-06-10T06:31:17.443+0000] {logging_mixin.py:188} INFO - [2024-06-10T06:31:17.443+0000] {dagbag.py:545} INFO - Filling up the DagBag from /opt/airflow/dags/source/110.-jumlah-tindak-pidana-menurut-kepolisian-sektor-di-kota-yogyakarta-tahun-2021.xlsx
[2024-06-10T06:31:17.453+0000] {processor.py:842} WARNING - No viable dags retrieved from /opt/airflow/dags/source/110.-jumlah-tindak-pidana-menurut-kepolisian-sektor-di-kota-yogyakarta-tahun-2021.xlsx
[2024-06-10T06:31:17.465+0000] {processor.py:183} INFO - Processing /opt/airflow/dags/source/110.-jumlah-tindak-pidana-menurut-kepolisian-sektor-di-kota-yogyakarta-tahun-2021.xlsx took 0.029 seconds
[2024-06-10T06:31:48.451+0000] {processor.py:161} INFO - Started process (PID=777) to work on /opt/airflow/dags/source/110.-jumlah-tindak-pidana-menurut-kepolisian-sektor-di-kota-yogyakarta-tahun-2021.xlsx
[2024-06-10T06:31:48.452+0000] {processor.py:830} INFO - Processing file /opt/airflow/dags/source/110.-jumlah-tindak-pidana-menurut-kepolisian-sektor-di-kota-yogyakarta-tahun-2021.xlsx for tasks to queue
[2024-06-10T06:31:48.453+0000] {logging_mixin.py:188} INFO - [2024-06-10T06:31:48.453+0000] {dagbag.py:545} INFO - Filling up the DagBag from /opt/airflow/dags/source/110.-jumlah-tindak-pidana-menurut-kepolisian-sektor-di-kota-yogyakarta-tahun-2021.xlsx
[2024-06-10T06:31:48.459+0000] {processor.py:842} WARNING - No viable dags retrieved from /opt/airflow/dags/source/110.-jumlah-tindak-pidana-menurut-kepolisian-sektor-di-kota-yogyakarta-tahun-2021.xlsx
[2024-06-10T06:31:48.471+0000] {processor.py:183} INFO - Processing /opt/airflow/dags/source/110.-jumlah-tindak-pidana-menurut-kepolisian-sektor-di-kota-yogyakarta-tahun-2021.xlsx took 0.024 seconds
[2024-06-10T06:32:19.440+0000] {processor.py:161} INFO - Started process (PID=790) to work on /opt/airflow/dags/source/110.-jumlah-tindak-pidana-menurut-kepolisian-sektor-di-kota-yogyakarta-tahun-2021.xlsx
[2024-06-10T06:32:19.440+0000] {processor.py:830} INFO - Processing file /opt/airflow/dags/source/110.-jumlah-tindak-pidana-menurut-kepolisian-sektor-di-kota-yogyakarta-tahun-2021.xlsx for tasks to queue
[2024-06-10T06:32:19.442+0000] {logging_mixin.py:188} INFO - [2024-06-10T06:32:19.442+0000] {dagbag.py:545} INFO - Filling up the DagBag from /opt/airflow/dags/source/110.-jumlah-tindak-pidana-menurut-kepolisian-sektor-di-kota-yogyakarta-tahun-2021.xlsx
[2024-06-10T06:32:19.450+0000] {processor.py:842} WARNING - No viable dags retrieved from /opt/airflow/dags/source/110.-jumlah-tindak-pidana-menurut-kepolisian-sektor-di-kota-yogyakarta-tahun-2021.xlsx
[2024-06-10T06:32:19.459+0000] {processor.py:183} INFO - Processing /opt/airflow/dags/source/110.-jumlah-tindak-pidana-menurut-kepolisian-sektor-di-kota-yogyakarta-tahun-2021.xlsx took 0.024 seconds
[2024-06-10T06:32:50.309+0000] {processor.py:161} INFO - Started process (PID=803) to work on /opt/airflow/dags/source/110.-jumlah-tindak-pidana-menurut-kepolisian-sektor-di-kota-yogyakarta-tahun-2021.xlsx
[2024-06-10T06:32:50.309+0000] {processor.py:830} INFO - Processing file /opt/airflow/dags/source/110.-jumlah-tindak-pidana-menurut-kepolisian-sektor-di-kota-yogyakarta-tahun-2021.xlsx for tasks to queue
[2024-06-10T06:32:50.310+0000] {logging_mixin.py:188} INFO - [2024-06-10T06:32:50.310+0000] {dagbag.py:545} INFO - Filling up the DagBag from /opt/airflow/dags/source/110.-jumlah-tindak-pidana-menurut-kepolisian-sektor-di-kota-yogyakarta-tahun-2021.xlsx
[2024-06-10T06:32:50.318+0000] {processor.py:842} WARNING - No viable dags retrieved from /opt/airflow/dags/source/110.-jumlah-tindak-pidana-menurut-kepolisian-sektor-di-kota-yogyakarta-tahun-2021.xlsx
[2024-06-10T06:32:50.328+0000] {processor.py:183} INFO - Processing /opt/airflow/dags/source/110.-jumlah-tindak-pidana-menurut-kepolisian-sektor-di-kota-yogyakarta-tahun-2021.xlsx took 0.025 seconds
[2024-06-10T06:33:21.368+0000] {processor.py:161} INFO - Started process (PID=816) to work on /opt/airflow/dags/source/110.-jumlah-tindak-pidana-menurut-kepolisian-sektor-di-kota-yogyakarta-tahun-2021.xlsx
[2024-06-10T06:33:21.369+0000] {processor.py:830} INFO - Processing file /opt/airflow/dags/source/110.-jumlah-tindak-pidana-menurut-kepolisian-sektor-di-kota-yogyakarta-tahun-2021.xlsx for tasks to queue
[2024-06-10T06:33:21.370+0000] {logging_mixin.py:188} INFO - [2024-06-10T06:33:21.369+0000] {dagbag.py:545} INFO - Filling up the DagBag from /opt/airflow/dags/source/110.-jumlah-tindak-pidana-menurut-kepolisian-sektor-di-kota-yogyakarta-tahun-2021.xlsx
[2024-06-10T06:33:21.375+0000] {processor.py:842} WARNING - No viable dags retrieved from /opt/airflow/dags/source/110.-jumlah-tindak-pidana-menurut-kepolisian-sektor-di-kota-yogyakarta-tahun-2021.xlsx
[2024-06-10T06:33:21.385+0000] {processor.py:183} INFO - Processing /opt/airflow/dags/source/110.-jumlah-tindak-pidana-menurut-kepolisian-sektor-di-kota-yogyakarta-tahun-2021.xlsx took 0.022 seconds
[2024-06-10T06:33:52.201+0000] {processor.py:161} INFO - Started process (PID=829) to work on /opt/airflow/dags/source/110.-jumlah-tindak-pidana-menurut-kepolisian-sektor-di-kota-yogyakarta-tahun-2021.xlsx
[2024-06-10T06:33:52.202+0000] {processor.py:830} INFO - Processing file /opt/airflow/dags/source/110.-jumlah-tindak-pidana-menurut-kepolisian-sektor-di-kota-yogyakarta-tahun-2021.xlsx for tasks to queue
[2024-06-10T06:33:52.203+0000] {logging_mixin.py:188} INFO - [2024-06-10T06:33:52.203+0000] {dagbag.py:545} INFO - Filling up the DagBag from /opt/airflow/dags/source/110.-jumlah-tindak-pidana-menurut-kepolisian-sektor-di-kota-yogyakarta-tahun-2021.xlsx
[2024-06-10T06:33:52.213+0000] {processor.py:842} WARNING - No viable dags retrieved from /opt/airflow/dags/source/110.-jumlah-tindak-pidana-menurut-kepolisian-sektor-di-kota-yogyakarta-tahun-2021.xlsx
[2024-06-10T06:33:52.223+0000] {processor.py:183} INFO - Processing /opt/airflow/dags/source/110.-jumlah-tindak-pidana-menurut-kepolisian-sektor-di-kota-yogyakarta-tahun-2021.xlsx took 0.028 seconds
[2024-06-10T06:34:23.062+0000] {processor.py:161} INFO - Started process (PID=842) to work on /opt/airflow/dags/source/110.-jumlah-tindak-pidana-menurut-kepolisian-sektor-di-kota-yogyakarta-tahun-2021.xlsx
[2024-06-10T06:34:23.063+0000] {processor.py:830} INFO - Processing file /opt/airflow/dags/source/110.-jumlah-tindak-pidana-menurut-kepolisian-sektor-di-kota-yogyakarta-tahun-2021.xlsx for tasks to queue
[2024-06-10T06:34:23.064+0000] {logging_mixin.py:188} INFO - [2024-06-10T06:34:23.064+0000] {dagbag.py:545} INFO - Filling up the DagBag from /opt/airflow/dags/source/110.-jumlah-tindak-pidana-menurut-kepolisian-sektor-di-kota-yogyakarta-tahun-2021.xlsx
[2024-06-10T06:34:23.075+0000] {processor.py:842} WARNING - No viable dags retrieved from /opt/airflow/dags/source/110.-jumlah-tindak-pidana-menurut-kepolisian-sektor-di-kota-yogyakarta-tahun-2021.xlsx
[2024-06-10T06:34:23.086+0000] {processor.py:183} INFO - Processing /opt/airflow/dags/source/110.-jumlah-tindak-pidana-menurut-kepolisian-sektor-di-kota-yogyakarta-tahun-2021.xlsx took 0.030 seconds
[2024-06-10T06:34:54.000+0000] {processor.py:161} INFO - Started process (PID=855) to work on /opt/airflow/dags/source/110.-jumlah-tindak-pidana-menurut-kepolisian-sektor-di-kota-yogyakarta-tahun-2021.xlsx
[2024-06-10T06:34:54.001+0000] {processor.py:830} INFO - Processing file /opt/airflow/dags/source/110.-jumlah-tindak-pidana-menurut-kepolisian-sektor-di-kota-yogyakarta-tahun-2021.xlsx for tasks to queue
[2024-06-10T06:34:54.002+0000] {logging_mixin.py:188} INFO - [2024-06-10T06:34:54.002+0000] {dagbag.py:545} INFO - Filling up the DagBag from /opt/airflow/dags/source/110.-jumlah-tindak-pidana-menurut-kepolisian-sektor-di-kota-yogyakarta-tahun-2021.xlsx
[2024-06-10T06:34:54.010+0000] {processor.py:842} WARNING - No viable dags retrieved from /opt/airflow/dags/source/110.-jumlah-tindak-pidana-menurut-kepolisian-sektor-di-kota-yogyakarta-tahun-2021.xlsx
[2024-06-10T06:34:54.022+0000] {processor.py:183} INFO - Processing /opt/airflow/dags/source/110.-jumlah-tindak-pidana-menurut-kepolisian-sektor-di-kota-yogyakarta-tahun-2021.xlsx took 0.027 seconds
