[2024-05-23T16:08:47.731+0000] {local_task_job_runner.py:120} INFO - ::group::Pre task execution logs
[2024-05-23T16:08:47.751+0000] {taskinstance.py:2076} INFO - Dependencies all met for dep_context=non-requeueable deps ti=<TaskInstance: csv_copy_dag.copy_csv manual__2024-05-23T16:08:46.764589+00:00 [queued]>
[2024-05-23T16:08:47.759+0000] {taskinstance.py:2076} INFO - Dependencies all met for dep_context=requeueable deps ti=<TaskInstance: csv_copy_dag.copy_csv manual__2024-05-23T16:08:46.764589+00:00 [queued]>
[2024-05-23T16:08:47.760+0000] {taskinstance.py:2306} INFO - Starting attempt 1 of 2
[2024-05-23T16:08:47.776+0000] {taskinstance.py:2330} INFO - Executing <Task(PythonOperator): copy_csv> on 2024-05-23 16:08:46.764589+00:00
[2024-05-23T16:08:47.782+0000] {warnings.py:110} WARNING - /home/***/.local/lib/python3.12/site-packages/***/task/task_runner/standard_task_runner.py:61: DeprecationWarning: This process (pid=108) is multi-threaded, use of fork() may lead to deadlocks in the child.
  pid = os.fork()

[2024-05-23T16:08:47.784+0000] {standard_task_runner.py:63} INFO - Started process 109 to run task
[2024-05-23T16:08:47.783+0000] {standard_task_runner.py:90} INFO - Running: ['***', 'tasks', 'run', 'csv_copy_dag', 'copy_csv', 'manual__2024-05-23T16:08:46.764589+00:00', '--job-id', '41', '--raw', '--subdir', 'DAGS_FOLDER/csv_copy_dag.py', '--cfg-path', '/tmp/tmpj9ujbxz1']
[2024-05-23T16:08:47.784+0000] {standard_task_runner.py:91} INFO - Job 41: Subtask copy_csv
[2024-05-23T16:08:47.825+0000] {task_command.py:426} INFO - Running <TaskInstance: csv_copy_dag.copy_csv manual__2024-05-23T16:08:46.764589+00:00 [running]> on host e6328d9852f4
[2024-05-23T16:08:47.909+0000] {taskinstance.py:2648} INFO - Exporting env vars: AIRFLOW_CTX_DAG_OWNER='***' AIRFLOW_CTX_DAG_ID='csv_copy_dag' AIRFLOW_CTX_TASK_ID='copy_csv' AIRFLOW_CTX_EXECUTION_DATE='2024-05-23T16:08:46.764589+00:00' AIRFLOW_CTX_TRY_NUMBER='1' AIRFLOW_CTX_DAG_RUN_ID='manual__2024-05-23T16:08:46.764589+00:00'
[2024-05-23T16:08:47.910+0000] {taskinstance.py:430} INFO - ::endgroup::
[2024-05-23T16:08:47.936+0000] {logging_mixin.py:188} INFO - Copied /opt/***/dags/source/sample.csv to /opt/***/dags/destination/sample.csv
[2024-05-23T16:08:47.937+0000] {python.py:237} INFO - Done. Returned value was: None
[2024-05-23T16:08:47.938+0000] {taskinstance.py:441} INFO - ::group::Post task execution logs
[2024-05-23T16:08:47.946+0000] {taskinstance.py:1206} INFO - Marking task as SUCCESS. dag_id=csv_copy_dag, task_id=copy_csv, run_id=manual__2024-05-23T16:08:46.764589+00:00, execution_date=20240523T160846, start_date=20240523T160847, end_date=20240523T160847
[2024-05-23T16:08:47.998+0000] {local_task_job_runner.py:240} INFO - Task exited with return code 0
[2024-05-23T16:08:48.013+0000] {taskinstance.py:3498} INFO - 0 downstream tasks scheduled from follow-on schedule check
[2024-05-23T16:08:48.015+0000] {local_task_job_runner.py:222} INFO - ::endgroup::
