[2024-05-26T16:40:59.821+0000] {local_task_job_runner.py:120} INFO - ::group::Pre task execution logs
[2024-05-26T16:40:59.834+0000] {taskinstance.py:2076} INFO - Dependencies all met for dep_context=non-requeueable deps ti=<TaskInstance: copy_csv_to_minio.upload_files_to_minio manual__2024-05-26T16:40:58.306048+00:00 [queued]>
[2024-05-26T16:40:59.842+0000] {taskinstance.py:2076} INFO - Dependencies all met for dep_context=requeueable deps ti=<TaskInstance: copy_csv_to_minio.upload_files_to_minio manual__2024-05-26T16:40:58.306048+00:00 [queued]>
[2024-05-26T16:40:59.842+0000] {taskinstance.py:2306} INFO - Starting attempt 1 of 2
[2024-05-26T16:40:59.855+0000] {taskinstance.py:2330} INFO - Executing <Task(PythonOperator): upload_files_to_minio> on 2024-05-26 16:40:58.306048+00:00
[2024-05-26T16:40:59.862+0000] {warnings.py:110} WARNING - /home/***/.local/lib/python3.12/site-packages/***/task/task_runner/standard_task_runner.py:61: DeprecationWarning: This process (pid=74) is multi-threaded, use of fork() may lead to deadlocks in the child.
  pid = os.fork()

[2024-05-26T16:40:59.863+0000] {standard_task_runner.py:63} INFO - Started process 75 to run task
[2024-05-26T16:40:59.863+0000] {standard_task_runner.py:90} INFO - Running: ['***', 'tasks', 'run', 'copy_csv_to_minio', 'upload_files_to_minio', 'manual__2024-05-26T16:40:58.306048+00:00', '--job-id', '245', '--raw', '--subdir', 'DAGS_FOLDER/copy_csv_to_minio.py', '--cfg-path', '/tmp/tmp04e7l_ov']
[2024-05-26T16:40:59.864+0000] {standard_task_runner.py:91} INFO - Job 245: Subtask upload_files_to_minio
[2024-05-26T16:40:59.901+0000] {task_command.py:426} INFO - Running <TaskInstance: copy_csv_to_minio.upload_files_to_minio manual__2024-05-26T16:40:58.306048+00:00 [running]> on host 00a83f5023e3
[2024-05-26T16:40:59.973+0000] {taskinstance.py:2648} INFO - Exporting env vars: AIRFLOW_CTX_DAG_OWNER='***' AIRFLOW_CTX_DAG_ID='copy_csv_to_minio' AIRFLOW_CTX_TASK_ID='upload_files_to_minio' AIRFLOW_CTX_EXECUTION_DATE='2024-05-26T16:40:58.306048+00:00' AIRFLOW_CTX_TRY_NUMBER='1' AIRFLOW_CTX_DAG_RUN_ID='manual__2024-05-26T16:40:58.306048+00:00'
[2024-05-26T16:40:59.977+0000] {taskinstance.py:430} INFO - ::endgroup::
[2024-05-26T16:41:00.022+0000] {base.py:84} INFO - Using connection ID 'minio_s3' for task execution.
[2024-05-26T16:41:00.023+0000] {connection_wrapper.py:387} INFO - AWS Connection (conn_id='minio_s3', conn_type='aws') credentials retrieved from extra.
[2024-05-26T16:41:00.512+0000] {python.py:237} INFO - Done. Returned value was: None
[2024-05-26T16:41:00.513+0000] {taskinstance.py:441} INFO - ::group::Post task execution logs
[2024-05-26T16:41:00.521+0000] {taskinstance.py:1206} INFO - Marking task as SUCCESS. dag_id=copy_csv_to_minio, task_id=upload_files_to_minio, run_id=manual__2024-05-26T16:40:58.306048+00:00, execution_date=20240526T164058, start_date=20240526T164059, end_date=20240526T164100
[2024-05-26T16:41:00.559+0000] {local_task_job_runner.py:240} INFO - Task exited with return code 0
[2024-05-26T16:41:00.572+0000] {taskinstance.py:3498} INFO - 0 downstream tasks scheduled from follow-on schedule check
[2024-05-26T16:41:00.581+0000] {local_task_job_runner.py:222} INFO - ::endgroup::
