[2024-06-15T08:11:17.119+0000] {local_task_job_runner.py:120} INFO - ::group::Pre task execution logs
[2024-06-15T08:11:17.131+0000] {taskinstance.py:2076} INFO - Dependencies all met for dep_context=non-requeueable deps ti=<TaskInstance: copy_csv_to_minio.upload_files_to_minio manual__2024-06-15T08:11:16.331330+00:00 [queued]>
[2024-06-15T08:11:17.139+0000] {taskinstance.py:2076} INFO - Dependencies all met for dep_context=requeueable deps ti=<TaskInstance: copy_csv_to_minio.upload_files_to_minio manual__2024-06-15T08:11:16.331330+00:00 [queued]>
[2024-06-15T08:11:17.140+0000] {taskinstance.py:2306} INFO - Starting attempt 1 of 2
[2024-06-15T08:11:17.153+0000] {taskinstance.py:2330} INFO - Executing <Task(PythonOperator): upload_files_to_minio> on 2024-06-15 08:11:16.331330+00:00
[2024-06-15T08:11:17.159+0000] {warnings.py:110} WARNING - /home/***/.local/lib/python3.12/site-packages/***/task/task_runner/standard_task_runner.py:61: DeprecationWarning: This process (pid=1530) is multi-threaded, use of fork() may lead to deadlocks in the child.
  pid = os.fork()

[2024-06-15T08:11:17.160+0000] {standard_task_runner.py:63} INFO - Started process 1531 to run task
[2024-06-15T08:11:17.160+0000] {standard_task_runner.py:90} INFO - Running: ['***', 'tasks', 'run', 'copy_csv_to_minio', 'upload_files_to_minio', 'manual__2024-06-15T08:11:16.331330+00:00', '--job-id', '280', '--raw', '--subdir', 'DAGS_FOLDER/copy_csv_to_minio.py', '--cfg-path', '/tmp/tmpnqsminlw']
[2024-06-15T08:11:17.161+0000] {standard_task_runner.py:91} INFO - Job 280: Subtask upload_files_to_minio
[2024-06-15T08:11:17.196+0000] {task_command.py:426} INFO - Running <TaskInstance: copy_csv_to_minio.upload_files_to_minio manual__2024-06-15T08:11:16.331330+00:00 [running]> on host 2eb3b16a8300
[2024-06-15T08:11:17.263+0000] {taskinstance.py:2648} INFO - Exporting env vars: AIRFLOW_CTX_DAG_OWNER='***' AIRFLOW_CTX_DAG_ID='copy_csv_to_minio' AIRFLOW_CTX_TASK_ID='upload_files_to_minio' AIRFLOW_CTX_EXECUTION_DATE='2024-06-15T08:11:16.331330+00:00' AIRFLOW_CTX_TRY_NUMBER='1' AIRFLOW_CTX_DAG_RUN_ID='manual__2024-06-15T08:11:16.331330+00:00'
[2024-06-15T08:11:17.263+0000] {taskinstance.py:430} INFO - ::endgroup::
[2024-06-15T08:11:17.284+0000] {base.py:84} INFO - Using connection ID 'minio_s3' for task execution.
[2024-06-15T08:11:17.284+0000] {connection_wrapper.py:387} INFO - AWS Connection (conn_id='minio_s3', conn_type='aws') credentials retrieved from extra.
[2024-06-15T08:11:17.547+0000] {python.py:237} INFO - Done. Returned value was: None
[2024-06-15T08:11:17.547+0000] {taskinstance.py:441} INFO - ::group::Post task execution logs
[2024-06-15T08:11:17.555+0000] {taskinstance.py:1206} INFO - Marking task as SUCCESS. dag_id=copy_csv_to_minio, task_id=upload_files_to_minio, run_id=manual__2024-06-15T08:11:16.331330+00:00, execution_date=20240615T081116, start_date=20240615T081117, end_date=20240615T081117
[2024-06-15T08:11:17.575+0000] {local_task_job_runner.py:240} INFO - Task exited with return code 0
[2024-06-15T08:11:17.588+0000] {taskinstance.py:3498} INFO - 0 downstream tasks scheduled from follow-on schedule check
[2024-06-15T08:11:17.589+0000] {local_task_job_runner.py:222} INFO - ::endgroup::
