[2024-05-23T16:11:13.795+0000] {processor.py:161} INFO - Started process (PID=42) to work on /opt/airflow/dags/csv2_copy_dag.py
[2024-05-23T16:11:13.797+0000] {processor.py:830} INFO - Processing file /opt/airflow/dags/csv2_copy_dag.py for tasks to queue
[2024-05-23T16:11:13.800+0000] {logging_mixin.py:188} INFO - [2024-05-23T16:11:13.800+0000] {dagbag.py:545} INFO - Filling up the DagBag from /opt/airflow/dags/csv2_copy_dag.py
[2024-05-23T16:11:13.853+0000] {processor.py:840} INFO - DAG(s) 'csv_copy_dag' retrieved from /opt/airflow/dags/csv2_copy_dag.py
[2024-05-23T16:11:14.121+0000] {logging_mixin.py:188} INFO - [2024-05-23T16:11:14.121+0000] {dag.py:3096} INFO - Sync 1 DAGs
[2024-05-23T16:11:14.160+0000] {logging_mixin.py:188} INFO - [2024-05-23T16:11:14.160+0000] {dag.py:3954} INFO - Setting next_dagrun for csv_copy_dag to 2024-05-23 00:00:00+00:00, run_after=2024-05-24 00:00:00+00:00
[2024-05-23T16:11:14.440+0000] {logging_mixin.py:188} INFO - [2024-05-23T16:11:14.438+0000] {dagbag.py:654} ERROR - Failed to write serialized DAG: /opt/airflow/dags/csv2_copy_dag.py
Traceback (most recent call last):
  File "/home/airflow/.local/lib/python3.12/site-packages/airflow/models/dagbag.py", line 642, in _serialize_dag_capturing_errors
    dag_was_updated = SerializedDagModel.write_dag(
                      ^^^^^^^^^^^^^^^^^^^^^^^^^^^^^
  File "/home/airflow/.local/lib/python3.12/site-packages/airflow/utils/session.py", line 76, in wrapper
    return func(*args, **kwargs)
           ^^^^^^^^^^^^^^^^^^^^^
  File "/home/airflow/.local/lib/python3.12/site-packages/airflow/models/serialized_dag.py", line 158, in write_dag
    if session.scalar(
       ^^^^^^^^^^^^^^^
  File "/home/airflow/.local/lib/python3.12/site-packages/sqlalchemy/orm/session.py", line 1747, in scalar
    return self.execute(
           ^^^^^^^^^^^^^
  File "/home/airflow/.local/lib/python3.12/site-packages/sqlalchemy/orm/session.py", line 1716, in execute
    conn = self._connection_for_bind(bind)
           ^^^^^^^^^^^^^^^^^^^^^^^^^^^^^^^
  File "/home/airflow/.local/lib/python3.12/site-packages/sqlalchemy/orm/session.py", line 1555, in _connection_for_bind
    return self._transaction._connection_for_bind(
           ^^^^^^^^^^^^^^^^^^^^^^^^^^^^^^^^^^^^^^^
  File "/home/airflow/.local/lib/python3.12/site-packages/sqlalchemy/orm/session.py", line 724, in _connection_for_bind
    self._assert_active()
  File "/home/airflow/.local/lib/python3.12/site-packages/sqlalchemy/orm/session.py", line 604, in _assert_active
    raise sa_exc.PendingRollbackError(
sqlalchemy.exc.PendingRollbackError: This Session's transaction has been rolled back due to a previous exception during flush. To begin a new transaction with this Session, first issue Session.rollback(). Original exception was: (psycopg2.errors.UniqueViolation) duplicate key value violates unique constraint "serialized_dag_pkey"
DETAIL:  Key (dag_id)=(csv_copy_dag) already exists.

[SQL: INSERT INTO serialized_dag (dag_id, fileloc, fileloc_hash, data, data_compressed, last_updated, dag_hash, processor_subdir) VALUES (%(dag_id)s, %(fileloc)s, %(fileloc_hash)s, %(data)s, %(data_compressed)s, %(last_updated)s, %(dag_hash)s, %(processor_subdir)s)]
[parameters: {'dag_id': 'csv_copy_dag', 'fileloc': '/opt/airflow/dags/csv2_copy_dag.py', 'fileloc_hash': 68008603910609441, 'data': '{"__version": 1, "dag": {"catchup": false, "_dag_id": "csv_copy_dag", "edge_info": {}, "default_args": {"__var": {"owner": "airflow", "depends_on_pas ... (1285 characters truncated) ... onOperator", "_task_module": "airflow.operators.python", "_is_empty": false, "op_args": [], "op_kwargs": {}}], "dag_dependencies": [], "params": {}}}', 'data_compressed': None, 'last_updated': datetime.datetime(2024, 5, 23, 16, 11, 13, 877650, tzinfo=Timezone('UTC')), 'dag_hash': 'e01cfd6b3fe535967c688326af6fc6a5', 'processor_subdir': '/opt/airflow/dags'}]
(Background on this error at: https://sqlalche.me/e/14/gkpj) (Background on this error at: https://sqlalche.me/e/14/7s2a)
[2024-05-23T16:11:14.441+0000] {logging_mixin.py:188} INFO - [2024-05-23T16:11:14.441+0000] {dag.py:3096} INFO - Sync 1 DAGs
[2024-05-23T16:11:14.442+0000] {processor.py:186} ERROR - Got an exception! Propagating...
Traceback (most recent call last):
  File "/home/airflow/.local/lib/python3.12/site-packages/airflow/dag_processing/processor.py", line 182, in _run_file_processor
    _handle_dag_file_processing()
  File "/home/airflow/.local/lib/python3.12/site-packages/airflow/dag_processing/processor.py", line 163, in _handle_dag_file_processing
    result: tuple[int, int] = dag_file_processor.process_file(
                              ^^^^^^^^^^^^^^^^^^^^^^^^^^^^^^^^
  File "/home/airflow/.local/lib/python3.12/site-packages/airflow/utils/session.py", line 79, in wrapper
    return func(*args, session=session, **kwargs)
           ^^^^^^^^^^^^^^^^^^^^^^^^^^^^^^^^^^^^^^
  File "/home/airflow/.local/lib/python3.12/site-packages/airflow/dag_processing/processor.py", line 859, in process_file
    serialize_errors = DagFileProcessor.save_dag_to_db(
                       ^^^^^^^^^^^^^^^^^^^^^^^^^^^^^^^^
  File "/home/airflow/.local/lib/python3.12/site-packages/airflow/api_internal/internal_api_call.py", line 115, in wrapper
    return func(*args, **kwargs)
           ^^^^^^^^^^^^^^^^^^^^^
  File "/home/airflow/.local/lib/python3.12/site-packages/airflow/utils/session.py", line 79, in wrapper
    return func(*args, session=session, **kwargs)
           ^^^^^^^^^^^^^^^^^^^^^^^^^^^^^^^^^^^^^^
  File "/home/airflow/.local/lib/python3.12/site-packages/airflow/dag_processing/processor.py", line 895, in save_dag_to_db
    import_errors = DagBag._sync_to_db(dags=dags, processor_subdir=dag_directory, session=session)
                    ^^^^^^^^^^^^^^^^^^^^^^^^^^^^^^^^^^^^^^^^^^^^^^^^^^^^^^^^^^^^^^^^^^^^^^^^^^^^^^
  File "/home/airflow/.local/lib/python3.12/site-packages/airflow/utils/session.py", line 76, in wrapper
    return func(*args, **kwargs)
           ^^^^^^^^^^^^^^^^^^^^^
  File "/home/airflow/.local/lib/python3.12/site-packages/airflow/models/dagbag.py", line 664, in _sync_to_db
    for attempt in run_with_db_retries(logger=log):
  File "/home/airflow/.local/lib/python3.12/site-packages/tenacity/__init__.py", line 347, in __iter__
    do = self.iter(retry_state=retry_state)
         ^^^^^^^^^^^^^^^^^^^^^^^^^^^^^^^^^^
  File "/home/airflow/.local/lib/python3.12/site-packages/tenacity/__init__.py", line 314, in iter
    return fut.result()
           ^^^^^^^^^^^^
  File "/usr/local/lib/python3.12/concurrent/futures/_base.py", line 449, in result
    return self.__get_result()
           ^^^^^^^^^^^^^^^^^^^
  File "/usr/local/lib/python3.12/concurrent/futures/_base.py", line 401, in __get_result
    raise self._exception
  File "/home/airflow/.local/lib/python3.12/site-packages/airflow/models/dagbag.py", line 680, in _sync_to_db
    DAG.bulk_write_to_db(dags.values(), processor_subdir=processor_subdir, session=session)
  File "/home/airflow/.local/lib/python3.12/site-packages/airflow/utils/session.py", line 76, in wrapper
    return func(*args, **kwargs)
           ^^^^^^^^^^^^^^^^^^^^^
  File "/home/airflow/.local/lib/python3.12/site-packages/airflow/models/dag.py", line 3108, in bulk_write_to_db
    orm_dags: list[DagModel] = session.scalars(query).unique().all()
                               ^^^^^^^^^^^^^^^^^^^^^^
  File "/home/airflow/.local/lib/python3.12/site-packages/sqlalchemy/orm/session.py", line 1778, in scalars
    return self.execute(
           ^^^^^^^^^^^^^
  File "/home/airflow/.local/lib/python3.12/site-packages/sqlalchemy/orm/session.py", line 1716, in execute
    conn = self._connection_for_bind(bind)
           ^^^^^^^^^^^^^^^^^^^^^^^^^^^^^^^
  File "/home/airflow/.local/lib/python3.12/site-packages/sqlalchemy/orm/session.py", line 1555, in _connection_for_bind
    return self._transaction._connection_for_bind(
           ^^^^^^^^^^^^^^^^^^^^^^^^^^^^^^^^^^^^^^^
  File "/home/airflow/.local/lib/python3.12/site-packages/sqlalchemy/orm/session.py", line 724, in _connection_for_bind
    self._assert_active()
  File "/home/airflow/.local/lib/python3.12/site-packages/sqlalchemy/orm/session.py", line 604, in _assert_active
    raise sa_exc.PendingRollbackError(
sqlalchemy.exc.PendingRollbackError: This Session's transaction has been rolled back due to a previous exception during flush. To begin a new transaction with this Session, first issue Session.rollback(). Original exception was: (psycopg2.errors.UniqueViolation) duplicate key value violates unique constraint "serialized_dag_pkey"
DETAIL:  Key (dag_id)=(csv_copy_dag) already exists.

[SQL: INSERT INTO serialized_dag (dag_id, fileloc, fileloc_hash, data, data_compressed, last_updated, dag_hash, processor_subdir) VALUES (%(dag_id)s, %(fileloc)s, %(fileloc_hash)s, %(data)s, %(data_compressed)s, %(last_updated)s, %(dag_hash)s, %(processor_subdir)s)]
[parameters: {'dag_id': 'csv_copy_dag', 'fileloc': '/opt/airflow/dags/csv2_copy_dag.py', 'fileloc_hash': 68008603910609441, 'data': '{"__version": 1, "dag": {"catchup": false, "_dag_id": "csv_copy_dag", "edge_info": {}, "default_args": {"__var": {"owner": "airflow", "depends_on_pas ... (1285 characters truncated) ... onOperator", "_task_module": "airflow.operators.python", "_is_empty": false, "op_args": [], "op_kwargs": {}}], "dag_dependencies": [], "params": {}}}', 'data_compressed': None, 'last_updated': datetime.datetime(2024, 5, 23, 16, 11, 13, 877650, tzinfo=Timezone('UTC')), 'dag_hash': 'e01cfd6b3fe535967c688326af6fc6a5', 'processor_subdir': '/opt/airflow/dags'}]
(Background on this error at: https://sqlalche.me/e/14/gkpj) (Background on this error at: https://sqlalche.me/e/14/7s2a)
[2024-05-23T16:11:42.606+0000] {processor.py:161} INFO - Started process (PID=50) to work on /opt/airflow/dags/csv2_copy_dag.py
[2024-05-23T16:11:42.607+0000] {processor.py:830} INFO - Processing file /opt/airflow/dags/csv2_copy_dag.py for tasks to queue
[2024-05-23T16:11:42.609+0000] {logging_mixin.py:188} INFO - [2024-05-23T16:11:42.608+0000] {dagbag.py:545} INFO - Filling up the DagBag from /opt/airflow/dags/csv2_copy_dag.py
[2024-05-23T16:11:42.636+0000] {processor.py:840} INFO - DAG(s) 'csv_copy_dag' retrieved from /opt/airflow/dags/csv2_copy_dag.py
[2024-05-23T16:11:42.647+0000] {logging_mixin.py:188} INFO - [2024-05-23T16:11:42.646+0000] {dag.py:3096} INFO - Sync 1 DAGs
[2024-05-23T16:11:42.668+0000] {logging_mixin.py:188} INFO - [2024-05-23T16:11:42.668+0000] {dag.py:3954} INFO - Setting next_dagrun for csv_copy_dag to 2024-05-23 00:00:00+00:00, run_after=2024-05-24 00:00:00+00:00
[2024-05-23T16:11:42.690+0000] {processor.py:183} INFO - Processing /opt/airflow/dags/csv2_copy_dag.py took 0.089 seconds
[2024-05-23T16:12:12.810+0000] {processor.py:161} INFO - Started process (PID=58) to work on /opt/airflow/dags/csv2_copy_dag.py
[2024-05-23T16:12:12.812+0000] {processor.py:830} INFO - Processing file /opt/airflow/dags/csv2_copy_dag.py for tasks to queue
[2024-05-23T16:12:12.815+0000] {logging_mixin.py:188} INFO - [2024-05-23T16:12:12.815+0000] {dagbag.py:545} INFO - Filling up the DagBag from /opt/airflow/dags/csv2_copy_dag.py
[2024-05-23T16:12:12.862+0000] {processor.py:840} INFO - DAG(s) 'csv_copy_dag' retrieved from /opt/airflow/dags/csv2_copy_dag.py
[2024-05-23T16:12:13.003+0000] {logging_mixin.py:188} INFO - [2024-05-23T16:12:13.003+0000] {dag.py:3096} INFO - Sync 1 DAGs
[2024-05-23T16:12:13.024+0000] {logging_mixin.py:188} INFO - [2024-05-23T16:12:13.024+0000] {dag.py:3954} INFO - Setting next_dagrun for csv_copy_dag to 2024-05-23 00:00:00+00:00, run_after=2024-05-24 00:00:00+00:00
[2024-05-23T16:12:13.059+0000] {processor.py:183} INFO - Processing /opt/airflow/dags/csv2_copy_dag.py took 0.260 seconds
[2024-05-23T16:12:43.124+0000] {processor.py:161} INFO - Started process (PID=66) to work on /opt/airflow/dags/csv2_copy_dag.py
[2024-05-23T16:12:43.125+0000] {processor.py:830} INFO - Processing file /opt/airflow/dags/csv2_copy_dag.py for tasks to queue
[2024-05-23T16:12:43.127+0000] {logging_mixin.py:188} INFO - [2024-05-23T16:12:43.127+0000] {dagbag.py:545} INFO - Filling up the DagBag from /opt/airflow/dags/csv2_copy_dag.py
[2024-05-23T16:12:43.148+0000] {processor.py:840} INFO - DAG(s) 'csv_copy_dag' retrieved from /opt/airflow/dags/csv2_copy_dag.py
[2024-05-23T16:12:43.171+0000] {logging_mixin.py:188} INFO - [2024-05-23T16:12:43.171+0000] {dag.py:3096} INFO - Sync 1 DAGs
[2024-05-23T16:12:43.189+0000] {logging_mixin.py:188} INFO - [2024-05-23T16:12:43.189+0000] {dag.py:3954} INFO - Setting next_dagrun for csv_copy_dag to 2024-05-23 00:00:00+00:00, run_after=2024-05-24 00:00:00+00:00
[2024-05-23T16:12:43.212+0000] {processor.py:183} INFO - Processing /opt/airflow/dags/csv2_copy_dag.py took 0.092 seconds
[2024-05-23T16:13:13.469+0000] {processor.py:161} INFO - Started process (PID=74) to work on /opt/airflow/dags/csv2_copy_dag.py
[2024-05-23T16:13:13.470+0000] {processor.py:830} INFO - Processing file /opt/airflow/dags/csv2_copy_dag.py for tasks to queue
[2024-05-23T16:13:13.471+0000] {logging_mixin.py:188} INFO - [2024-05-23T16:13:13.471+0000] {dagbag.py:545} INFO - Filling up the DagBag from /opt/airflow/dags/csv2_copy_dag.py
[2024-05-23T16:13:13.485+0000] {processor.py:840} INFO - DAG(s) 'csv_copy_dag' retrieved from /opt/airflow/dags/csv2_copy_dag.py
[2024-05-23T16:13:13.493+0000] {logging_mixin.py:188} INFO - [2024-05-23T16:13:13.493+0000] {dag.py:3096} INFO - Sync 1 DAGs
[2024-05-23T16:13:13.508+0000] {logging_mixin.py:188} INFO - [2024-05-23T16:13:13.508+0000] {dag.py:3954} INFO - Setting next_dagrun for csv_copy_dag to 2024-05-23 00:00:00+00:00, run_after=2024-05-24 00:00:00+00:00
[2024-05-23T16:13:13.524+0000] {processor.py:183} INFO - Processing /opt/airflow/dags/csv2_copy_dag.py took 0.059 seconds
[2024-05-23T16:13:43.720+0000] {processor.py:161} INFO - Started process (PID=82) to work on /opt/airflow/dags/csv2_copy_dag.py
[2024-05-23T16:13:43.721+0000] {processor.py:830} INFO - Processing file /opt/airflow/dags/csv2_copy_dag.py for tasks to queue
[2024-05-23T16:13:43.723+0000] {logging_mixin.py:188} INFO - [2024-05-23T16:13:43.722+0000] {dagbag.py:545} INFO - Filling up the DagBag from /opt/airflow/dags/csv2_copy_dag.py
[2024-05-23T16:13:43.742+0000] {processor.py:840} INFO - DAG(s) 'csv_copy_dag' retrieved from /opt/airflow/dags/csv2_copy_dag.py
[2024-05-23T16:13:43.823+0000] {logging_mixin.py:188} INFO - [2024-05-23T16:13:43.823+0000] {dag.py:3096} INFO - Sync 1 DAGs
[2024-05-23T16:13:43.837+0000] {logging_mixin.py:188} INFO - [2024-05-23T16:13:43.837+0000] {dag.py:3954} INFO - Setting next_dagrun for csv_copy_dag to 2024-05-23 00:00:00+00:00, run_after=2024-05-24 00:00:00+00:00
[2024-05-23T16:13:43.858+0000] {processor.py:183} INFO - Processing /opt/airflow/dags/csv2_copy_dag.py took 0.142 seconds
[2024-05-23T16:14:13.927+0000] {processor.py:161} INFO - Started process (PID=90) to work on /opt/airflow/dags/csv2_copy_dag.py
[2024-05-23T16:14:13.928+0000] {processor.py:830} INFO - Processing file /opt/airflow/dags/csv2_copy_dag.py for tasks to queue
[2024-05-23T16:14:13.930+0000] {logging_mixin.py:188} INFO - [2024-05-23T16:14:13.929+0000] {dagbag.py:545} INFO - Filling up the DagBag from /opt/airflow/dags/csv2_copy_dag.py
[2024-05-23T16:14:13.948+0000] {processor.py:840} INFO - DAG(s) 'csv_copy_dag' retrieved from /opt/airflow/dags/csv2_copy_dag.py
[2024-05-23T16:14:13.967+0000] {logging_mixin.py:188} INFO - [2024-05-23T16:14:13.967+0000] {dag.py:3096} INFO - Sync 1 DAGs
[2024-05-23T16:14:13.984+0000] {logging_mixin.py:188} INFO - [2024-05-23T16:14:13.984+0000] {dag.py:3954} INFO - Setting next_dagrun for csv_copy_dag to 2024-05-23 00:00:00+00:00, run_after=2024-05-24 00:00:00+00:00
[2024-05-23T16:14:14.001+0000] {processor.py:183} INFO - Processing /opt/airflow/dags/csv2_copy_dag.py took 0.078 seconds
[2024-05-23T16:14:44.255+0000] {processor.py:161} INFO - Started process (PID=98) to work on /opt/airflow/dags/csv2_copy_dag.py
[2024-05-23T16:14:44.256+0000] {processor.py:830} INFO - Processing file /opt/airflow/dags/csv2_copy_dag.py for tasks to queue
[2024-05-23T16:14:44.258+0000] {logging_mixin.py:188} INFO - [2024-05-23T16:14:44.258+0000] {dagbag.py:545} INFO - Filling up the DagBag from /opt/airflow/dags/csv2_copy_dag.py
[2024-05-23T16:14:44.276+0000] {processor.py:840} INFO - DAG(s) 'csv_copy_dag' retrieved from /opt/airflow/dags/csv2_copy_dag.py
[2024-05-23T16:14:44.284+0000] {logging_mixin.py:188} INFO - [2024-05-23T16:14:44.284+0000] {dag.py:3096} INFO - Sync 1 DAGs
[2024-05-23T16:14:44.301+0000] {logging_mixin.py:188} INFO - [2024-05-23T16:14:44.301+0000] {dag.py:3954} INFO - Setting next_dagrun for csv_copy_dag to 2024-05-23 00:00:00+00:00, run_after=2024-05-24 00:00:00+00:00
[2024-05-23T16:14:44.326+0000] {processor.py:183} INFO - Processing /opt/airflow/dags/csv2_copy_dag.py took 0.077 seconds
[2024-05-23T16:15:14.591+0000] {processor.py:161} INFO - Started process (PID=106) to work on /opt/airflow/dags/csv2_copy_dag.py
[2024-05-23T16:15:14.592+0000] {processor.py:830} INFO - Processing file /opt/airflow/dags/csv2_copy_dag.py for tasks to queue
[2024-05-23T16:15:14.596+0000] {logging_mixin.py:188} INFO - [2024-05-23T16:15:14.596+0000] {dagbag.py:545} INFO - Filling up the DagBag from /opt/airflow/dags/csv2_copy_dag.py
[2024-05-23T16:15:14.636+0000] {processor.py:840} INFO - DAG(s) 'csv_copy_dag' retrieved from /opt/airflow/dags/csv2_copy_dag.py
[2024-05-23T16:15:14.784+0000] {logging_mixin.py:188} INFO - [2024-05-23T16:15:14.784+0000] {dag.py:3096} INFO - Sync 1 DAGs
[2024-05-23T16:15:14.813+0000] {logging_mixin.py:188} INFO - [2024-05-23T16:15:14.812+0000] {dag.py:3954} INFO - Setting next_dagrun for csv_copy_dag to 2024-05-23 00:00:00+00:00, run_after=2024-05-24 00:00:00+00:00
[2024-05-23T16:15:14.846+0000] {processor.py:183} INFO - Processing /opt/airflow/dags/csv2_copy_dag.py took 0.265 seconds
[2024-05-23T16:16:41.104+0000] {processor.py:161} INFO - Started process (PID=43) to work on /opt/airflow/dags/csv2_copy_dag.py
[2024-05-23T16:16:41.105+0000] {processor.py:830} INFO - Processing file /opt/airflow/dags/csv2_copy_dag.py for tasks to queue
[2024-05-23T16:16:41.107+0000] {logging_mixin.py:188} INFO - [2024-05-23T16:16:41.106+0000] {dagbag.py:545} INFO - Filling up the DagBag from /opt/airflow/dags/csv2_copy_dag.py
[2024-05-23T16:16:41.167+0000] {processor.py:840} INFO - DAG(s) 'csv_copy_dag' retrieved from /opt/airflow/dags/csv2_copy_dag.py
[2024-05-23T16:16:41.405+0000] {logging_mixin.py:188} INFO - [2024-05-23T16:16:41.405+0000] {dag.py:3096} INFO - Sync 1 DAGs
[2024-05-23T16:16:41.424+0000] {logging_mixin.py:188} INFO - [2024-05-23T16:16:41.424+0000] {dag.py:3954} INFO - Setting next_dagrun for csv_copy_dag to 2024-05-23 00:00:00+00:00, run_after=2024-05-24 00:00:00+00:00
[2024-05-23T16:16:41.451+0000] {processor.py:183} INFO - Processing /opt/airflow/dags/csv2_copy_dag.py took 0.352 seconds
[2024-05-23T16:17:11.622+0000] {processor.py:161} INFO - Started process (PID=50) to work on /opt/airflow/dags/csv2_copy_dag.py
[2024-05-23T16:17:11.623+0000] {processor.py:830} INFO - Processing file /opt/airflow/dags/csv2_copy_dag.py for tasks to queue
[2024-05-23T16:17:11.624+0000] {logging_mixin.py:188} INFO - [2024-05-23T16:17:11.624+0000] {dagbag.py:545} INFO - Filling up the DagBag from /opt/airflow/dags/csv2_copy_dag.py
[2024-05-23T16:17:11.644+0000] {processor.py:840} INFO - DAG(s) 'csv_copy_dag' retrieved from /opt/airflow/dags/csv2_copy_dag.py
[2024-05-23T16:17:11.665+0000] {logging_mixin.py:188} INFO - [2024-05-23T16:17:11.665+0000] {dag.py:3096} INFO - Sync 1 DAGs
[2024-05-23T16:17:11.683+0000] {logging_mixin.py:188} INFO - [2024-05-23T16:17:11.683+0000] {dag.py:3954} INFO - Setting next_dagrun for csv_copy_dag to 2024-05-23 00:00:00+00:00, run_after=2024-05-24 00:00:00+00:00
[2024-05-23T16:17:11.697+0000] {processor.py:183} INFO - Processing /opt/airflow/dags/csv2_copy_dag.py took 0.081 seconds
[2024-05-23T16:17:41.777+0000] {processor.py:161} INFO - Started process (PID=57) to work on /opt/airflow/dags/csv2_copy_dag.py
[2024-05-23T16:17:41.777+0000] {processor.py:830} INFO - Processing file /opt/airflow/dags/csv2_copy_dag.py for tasks to queue
[2024-05-23T16:17:41.780+0000] {logging_mixin.py:188} INFO - [2024-05-23T16:17:41.780+0000] {dagbag.py:545} INFO - Filling up the DagBag from /opt/airflow/dags/csv2_copy_dag.py
[2024-05-23T16:17:41.797+0000] {processor.py:840} INFO - DAG(s) 'csv_copy_dag' retrieved from /opt/airflow/dags/csv2_copy_dag.py
[2024-05-23T16:17:41.824+0000] {logging_mixin.py:188} INFO - [2024-05-23T16:17:41.823+0000] {dag.py:3096} INFO - Sync 1 DAGs
[2024-05-23T16:17:41.840+0000] {logging_mixin.py:188} INFO - [2024-05-23T16:17:41.840+0000] {dag.py:3954} INFO - Setting next_dagrun for csv_copy_dag to 2024-05-23 00:00:00+00:00, run_after=2024-05-24 00:00:00+00:00
[2024-05-23T16:17:41.855+0000] {processor.py:183} INFO - Processing /opt/airflow/dags/csv2_copy_dag.py took 0.083 seconds
[2024-05-23T16:18:06.997+0000] {processor.py:161} INFO - Started process (PID=64) to work on /opt/airflow/dags/csv2_copy_dag.py
[2024-05-23T16:18:06.998+0000] {processor.py:830} INFO - Processing file /opt/airflow/dags/csv2_copy_dag.py for tasks to queue
[2024-05-23T16:18:07.000+0000] {logging_mixin.py:188} INFO - [2024-05-23T16:18:06.999+0000] {dagbag.py:545} INFO - Filling up the DagBag from /opt/airflow/dags/csv2_copy_dag.py
[2024-05-23T16:18:07.030+0000] {processor.py:840} INFO - DAG(s) 'csv_copy_dag' retrieved from /opt/airflow/dags/csv2_copy_dag.py
[2024-05-23T16:18:07.052+0000] {logging_mixin.py:188} INFO - [2024-05-23T16:18:07.052+0000] {dag.py:3096} INFO - Sync 1 DAGs
[2024-05-23T16:18:07.072+0000] {logging_mixin.py:188} INFO - [2024-05-23T16:18:07.071+0000] {dag.py:3954} INFO - Setting next_dagrun for csv_copy_dag to 2024-05-23 00:00:00+00:00, run_after=2024-05-24 00:00:00+00:00
[2024-05-23T16:18:07.098+0000] {processor.py:183} INFO - Processing /opt/airflow/dags/csv2_copy_dag.py took 0.106 seconds
[2024-05-23T16:18:26.114+0000] {processor.py:161} INFO - Started process (PID=65) to work on /opt/airflow/dags/csv2_copy_dag.py
[2024-05-23T16:18:26.115+0000] {processor.py:830} INFO - Processing file /opt/airflow/dags/csv2_copy_dag.py for tasks to queue
[2024-05-23T16:18:26.118+0000] {logging_mixin.py:188} INFO - [2024-05-23T16:18:26.118+0000] {dagbag.py:545} INFO - Filling up the DagBag from /opt/airflow/dags/csv2_copy_dag.py
[2024-05-23T16:18:26.148+0000] {processor.py:840} INFO - DAG(s) 'csv_copy_dag' retrieved from /opt/airflow/dags/csv2_copy_dag.py
[2024-05-23T16:18:26.174+0000] {logging_mixin.py:188} INFO - [2024-05-23T16:18:26.174+0000] {dag.py:3096} INFO - Sync 1 DAGs
[2024-05-23T16:18:26.194+0000] {logging_mixin.py:188} INFO - [2024-05-23T16:18:26.194+0000] {dag.py:3954} INFO - Setting next_dagrun for csv_copy_dag to 2024-05-23 00:00:00+00:00, run_after=2024-05-24 00:00:00+00:00
[2024-05-23T16:18:26.219+0000] {processor.py:183} INFO - Processing /opt/airflow/dags/csv2_copy_dag.py took 0.111 seconds
[2024-05-23T16:18:56.272+0000] {processor.py:161} INFO - Started process (PID=72) to work on /opt/airflow/dags/csv2_copy_dag.py
[2024-05-23T16:18:56.273+0000] {processor.py:830} INFO - Processing file /opt/airflow/dags/csv2_copy_dag.py for tasks to queue
[2024-05-23T16:18:56.274+0000] {logging_mixin.py:188} INFO - [2024-05-23T16:18:56.274+0000] {dagbag.py:545} INFO - Filling up the DagBag from /opt/airflow/dags/csv2_copy_dag.py
[2024-05-23T16:18:56.289+0000] {processor.py:840} INFO - DAG(s) 'csv_copy_dag' retrieved from /opt/airflow/dags/csv2_copy_dag.py
[2024-05-23T16:18:56.317+0000] {logging_mixin.py:188} INFO - [2024-05-23T16:18:56.317+0000] {dag.py:3096} INFO - Sync 1 DAGs
[2024-05-23T16:18:56.340+0000] {logging_mixin.py:188} INFO - [2024-05-23T16:18:56.339+0000] {dag.py:3954} INFO - Setting next_dagrun for csv_copy_dag to 2024-05-23 00:00:00+00:00, run_after=2024-05-24 00:00:00+00:00
[2024-05-23T16:18:56.353+0000] {processor.py:183} INFO - Processing /opt/airflow/dags/csv2_copy_dag.py took 0.085 seconds
