[2024-05-23T16:20:45.402+0000] {processor.py:161} INFO - Started process (PID=43) to work on /opt/airflow/dags/csv_copy_dag_2.py
[2024-05-23T16:20:45.404+0000] {processor.py:830} INFO - Processing file /opt/airflow/dags/csv_copy_dag_2.py for tasks to queue
[2024-05-23T16:20:45.412+0000] {logging_mixin.py:188} INFO - [2024-05-23T16:20:45.411+0000] {dagbag.py:545} INFO - Filling up the DagBag from /opt/airflow/dags/csv_copy_dag_2.py
[2024-05-23T16:20:45.441+0000] {processor.py:840} INFO - DAG(s) 'csv_copy_dag_2' retrieved from /opt/airflow/dags/csv_copy_dag_2.py
[2024-05-23T16:20:45.623+0000] {logging_mixin.py:188} INFO - [2024-05-23T16:20:45.623+0000] {override.py:1829} INFO - Created Permission View: can delete on DAG:csv_copy_dag_2
[2024-05-23T16:20:45.633+0000] {logging_mixin.py:188} INFO - [2024-05-23T16:20:45.633+0000] {override.py:1829} INFO - Created Permission View: can edit on DAG:csv_copy_dag_2
[2024-05-23T16:20:45.637+0000] {logging_mixin.py:188} INFO - [2024-05-23T16:20:45.637+0000] {override.py:1829} INFO - Created Permission View: can read on DAG:csv_copy_dag_2
[2024-05-23T16:20:45.638+0000] {logging_mixin.py:188} INFO - [2024-05-23T16:20:45.638+0000] {dag.py:3096} INFO - Sync 1 DAGs
[2024-05-23T16:20:45.648+0000] {logging_mixin.py:188} INFO - [2024-05-23T16:20:45.648+0000] {dag.py:3118} INFO - Creating ORM DAG for csv_copy_dag_2
[2024-05-23T16:20:45.656+0000] {logging_mixin.py:188} INFO - [2024-05-23T16:20:45.656+0000] {dag.py:3954} INFO - Setting next_dagrun for csv_copy_dag_2 to 2024-05-22 00:00:00+00:00, run_after=2024-05-23 00:00:00+00:00
[2024-05-23T16:20:45.671+0000] {processor.py:183} INFO - Processing /opt/airflow/dags/csv_copy_dag_2.py took 0.276 seconds
[2024-05-23T16:21:15.871+0000] {processor.py:161} INFO - Started process (PID=51) to work on /opt/airflow/dags/csv_copy_dag_2.py
[2024-05-23T16:21:15.872+0000] {processor.py:830} INFO - Processing file /opt/airflow/dags/csv_copy_dag_2.py for tasks to queue
[2024-05-23T16:21:15.874+0000] {logging_mixin.py:188} INFO - [2024-05-23T16:21:15.874+0000] {dagbag.py:545} INFO - Filling up the DagBag from /opt/airflow/dags/csv_copy_dag_2.py
[2024-05-23T16:21:15.892+0000] {processor.py:840} INFO - DAG(s) 'csv_copy_dag_2' retrieved from /opt/airflow/dags/csv_copy_dag_2.py
[2024-05-23T16:21:15.916+0000] {logging_mixin.py:188} INFO - [2024-05-23T16:21:15.916+0000] {dag.py:3096} INFO - Sync 1 DAGs
[2024-05-23T16:21:15.934+0000] {logging_mixin.py:188} INFO - [2024-05-23T16:21:15.934+0000] {dag.py:3954} INFO - Setting next_dagrun for csv_copy_dag_2 to 2024-05-22 00:00:00+00:00, run_after=2024-05-23 00:00:00+00:00
[2024-05-23T16:21:15.954+0000] {processor.py:183} INFO - Processing /opt/airflow/dags/csv_copy_dag_2.py took 0.088 seconds
[2024-05-23T16:21:46.062+0000] {processor.py:161} INFO - Started process (PID=63) to work on /opt/airflow/dags/csv_copy_dag_2.py
[2024-05-23T16:21:46.063+0000] {processor.py:830} INFO - Processing file /opt/airflow/dags/csv_copy_dag_2.py for tasks to queue
[2024-05-23T16:21:46.064+0000] {logging_mixin.py:188} INFO - [2024-05-23T16:21:46.064+0000] {dagbag.py:545} INFO - Filling up the DagBag from /opt/airflow/dags/csv_copy_dag_2.py
[2024-05-23T16:21:46.077+0000] {processor.py:840} INFO - DAG(s) 'csv_copy_dag_2' retrieved from /opt/airflow/dags/csv_copy_dag_2.py
[2024-05-23T16:21:46.096+0000] {logging_mixin.py:188} INFO - [2024-05-23T16:21:46.096+0000] {dag.py:3096} INFO - Sync 1 DAGs
[2024-05-23T16:21:46.110+0000] {logging_mixin.py:188} INFO - [2024-05-23T16:21:46.110+0000] {dag.py:3954} INFO - Setting next_dagrun for csv_copy_dag_2 to 2024-05-23 00:00:00+00:00, run_after=2024-05-24 00:00:00+00:00
[2024-05-23T16:21:46.130+0000] {processor.py:183} INFO - Processing /opt/airflow/dags/csv_copy_dag_2.py took 0.072 seconds
[2024-05-23T16:22:16.310+0000] {processor.py:161} INFO - Started process (PID=71) to work on /opt/airflow/dags/csv_copy_dag_2.py
[2024-05-23T16:22:16.311+0000] {processor.py:830} INFO - Processing file /opt/airflow/dags/csv_copy_dag_2.py for tasks to queue
[2024-05-23T16:22:16.314+0000] {logging_mixin.py:188} INFO - [2024-05-23T16:22:16.314+0000] {dagbag.py:545} INFO - Filling up the DagBag from /opt/airflow/dags/csv_copy_dag_2.py
[2024-05-23T16:22:16.328+0000] {processor.py:840} INFO - DAG(s) 'csv_copy_dag_2' retrieved from /opt/airflow/dags/csv_copy_dag_2.py
[2024-05-23T16:22:16.347+0000] {logging_mixin.py:188} INFO - [2024-05-23T16:22:16.347+0000] {dag.py:3096} INFO - Sync 1 DAGs
[2024-05-23T16:22:16.362+0000] {logging_mixin.py:188} INFO - [2024-05-23T16:22:16.362+0000] {dag.py:3954} INFO - Setting next_dagrun for csv_copy_dag_2 to 2024-05-23 00:00:00+00:00, run_after=2024-05-24 00:00:00+00:00
[2024-05-23T16:22:16.381+0000] {processor.py:183} INFO - Processing /opt/airflow/dags/csv_copy_dag_2.py took 0.074 seconds
[2024-05-23T16:22:46.521+0000] {processor.py:161} INFO - Started process (PID=79) to work on /opt/airflow/dags/csv_copy_dag_2.py
[2024-05-23T16:22:46.522+0000] {processor.py:830} INFO - Processing file /opt/airflow/dags/csv_copy_dag_2.py for tasks to queue
[2024-05-23T16:22:46.523+0000] {logging_mixin.py:188} INFO - [2024-05-23T16:22:46.523+0000] {dagbag.py:545} INFO - Filling up the DagBag from /opt/airflow/dags/csv_copy_dag_2.py
[2024-05-23T16:22:46.542+0000] {processor.py:840} INFO - DAG(s) 'csv_copy_dag_2' retrieved from /opt/airflow/dags/csv_copy_dag_2.py
[2024-05-23T16:22:46.562+0000] {logging_mixin.py:188} INFO - [2024-05-23T16:22:46.562+0000] {dag.py:3096} INFO - Sync 1 DAGs
[2024-05-23T16:22:46.579+0000] {logging_mixin.py:188} INFO - [2024-05-23T16:22:46.578+0000] {dag.py:3954} INFO - Setting next_dagrun for csv_copy_dag_2 to 2024-05-23 00:00:00+00:00, run_after=2024-05-24 00:00:00+00:00
[2024-05-23T16:22:46.592+0000] {processor.py:183} INFO - Processing /opt/airflow/dags/csv_copy_dag_2.py took 0.075 seconds
[2024-05-23T16:23:16.760+0000] {processor.py:161} INFO - Started process (PID=87) to work on /opt/airflow/dags/csv_copy_dag_2.py
[2024-05-23T16:23:16.760+0000] {processor.py:830} INFO - Processing file /opt/airflow/dags/csv_copy_dag_2.py for tasks to queue
[2024-05-23T16:23:16.762+0000] {logging_mixin.py:188} INFO - [2024-05-23T16:23:16.761+0000] {dagbag.py:545} INFO - Filling up the DagBag from /opt/airflow/dags/csv_copy_dag_2.py
[2024-05-23T16:23:16.776+0000] {processor.py:840} INFO - DAG(s) 'csv_copy_dag_2' retrieved from /opt/airflow/dags/csv_copy_dag_2.py
[2024-05-23T16:23:16.794+0000] {logging_mixin.py:188} INFO - [2024-05-23T16:23:16.793+0000] {dag.py:3096} INFO - Sync 1 DAGs
[2024-05-23T16:23:16.808+0000] {logging_mixin.py:188} INFO - [2024-05-23T16:23:16.808+0000] {dag.py:3954} INFO - Setting next_dagrun for csv_copy_dag_2 to 2024-05-23 00:00:00+00:00, run_after=2024-05-24 00:00:00+00:00
[2024-05-23T16:23:16.821+0000] {processor.py:183} INFO - Processing /opt/airflow/dags/csv_copy_dag_2.py took 0.065 seconds
[2024-05-23T16:23:47.001+0000] {processor.py:161} INFO - Started process (PID=95) to work on /opt/airflow/dags/csv_copy_dag_2.py
[2024-05-23T16:23:47.002+0000] {processor.py:830} INFO - Processing file /opt/airflow/dags/csv_copy_dag_2.py for tasks to queue
[2024-05-23T16:23:47.003+0000] {logging_mixin.py:188} INFO - [2024-05-23T16:23:47.003+0000] {dagbag.py:545} INFO - Filling up the DagBag from /opt/airflow/dags/csv_copy_dag_2.py
[2024-05-23T16:23:47.017+0000] {processor.py:840} INFO - DAG(s) 'csv_copy_dag_2' retrieved from /opt/airflow/dags/csv_copy_dag_2.py
[2024-05-23T16:23:47.035+0000] {logging_mixin.py:188} INFO - [2024-05-23T16:23:47.035+0000] {dag.py:3096} INFO - Sync 1 DAGs
[2024-05-23T16:23:47.050+0000] {logging_mixin.py:188} INFO - [2024-05-23T16:23:47.050+0000] {dag.py:3954} INFO - Setting next_dagrun for csv_copy_dag_2 to 2024-05-23 00:00:00+00:00, run_after=2024-05-24 00:00:00+00:00
[2024-05-23T16:23:47.070+0000] {processor.py:183} INFO - Processing /opt/airflow/dags/csv_copy_dag_2.py took 0.072 seconds
[2024-05-23T16:23:56.081+0000] {processor.py:161} INFO - Started process (PID=96) to work on /opt/airflow/dags/csv_copy_dag_2.py
[2024-05-23T16:23:56.082+0000] {processor.py:830} INFO - Processing file /opt/airflow/dags/csv_copy_dag_2.py for tasks to queue
[2024-05-23T16:23:56.084+0000] {logging_mixin.py:188} INFO - [2024-05-23T16:23:56.084+0000] {dagbag.py:545} INFO - Filling up the DagBag from /opt/airflow/dags/csv_copy_dag_2.py
[2024-05-23T16:23:56.110+0000] {processor.py:840} INFO - DAG(s) 'csv_copy_dag_2' retrieved from /opt/airflow/dags/csv_copy_dag_2.py
[2024-05-23T16:23:56.134+0000] {logging_mixin.py:188} INFO - [2024-05-23T16:23:56.133+0000] {dag.py:3096} INFO - Sync 1 DAGs
[2024-05-23T16:23:56.154+0000] {logging_mixin.py:188} INFO - [2024-05-23T16:23:56.154+0000] {dag.py:3954} INFO - Setting next_dagrun for csv_copy_dag_2 to 2024-05-23 00:00:00+00:00, run_after=2024-05-24 00:00:00+00:00
[2024-05-23T16:23:56.176+0000] {processor.py:183} INFO - Processing /opt/airflow/dags/csv_copy_dag_2.py took 0.100 seconds
[2024-05-23T16:24:26.370+0000] {processor.py:161} INFO - Started process (PID=104) to work on /opt/airflow/dags/csv_copy_dag_2.py
[2024-05-23T16:24:26.371+0000] {processor.py:830} INFO - Processing file /opt/airflow/dags/csv_copy_dag_2.py for tasks to queue
[2024-05-23T16:24:26.373+0000] {logging_mixin.py:188} INFO - [2024-05-23T16:24:26.373+0000] {dagbag.py:545} INFO - Filling up the DagBag from /opt/airflow/dags/csv_copy_dag_2.py
[2024-05-23T16:24:26.390+0000] {processor.py:840} INFO - DAG(s) 'csv_copy_dag_2' retrieved from /opt/airflow/dags/csv_copy_dag_2.py
[2024-05-23T16:24:26.415+0000] {logging_mixin.py:188} INFO - [2024-05-23T16:24:26.415+0000] {dag.py:3096} INFO - Sync 1 DAGs
[2024-05-23T16:24:26.433+0000] {logging_mixin.py:188} INFO - [2024-05-23T16:24:26.433+0000] {dag.py:3954} INFO - Setting next_dagrun for csv_copy_dag_2 to 2024-05-23 00:00:00+00:00, run_after=2024-05-24 00:00:00+00:00
[2024-05-23T16:24:26.448+0000] {processor.py:183} INFO - Processing /opt/airflow/dags/csv_copy_dag_2.py took 0.082 seconds
[2024-05-23T16:24:30.501+0000] {processor.py:161} INFO - Started process (PID=105) to work on /opt/airflow/dags/csv_copy_dag_2.py
[2024-05-23T16:24:30.502+0000] {processor.py:830} INFO - Processing file /opt/airflow/dags/csv_copy_dag_2.py for tasks to queue
[2024-05-23T16:24:30.504+0000] {logging_mixin.py:188} INFO - [2024-05-23T16:24:30.504+0000] {dagbag.py:545} INFO - Filling up the DagBag from /opt/airflow/dags/csv_copy_dag_2.py
[2024-05-23T16:24:30.533+0000] {processor.py:840} INFO - DAG(s) 'csv_copy_dag_2' retrieved from /opt/airflow/dags/csv_copy_dag_2.py
[2024-05-23T16:24:30.634+0000] {logging_mixin.py:188} INFO - [2024-05-23T16:24:30.633+0000] {dag.py:3096} INFO - Sync 1 DAGs
[2024-05-23T16:24:30.652+0000] {logging_mixin.py:188} INFO - [2024-05-23T16:24:30.652+0000] {dag.py:3954} INFO - Setting next_dagrun for csv_copy_dag_2 to 2024-05-23 00:00:00+00:00, run_after=2024-05-24 00:00:00+00:00
[2024-05-23T16:24:30.682+0000] {processor.py:183} INFO - Processing /opt/airflow/dags/csv_copy_dag_2.py took 0.185 seconds
[2024-05-23T16:24:37.771+0000] {processor.py:161} INFO - Started process (PID=117) to work on /opt/airflow/dags/csv_copy_dag_2.py
[2024-05-23T16:24:37.772+0000] {processor.py:830} INFO - Processing file /opt/airflow/dags/csv_copy_dag_2.py for tasks to queue
[2024-05-23T16:24:37.774+0000] {logging_mixin.py:188} INFO - [2024-05-23T16:24:37.774+0000] {dagbag.py:545} INFO - Filling up the DagBag from /opt/airflow/dags/csv_copy_dag_2.py
[2024-05-23T16:24:37.808+0000] {processor.py:840} INFO - DAG(s) 'csv_copy_dag_2' retrieved from /opt/airflow/dags/csv_copy_dag_2.py
[2024-05-23T16:24:37.821+0000] {logging_mixin.py:188} INFO - [2024-05-23T16:24:37.821+0000] {dag.py:3096} INFO - Sync 1 DAGs
[2024-05-23T16:24:37.847+0000] {logging_mixin.py:188} INFO - [2024-05-23T16:24:37.847+0000] {dag.py:3954} INFO - Setting next_dagrun for csv_copy_dag_2 to 2024-05-23 00:00:00+00:00, run_after=2024-05-24 00:00:00+00:00
[2024-05-23T16:24:37.875+0000] {processor.py:183} INFO - Processing /opt/airflow/dags/csv_copy_dag_2.py took 0.110 seconds
[2024-05-23T16:25:01.426+0000] {processor.py:161} INFO - Started process (PID=42) to work on /opt/airflow/dags/csv_copy_dag_2.py
[2024-05-23T16:25:01.427+0000] {processor.py:830} INFO - Processing file /opt/airflow/dags/csv_copy_dag_2.py for tasks to queue
[2024-05-23T16:25:01.433+0000] {logging_mixin.py:188} INFO - [2024-05-23T16:25:01.433+0000] {dagbag.py:545} INFO - Filling up the DagBag from /opt/airflow/dags/csv_copy_dag_2.py
[2024-05-23T16:25:01.457+0000] {processor.py:840} INFO - DAG(s) 'csv_copy_dag_2' retrieved from /opt/airflow/dags/csv_copy_dag_2.py
[2024-05-23T16:25:01.573+0000] {logging_mixin.py:188} INFO - [2024-05-23T16:25:01.573+0000] {dag.py:3096} INFO - Sync 1 DAGs
[2024-05-23T16:25:01.591+0000] {logging_mixin.py:188} INFO - [2024-05-23T16:25:01.590+0000] {dag.py:3954} INFO - Setting next_dagrun for csv_copy_dag_2 to 2024-05-23 00:00:00+00:00, run_after=2024-05-24 00:00:00+00:00
[2024-05-23T16:25:01.609+0000] {processor.py:183} INFO - Processing /opt/airflow/dags/csv_copy_dag_2.py took 0.189 seconds
[2024-05-23T16:25:31.846+0000] {processor.py:161} INFO - Started process (PID=50) to work on /opt/airflow/dags/csv_copy_dag_2.py
[2024-05-23T16:25:31.847+0000] {processor.py:830} INFO - Processing file /opt/airflow/dags/csv_copy_dag_2.py for tasks to queue
[2024-05-23T16:25:31.849+0000] {logging_mixin.py:188} INFO - [2024-05-23T16:25:31.849+0000] {dagbag.py:545} INFO - Filling up the DagBag from /opt/airflow/dags/csv_copy_dag_2.py
[2024-05-23T16:25:31.866+0000] {processor.py:840} INFO - DAG(s) 'csv_copy_dag_2' retrieved from /opt/airflow/dags/csv_copy_dag_2.py
[2024-05-23T16:25:31.887+0000] {logging_mixin.py:188} INFO - [2024-05-23T16:25:31.886+0000] {dag.py:3096} INFO - Sync 1 DAGs
[2024-05-23T16:25:31.905+0000] {logging_mixin.py:188} INFO - [2024-05-23T16:25:31.905+0000] {dag.py:3954} INFO - Setting next_dagrun for csv_copy_dag_2 to 2024-05-23 00:00:00+00:00, run_after=2024-05-24 00:00:00+00:00
[2024-05-23T16:25:31.925+0000] {processor.py:183} INFO - Processing /opt/airflow/dags/csv_copy_dag_2.py took 0.083 seconds
[2024-05-23T16:26:02.026+0000] {processor.py:161} INFO - Started process (PID=58) to work on /opt/airflow/dags/csv_copy_dag_2.py
[2024-05-23T16:26:02.026+0000] {processor.py:830} INFO - Processing file /opt/airflow/dags/csv_copy_dag_2.py for tasks to queue
[2024-05-23T16:26:02.027+0000] {logging_mixin.py:188} INFO - [2024-05-23T16:26:02.027+0000] {dagbag.py:545} INFO - Filling up the DagBag from /opt/airflow/dags/csv_copy_dag_2.py
[2024-05-23T16:26:02.043+0000] {processor.py:840} INFO - DAG(s) 'csv_copy_dag_2' retrieved from /opt/airflow/dags/csv_copy_dag_2.py
[2024-05-23T16:26:02.064+0000] {logging_mixin.py:188} INFO - [2024-05-23T16:26:02.064+0000] {dag.py:3096} INFO - Sync 1 DAGs
[2024-05-23T16:26:02.082+0000] {logging_mixin.py:188} INFO - [2024-05-23T16:26:02.082+0000] {dag.py:3954} INFO - Setting next_dagrun for csv_copy_dag_2 to 2024-05-23 00:00:00+00:00, run_after=2024-05-24 00:00:00+00:00
[2024-05-23T16:26:02.098+0000] {processor.py:183} INFO - Processing /opt/airflow/dags/csv_copy_dag_2.py took 0.076 seconds
[2024-05-23T16:26:32.280+0000] {processor.py:161} INFO - Started process (PID=66) to work on /opt/airflow/dags/csv_copy_dag_2.py
[2024-05-23T16:26:32.281+0000] {processor.py:830} INFO - Processing file /opt/airflow/dags/csv_copy_dag_2.py for tasks to queue
[2024-05-23T16:26:32.281+0000] {logging_mixin.py:188} INFO - [2024-05-23T16:26:32.281+0000] {dagbag.py:545} INFO - Filling up the DagBag from /opt/airflow/dags/csv_copy_dag_2.py
[2024-05-23T16:26:32.301+0000] {processor.py:840} INFO - DAG(s) 'csv_copy_dag_2' retrieved from /opt/airflow/dags/csv_copy_dag_2.py
[2024-05-23T16:26:32.322+0000] {logging_mixin.py:188} INFO - [2024-05-23T16:26:32.322+0000] {dag.py:3096} INFO - Sync 1 DAGs
[2024-05-23T16:26:32.342+0000] {logging_mixin.py:188} INFO - [2024-05-23T16:26:32.342+0000] {dag.py:3954} INFO - Setting next_dagrun for csv_copy_dag_2 to 2024-05-23 00:00:00+00:00, run_after=2024-05-24 00:00:00+00:00
[2024-05-23T16:26:32.364+0000] {processor.py:183} INFO - Processing /opt/airflow/dags/csv_copy_dag_2.py took 0.089 seconds
[2024-05-23T16:27:02.451+0000] {processor.py:161} INFO - Started process (PID=74) to work on /opt/airflow/dags/csv_copy_dag_2.py
[2024-05-23T16:27:02.452+0000] {processor.py:830} INFO - Processing file /opt/airflow/dags/csv_copy_dag_2.py for tasks to queue
[2024-05-23T16:27:02.453+0000] {logging_mixin.py:188} INFO - [2024-05-23T16:27:02.452+0000] {dagbag.py:545} INFO - Filling up the DagBag from /opt/airflow/dags/csv_copy_dag_2.py
[2024-05-23T16:27:02.472+0000] {processor.py:840} INFO - DAG(s) 'csv_copy_dag_2' retrieved from /opt/airflow/dags/csv_copy_dag_2.py
[2024-05-23T16:27:02.495+0000] {logging_mixin.py:188} INFO - [2024-05-23T16:27:02.495+0000] {dag.py:3096} INFO - Sync 1 DAGs
[2024-05-23T16:27:02.517+0000] {logging_mixin.py:188} INFO - [2024-05-23T16:27:02.517+0000] {dag.py:3954} INFO - Setting next_dagrun for csv_copy_dag_2 to 2024-05-23 00:00:00+00:00, run_after=2024-05-24 00:00:00+00:00
[2024-05-23T16:27:02.541+0000] {processor.py:183} INFO - Processing /opt/airflow/dags/csv_copy_dag_2.py took 0.095 seconds
[2024-05-23T16:27:32.668+0000] {processor.py:161} INFO - Started process (PID=82) to work on /opt/airflow/dags/csv_copy_dag_2.py
[2024-05-23T16:27:32.669+0000] {processor.py:830} INFO - Processing file /opt/airflow/dags/csv_copy_dag_2.py for tasks to queue
[2024-05-23T16:27:32.670+0000] {logging_mixin.py:188} INFO - [2024-05-23T16:27:32.669+0000] {dagbag.py:545} INFO - Filling up the DagBag from /opt/airflow/dags/csv_copy_dag_2.py
[2024-05-23T16:27:32.688+0000] {processor.py:840} INFO - DAG(s) 'csv_copy_dag_2' retrieved from /opt/airflow/dags/csv_copy_dag_2.py
[2024-05-23T16:27:32.712+0000] {logging_mixin.py:188} INFO - [2024-05-23T16:27:32.712+0000] {dag.py:3096} INFO - Sync 1 DAGs
[2024-05-23T16:27:32.733+0000] {logging_mixin.py:188} INFO - [2024-05-23T16:27:32.733+0000] {dag.py:3954} INFO - Setting next_dagrun for csv_copy_dag_2 to 2024-05-23 00:00:00+00:00, run_after=2024-05-24 00:00:00+00:00
[2024-05-23T16:27:32.756+0000] {processor.py:183} INFO - Processing /opt/airflow/dags/csv_copy_dag_2.py took 0.093 seconds
[2024-05-23T16:27:54.898+0000] {processor.py:161} INFO - Started process (PID=90) to work on /opt/airflow/dags/csv_copy_dag_2.py
[2024-05-23T16:27:54.899+0000] {processor.py:830} INFO - Processing file /opt/airflow/dags/csv_copy_dag_2.py for tasks to queue
[2024-05-23T16:27:54.901+0000] {logging_mixin.py:188} INFO - [2024-05-23T16:27:54.900+0000] {dagbag.py:545} INFO - Filling up the DagBag from /opt/airflow/dags/csv_copy_dag_2.py
[2024-05-23T16:27:54.928+0000] {processor.py:840} INFO - DAG(s) 'csv_copy_dag_2' retrieved from /opt/airflow/dags/csv_copy_dag_2.py
[2024-05-23T16:27:54.950+0000] {logging_mixin.py:188} INFO - [2024-05-23T16:27:54.950+0000] {dag.py:3096} INFO - Sync 1 DAGs
[2024-05-23T16:27:54.969+0000] {logging_mixin.py:188} INFO - [2024-05-23T16:27:54.968+0000] {dag.py:3954} INFO - Setting next_dagrun for csv_copy_dag_2 to 2024-05-23 00:00:00+00:00, run_after=2024-05-24 00:00:00+00:00
[2024-05-23T16:27:54.995+0000] {processor.py:183} INFO - Processing /opt/airflow/dags/csv_copy_dag_2.py took 0.102 seconds
[2024-05-23T16:28:25.125+0000] {processor.py:161} INFO - Started process (PID=98) to work on /opt/airflow/dags/csv_copy_dag_2.py
[2024-05-23T16:28:25.126+0000] {processor.py:830} INFO - Processing file /opt/airflow/dags/csv_copy_dag_2.py for tasks to queue
[2024-05-23T16:28:25.127+0000] {logging_mixin.py:188} INFO - [2024-05-23T16:28:25.127+0000] {dagbag.py:545} INFO - Filling up the DagBag from /opt/airflow/dags/csv_copy_dag_2.py
[2024-05-23T16:28:25.146+0000] {processor.py:840} INFO - DAG(s) 'csv_copy_dag_2' retrieved from /opt/airflow/dags/csv_copy_dag_2.py
[2024-05-23T16:28:25.170+0000] {logging_mixin.py:188} INFO - [2024-05-23T16:28:25.169+0000] {dag.py:3096} INFO - Sync 1 DAGs
[2024-05-23T16:28:25.187+0000] {logging_mixin.py:188} INFO - [2024-05-23T16:28:25.187+0000] {dag.py:3954} INFO - Setting next_dagrun for csv_copy_dag_2 to 2024-05-23 00:00:00+00:00, run_after=2024-05-24 00:00:00+00:00
[2024-05-23T16:28:25.209+0000] {processor.py:183} INFO - Processing /opt/airflow/dags/csv_copy_dag_2.py took 0.088 seconds
[2024-05-23T16:28:29.202+0000] {processor.py:161} INFO - Started process (PID=99) to work on /opt/airflow/dags/csv_copy_dag_2.py
[2024-05-23T16:28:29.203+0000] {processor.py:830} INFO - Processing file /opt/airflow/dags/csv_copy_dag_2.py for tasks to queue
[2024-05-23T16:28:29.204+0000] {logging_mixin.py:188} INFO - [2024-05-23T16:28:29.204+0000] {dagbag.py:545} INFO - Filling up the DagBag from /opt/airflow/dags/csv_copy_dag_2.py
[2024-05-23T16:28:29.230+0000] {processor.py:840} INFO - DAG(s) 'csv_copy_dag_2' retrieved from /opt/airflow/dags/csv_copy_dag_2.py
[2024-05-23T16:28:29.254+0000] {logging_mixin.py:188} INFO - [2024-05-23T16:28:29.254+0000] {dag.py:3096} INFO - Sync 1 DAGs
[2024-05-23T16:28:29.275+0000] {logging_mixin.py:188} INFO - [2024-05-23T16:28:29.275+0000] {dag.py:3954} INFO - Setting next_dagrun for csv_copy_dag_2 to 2024-05-23 00:00:00+00:00, run_after=2024-05-24 00:00:00+00:00
[2024-05-23T16:28:29.301+0000] {processor.py:183} INFO - Processing /opt/airflow/dags/csv_copy_dag_2.py took 0.103 seconds
[2024-05-23T16:28:59.636+0000] {processor.py:161} INFO - Started process (PID=107) to work on /opt/airflow/dags/csv_copy_dag_2.py
[2024-05-23T16:28:59.637+0000] {processor.py:830} INFO - Processing file /opt/airflow/dags/csv_copy_dag_2.py for tasks to queue
[2024-05-23T16:28:59.638+0000] {logging_mixin.py:188} INFO - [2024-05-23T16:28:59.638+0000] {dagbag.py:545} INFO - Filling up the DagBag from /opt/airflow/dags/csv_copy_dag_2.py
[2024-05-23T16:28:59.656+0000] {processor.py:840} INFO - DAG(s) 'csv_copy_dag_2' retrieved from /opt/airflow/dags/csv_copy_dag_2.py
[2024-05-23T16:28:59.676+0000] {logging_mixin.py:188} INFO - [2024-05-23T16:28:59.676+0000] {dag.py:3096} INFO - Sync 1 DAGs
[2024-05-23T16:28:59.694+0000] {logging_mixin.py:188} INFO - [2024-05-23T16:28:59.694+0000] {dag.py:3954} INFO - Setting next_dagrun for csv_copy_dag_2 to 2024-05-23 00:00:00+00:00, run_after=2024-05-24 00:00:00+00:00
[2024-05-23T16:28:59.731+0000] {processor.py:183} INFO - Processing /opt/airflow/dags/csv_copy_dag_2.py took 0.101 seconds
[2024-05-23T16:29:30.095+0000] {processor.py:161} INFO - Started process (PID=115) to work on /opt/airflow/dags/csv_copy_dag_2.py
[2024-05-23T16:29:30.096+0000] {processor.py:830} INFO - Processing file /opt/airflow/dags/csv_copy_dag_2.py for tasks to queue
[2024-05-23T16:29:30.097+0000] {logging_mixin.py:188} INFO - [2024-05-23T16:29:30.097+0000] {dagbag.py:545} INFO - Filling up the DagBag from /opt/airflow/dags/csv_copy_dag_2.py
[2024-05-23T16:29:30.114+0000] {processor.py:840} INFO - DAG(s) 'csv_copy_dag_2' retrieved from /opt/airflow/dags/csv_copy_dag_2.py
[2024-05-23T16:29:30.135+0000] {logging_mixin.py:188} INFO - [2024-05-23T16:29:30.135+0000] {dag.py:3096} INFO - Sync 1 DAGs
[2024-05-23T16:29:30.153+0000] {logging_mixin.py:188} INFO - [2024-05-23T16:29:30.152+0000] {dag.py:3954} INFO - Setting next_dagrun for csv_copy_dag_2 to 2024-05-23 00:00:00+00:00, run_after=2024-05-24 00:00:00+00:00
[2024-05-23T16:29:30.174+0000] {processor.py:183} INFO - Processing /opt/airflow/dags/csv_copy_dag_2.py took 0.083 seconds
