[2024-05-23T15:40:31.349+0000] {processor.py:161} INFO - Started process (PID=162) to work on /opt/airflow/dags/csv_copy_dag.py
[2024-05-23T15:40:31.351+0000] {processor.py:830} INFO - Processing file /opt/airflow/dags/csv_copy_dag.py for tasks to queue
[2024-05-23T15:40:31.352+0000] {logging_mixin.py:188} INFO - [2024-05-23T15:40:31.352+0000] {dagbag.py:545} INFO - Filling up the DagBag from /opt/airflow/dags/csv_copy_dag.py
[2024-05-23T15:40:31.382+0000] {processor.py:840} INFO - DAG(s) 'csv_copy_dag' retrieved from /opt/airflow/dags/csv_copy_dag.py
[2024-05-23T15:40:31.569+0000] {logging_mixin.py:188} INFO - [2024-05-23T15:40:31.568+0000] {override.py:1829} INFO - Created Permission View: can edit on DAG:csv_copy_dag
[2024-05-23T15:40:31.581+0000] {logging_mixin.py:188} INFO - [2024-05-23T15:40:31.581+0000] {override.py:1829} INFO - Created Permission View: can delete on DAG:csv_copy_dag
[2024-05-23T15:40:31.587+0000] {logging_mixin.py:188} INFO - [2024-05-23T15:40:31.587+0000] {override.py:1829} INFO - Created Permission View: can read on DAG:csv_copy_dag
[2024-05-23T15:40:31.588+0000] {logging_mixin.py:188} INFO - [2024-05-23T15:40:31.588+0000] {dag.py:3096} INFO - Sync 1 DAGs
[2024-05-23T15:40:31.598+0000] {logging_mixin.py:188} INFO - [2024-05-23T15:40:31.597+0000] {dag.py:3118} INFO - Creating ORM DAG for csv_copy_dag
[2024-05-23T15:40:31.606+0000] {logging_mixin.py:188} INFO - [2024-05-23T15:40:31.606+0000] {dag.py:3954} INFO - Setting next_dagrun for csv_copy_dag to 2024-05-22 00:00:00+00:00, run_after=2024-05-23 00:00:00+00:00
[2024-05-23T15:40:31.619+0000] {processor.py:183} INFO - Processing /opt/airflow/dags/csv_copy_dag.py took 0.275 seconds
[2024-05-23T15:41:01.785+0000] {processor.py:161} INFO - Started process (PID=169) to work on /opt/airflow/dags/csv_copy_dag.py
[2024-05-23T15:41:01.787+0000] {processor.py:830} INFO - Processing file /opt/airflow/dags/csv_copy_dag.py for tasks to queue
[2024-05-23T15:41:01.788+0000] {logging_mixin.py:188} INFO - [2024-05-23T15:41:01.788+0000] {dagbag.py:545} INFO - Filling up the DagBag from /opt/airflow/dags/csv_copy_dag.py
[2024-05-23T15:41:01.849+0000] {processor.py:840} INFO - DAG(s) 'csv_copy_dag' retrieved from /opt/airflow/dags/csv_copy_dag.py
[2024-05-23T15:41:01.872+0000] {logging_mixin.py:188} INFO - [2024-05-23T15:41:01.872+0000] {dag.py:3096} INFO - Sync 1 DAGs
[2024-05-23T15:41:01.890+0000] {logging_mixin.py:188} INFO - [2024-05-23T15:41:01.890+0000] {dag.py:3954} INFO - Setting next_dagrun for csv_copy_dag to 2024-05-22 00:00:00+00:00, run_after=2024-05-23 00:00:00+00:00
[2024-05-23T15:41:01.910+0000] {processor.py:183} INFO - Processing /opt/airflow/dags/csv_copy_dag.py took 0.130 seconds
[2024-05-23T15:41:18.892+0000] {processor.py:161} INFO - Started process (PID=176) to work on /opt/airflow/dags/csv_copy_dag.py
[2024-05-23T15:41:18.893+0000] {processor.py:830} INFO - Processing file /opt/airflow/dags/csv_copy_dag.py for tasks to queue
[2024-05-23T15:41:18.895+0000] {logging_mixin.py:188} INFO - [2024-05-23T15:41:18.895+0000] {dagbag.py:545} INFO - Filling up the DagBag from /opt/airflow/dags/csv_copy_dag.py
[2024-05-23T15:41:18.913+0000] {logging_mixin.py:188} INFO - [2024-05-23T15:41:18.909+0000] {dagbag.py:355} ERROR - Failed to import: /opt/airflow/dags/csv_copy_dag.py
Traceback (most recent call last):
  File "/home/airflow/.local/lib/python3.12/site-packages/airflow/models/dagbag.py", line 351, in parse
    loader.exec_module(new_module)
  File "<frozen importlib._bootstrap_external>", line 995, in exec_module
  File "<frozen importlib._bootstrap>", line 488, in _call_with_frames_removed
  File "/opt/airflow/dags/csv_copy_dag.py", line 16, in <module>
    dag = DAG(
          ^^^
NameError: name 'DAG' is not defined
[2024-05-23T15:41:18.915+0000] {processor.py:842} WARNING - No viable dags retrieved from /opt/airflow/dags/csv_copy_dag.py
[2024-05-23T15:41:18.936+0000] {processor.py:183} INFO - Processing /opt/airflow/dags/csv_copy_dag.py took 0.050 seconds
[2024-05-23T15:41:49.069+0000] {processor.py:161} INFO - Started process (PID=183) to work on /opt/airflow/dags/csv_copy_dag.py
[2024-05-23T15:41:49.071+0000] {processor.py:830} INFO - Processing file /opt/airflow/dags/csv_copy_dag.py for tasks to queue
[2024-05-23T15:41:49.073+0000] {logging_mixin.py:188} INFO - [2024-05-23T15:41:49.073+0000] {dagbag.py:545} INFO - Filling up the DagBag from /opt/airflow/dags/csv_copy_dag.py
[2024-05-23T15:41:49.091+0000] {logging_mixin.py:188} INFO - [2024-05-23T15:41:49.087+0000] {dagbag.py:355} ERROR - Failed to import: /opt/airflow/dags/csv_copy_dag.py
Traceback (most recent call last):
  File "/home/airflow/.local/lib/python3.12/site-packages/airflow/models/dagbag.py", line 351, in parse
    loader.exec_module(new_module)
  File "<frozen importlib._bootstrap_external>", line 995, in exec_module
  File "<frozen importlib._bootstrap>", line 488, in _call_with_frames_removed
  File "/opt/airflow/dags/csv_copy_dag.py", line 16, in <module>
    dag = DAG(
          ^^^
NameError: name 'DAG' is not defined
[2024-05-23T15:41:49.093+0000] {processor.py:842} WARNING - No viable dags retrieved from /opt/airflow/dags/csv_copy_dag.py
[2024-05-23T15:41:49.107+0000] {processor.py:183} INFO - Processing /opt/airflow/dags/csv_copy_dag.py took 0.045 seconds
[2024-05-23T15:42:19.247+0000] {processor.py:161} INFO - Started process (PID=190) to work on /opt/airflow/dags/csv_copy_dag.py
[2024-05-23T15:42:19.248+0000] {processor.py:830} INFO - Processing file /opt/airflow/dags/csv_copy_dag.py for tasks to queue
[2024-05-23T15:42:19.249+0000] {logging_mixin.py:188} INFO - [2024-05-23T15:42:19.249+0000] {dagbag.py:545} INFO - Filling up the DagBag from /opt/airflow/dags/csv_copy_dag.py
[2024-05-23T15:42:19.259+0000] {logging_mixin.py:188} INFO - [2024-05-23T15:42:19.256+0000] {dagbag.py:355} ERROR - Failed to import: /opt/airflow/dags/csv_copy_dag.py
Traceback (most recent call last):
  File "/home/airflow/.local/lib/python3.12/site-packages/airflow/models/dagbag.py", line 351, in parse
    loader.exec_module(new_module)
  File "<frozen importlib._bootstrap_external>", line 995, in exec_module
  File "<frozen importlib._bootstrap>", line 488, in _call_with_frames_removed
  File "/opt/airflow/dags/csv_copy_dag.py", line 16, in <module>
    dag = DAG(
          ^^^
NameError: name 'DAG' is not defined
[2024-05-23T15:42:19.261+0000] {processor.py:842} WARNING - No viable dags retrieved from /opt/airflow/dags/csv_copy_dag.py
[2024-05-23T15:42:19.280+0000] {processor.py:183} INFO - Processing /opt/airflow/dags/csv_copy_dag.py took 0.037 seconds
[2024-05-23T15:42:49.501+0000] {processor.py:161} INFO - Started process (PID=197) to work on /opt/airflow/dags/csv_copy_dag.py
[2024-05-23T15:42:49.501+0000] {processor.py:830} INFO - Processing file /opt/airflow/dags/csv_copy_dag.py for tasks to queue
[2024-05-23T15:42:49.502+0000] {logging_mixin.py:188} INFO - [2024-05-23T15:42:49.502+0000] {dagbag.py:545} INFO - Filling up the DagBag from /opt/airflow/dags/csv_copy_dag.py
[2024-05-23T15:42:49.516+0000] {logging_mixin.py:188} INFO - [2024-05-23T15:42:49.507+0000] {dagbag.py:355} ERROR - Failed to import: /opt/airflow/dags/csv_copy_dag.py
Traceback (most recent call last):
  File "/home/airflow/.local/lib/python3.12/site-packages/airflow/models/dagbag.py", line 351, in parse
    loader.exec_module(new_module)
  File "<frozen importlib._bootstrap_external>", line 995, in exec_module
  File "<frozen importlib._bootstrap>", line 488, in _call_with_frames_removed
  File "/opt/airflow/dags/csv_copy_dag.py", line 16, in <module>
    dag = DAG(
          ^^^
NameError: name 'DAG' is not defined
[2024-05-23T15:42:49.517+0000] {processor.py:842} WARNING - No viable dags retrieved from /opt/airflow/dags/csv_copy_dag.py
[2024-05-23T15:42:49.530+0000] {processor.py:183} INFO - Processing /opt/airflow/dags/csv_copy_dag.py took 0.034 seconds
[2024-05-23T15:43:19.652+0000] {processor.py:161} INFO - Started process (PID=204) to work on /opt/airflow/dags/csv_copy_dag.py
[2024-05-23T15:43:19.653+0000] {processor.py:830} INFO - Processing file /opt/airflow/dags/csv_copy_dag.py for tasks to queue
[2024-05-23T15:43:19.654+0000] {logging_mixin.py:188} INFO - [2024-05-23T15:43:19.654+0000] {dagbag.py:545} INFO - Filling up the DagBag from /opt/airflow/dags/csv_copy_dag.py
[2024-05-23T15:43:19.670+0000] {logging_mixin.py:188} INFO - [2024-05-23T15:43:19.667+0000] {dagbag.py:355} ERROR - Failed to import: /opt/airflow/dags/csv_copy_dag.py
Traceback (most recent call last):
  File "/home/airflow/.local/lib/python3.12/site-packages/airflow/models/dagbag.py", line 351, in parse
    loader.exec_module(new_module)
  File "<frozen importlib._bootstrap_external>", line 995, in exec_module
  File "<frozen importlib._bootstrap>", line 488, in _call_with_frames_removed
  File "/opt/airflow/dags/csv_copy_dag.py", line 16, in <module>
    dag = DAG(
          ^^^
NameError: name 'DAG' is not defined
[2024-05-23T15:43:19.671+0000] {processor.py:842} WARNING - No viable dags retrieved from /opt/airflow/dags/csv_copy_dag.py
[2024-05-23T15:43:19.691+0000] {processor.py:183} INFO - Processing /opt/airflow/dags/csv_copy_dag.py took 0.044 seconds
[2024-05-23T15:43:49.798+0000] {processor.py:161} INFO - Started process (PID=211) to work on /opt/airflow/dags/csv_copy_dag.py
[2024-05-23T15:43:49.799+0000] {processor.py:830} INFO - Processing file /opt/airflow/dags/csv_copy_dag.py for tasks to queue
[2024-05-23T15:43:49.800+0000] {logging_mixin.py:188} INFO - [2024-05-23T15:43:49.800+0000] {dagbag.py:545} INFO - Filling up the DagBag from /opt/airflow/dags/csv_copy_dag.py
[2024-05-23T15:43:49.808+0000] {logging_mixin.py:188} INFO - [2024-05-23T15:43:49.806+0000] {dagbag.py:355} ERROR - Failed to import: /opt/airflow/dags/csv_copy_dag.py
Traceback (most recent call last):
  File "/home/airflow/.local/lib/python3.12/site-packages/airflow/models/dagbag.py", line 351, in parse
    loader.exec_module(new_module)
  File "<frozen importlib._bootstrap_external>", line 995, in exec_module
  File "<frozen importlib._bootstrap>", line 488, in _call_with_frames_removed
  File "/opt/airflow/dags/csv_copy_dag.py", line 16, in <module>
    dag = DAG(
          ^^^
NameError: name 'DAG' is not defined
[2024-05-23T15:43:49.810+0000] {processor.py:842} WARNING - No viable dags retrieved from /opt/airflow/dags/csv_copy_dag.py
[2024-05-23T15:43:49.827+0000] {processor.py:183} INFO - Processing /opt/airflow/dags/csv_copy_dag.py took 0.034 seconds
[2024-05-23T15:44:05.915+0000] {processor.py:161} INFO - Started process (PID=212) to work on /opt/airflow/dags/csv_copy_dag.py
[2024-05-23T15:44:05.916+0000] {processor.py:830} INFO - Processing file /opt/airflow/dags/csv_copy_dag.py for tasks to queue
[2024-05-23T15:44:05.917+0000] {logging_mixin.py:188} INFO - [2024-05-23T15:44:05.917+0000] {dagbag.py:545} INFO - Filling up the DagBag from /opt/airflow/dags/csv_copy_dag.py
[2024-05-23T15:44:05.943+0000] {processor.py:840} INFO - DAG(s) 'csv_copy_dag' retrieved from /opt/airflow/dags/csv_copy_dag.py
[2024-05-23T15:44:06.042+0000] {logging_mixin.py:188} INFO - [2024-05-23T15:44:06.041+0000] {dag.py:3096} INFO - Sync 1 DAGs
[2024-05-23T15:44:06.060+0000] {logging_mixin.py:188} INFO - [2024-05-23T15:44:06.060+0000] {dag.py:3954} INFO - Setting next_dagrun for csv_copy_dag to 2024-05-22 00:00:00+00:00, run_after=2024-05-23 00:00:00+00:00
[2024-05-23T15:44:06.083+0000] {processor.py:183} INFO - Processing /opt/airflow/dags/csv_copy_dag.py took 0.173 seconds
[2024-05-23T15:44:36.243+0000] {processor.py:161} INFO - Started process (PID=219) to work on /opt/airflow/dags/csv_copy_dag.py
[2024-05-23T15:44:36.244+0000] {processor.py:830} INFO - Processing file /opt/airflow/dags/csv_copy_dag.py for tasks to queue
[2024-05-23T15:44:36.245+0000] {logging_mixin.py:188} INFO - [2024-05-23T15:44:36.244+0000] {dagbag.py:545} INFO - Filling up the DagBag from /opt/airflow/dags/csv_copy_dag.py
[2024-05-23T15:44:36.278+0000] {processor.py:840} INFO - DAG(s) 'csv_copy_dag' retrieved from /opt/airflow/dags/csv_copy_dag.py
[2024-05-23T15:44:36.300+0000] {logging_mixin.py:188} INFO - [2024-05-23T15:44:36.300+0000] {dag.py:3096} INFO - Sync 1 DAGs
[2024-05-23T15:44:36.326+0000] {logging_mixin.py:188} INFO - [2024-05-23T15:44:36.325+0000] {dag.py:3954} INFO - Setting next_dagrun for csv_copy_dag to 2024-05-23 00:00:00+00:00, run_after=2024-05-24 00:00:00+00:00
[2024-05-23T15:44:36.346+0000] {processor.py:183} INFO - Processing /opt/airflow/dags/csv_copy_dag.py took 0.108 seconds
[2024-05-23T15:45:06.399+0000] {processor.py:161} INFO - Started process (PID=226) to work on /opt/airflow/dags/csv_copy_dag.py
[2024-05-23T15:45:06.400+0000] {processor.py:830} INFO - Processing file /opt/airflow/dags/csv_copy_dag.py for tasks to queue
[2024-05-23T15:45:06.401+0000] {logging_mixin.py:188} INFO - [2024-05-23T15:45:06.401+0000] {dagbag.py:545} INFO - Filling up the DagBag from /opt/airflow/dags/csv_copy_dag.py
[2024-05-23T15:45:06.424+0000] {processor.py:840} INFO - DAG(s) 'csv_copy_dag' retrieved from /opt/airflow/dags/csv_copy_dag.py
[2024-05-23T15:45:06.447+0000] {logging_mixin.py:188} INFO - [2024-05-23T15:45:06.447+0000] {dag.py:3096} INFO - Sync 1 DAGs
[2024-05-23T15:45:06.468+0000] {logging_mixin.py:188} INFO - [2024-05-23T15:45:06.468+0000] {dag.py:3954} INFO - Setting next_dagrun for csv_copy_dag to 2024-05-23 00:00:00+00:00, run_after=2024-05-24 00:00:00+00:00
[2024-05-23T15:45:06.489+0000] {processor.py:183} INFO - Processing /opt/airflow/dags/csv_copy_dag.py took 0.097 seconds
[2024-05-23T15:45:23.588+0000] {processor.py:161} INFO - Started process (PID=233) to work on /opt/airflow/dags/csv_copy_dag.py
[2024-05-23T15:45:23.589+0000] {processor.py:830} INFO - Processing file /opt/airflow/dags/csv_copy_dag.py for tasks to queue
[2024-05-23T15:45:23.590+0000] {logging_mixin.py:188} INFO - [2024-05-23T15:45:23.590+0000] {dagbag.py:545} INFO - Filling up the DagBag from /opt/airflow/dags/csv_copy_dag.py
[2024-05-23T15:45:23.610+0000] {processor.py:840} INFO - DAG(s) 'csv_copy_dag' retrieved from /opt/airflow/dags/csv_copy_dag.py
[2024-05-23T15:45:23.628+0000] {logging_mixin.py:188} INFO - [2024-05-23T15:45:23.628+0000] {dag.py:3096} INFO - Sync 1 DAGs
[2024-05-23T15:45:23.644+0000] {logging_mixin.py:188} INFO - [2024-05-23T15:45:23.644+0000] {dag.py:3954} INFO - Setting next_dagrun for csv_copy_dag to 2024-05-23 00:00:00+00:00, run_after=2024-05-24 00:00:00+00:00
[2024-05-23T15:45:23.666+0000] {processor.py:183} INFO - Processing /opt/airflow/dags/csv_copy_dag.py took 0.083 seconds
[2024-05-23T15:45:53.784+0000] {processor.py:161} INFO - Started process (PID=240) to work on /opt/airflow/dags/csv_copy_dag.py
[2024-05-23T15:45:53.786+0000] {processor.py:830} INFO - Processing file /opt/airflow/dags/csv_copy_dag.py for tasks to queue
[2024-05-23T15:45:53.787+0000] {logging_mixin.py:188} INFO - [2024-05-23T15:45:53.787+0000] {dagbag.py:545} INFO - Filling up the DagBag from /opt/airflow/dags/csv_copy_dag.py
[2024-05-23T15:45:53.817+0000] {processor.py:840} INFO - DAG(s) 'csv_copy_dag' retrieved from /opt/airflow/dags/csv_copy_dag.py
[2024-05-23T15:45:53.838+0000] {logging_mixin.py:188} INFO - [2024-05-23T15:45:53.838+0000] {dag.py:3096} INFO - Sync 1 DAGs
[2024-05-23T15:45:53.857+0000] {logging_mixin.py:188} INFO - [2024-05-23T15:45:53.857+0000] {dag.py:3954} INFO - Setting next_dagrun for csv_copy_dag to 2024-05-23 00:00:00+00:00, run_after=2024-05-24 00:00:00+00:00
[2024-05-23T15:45:53.872+0000] {processor.py:183} INFO - Processing /opt/airflow/dags/csv_copy_dag.py took 0.093 seconds
[2024-05-23T15:46:23.986+0000] {processor.py:161} INFO - Started process (PID=247) to work on /opt/airflow/dags/csv_copy_dag.py
[2024-05-23T15:46:23.986+0000] {processor.py:830} INFO - Processing file /opt/airflow/dags/csv_copy_dag.py for tasks to queue
[2024-05-23T15:46:23.987+0000] {logging_mixin.py:188} INFO - [2024-05-23T15:46:23.987+0000] {dagbag.py:545} INFO - Filling up the DagBag from /opt/airflow/dags/csv_copy_dag.py
[2024-05-23T15:46:24.005+0000] {processor.py:840} INFO - DAG(s) 'csv_copy_dag' retrieved from /opt/airflow/dags/csv_copy_dag.py
[2024-05-23T15:46:24.022+0000] {logging_mixin.py:188} INFO - [2024-05-23T15:46:24.022+0000] {dag.py:3096} INFO - Sync 1 DAGs
[2024-05-23T15:46:24.036+0000] {logging_mixin.py:188} INFO - [2024-05-23T15:46:24.036+0000] {dag.py:3954} INFO - Setting next_dagrun for csv_copy_dag to 2024-05-23 00:00:00+00:00, run_after=2024-05-24 00:00:00+00:00
[2024-05-23T15:46:24.050+0000] {processor.py:183} INFO - Processing /opt/airflow/dags/csv_copy_dag.py took 0.069 seconds
[2024-05-23T15:46:54.182+0000] {processor.py:161} INFO - Started process (PID=254) to work on /opt/airflow/dags/csv_copy_dag.py
[2024-05-23T15:46:54.188+0000] {processor.py:830} INFO - Processing file /opt/airflow/dags/csv_copy_dag.py for tasks to queue
[2024-05-23T15:46:54.190+0000] {logging_mixin.py:188} INFO - [2024-05-23T15:46:54.189+0000] {dagbag.py:545} INFO - Filling up the DagBag from /opt/airflow/dags/csv_copy_dag.py
[2024-05-23T15:46:54.210+0000] {processor.py:840} INFO - DAG(s) 'csv_copy_dag' retrieved from /opt/airflow/dags/csv_copy_dag.py
[2024-05-23T15:46:54.267+0000] {logging_mixin.py:188} INFO - [2024-05-23T15:46:54.267+0000] {dag.py:3096} INFO - Sync 1 DAGs
[2024-05-23T15:46:54.287+0000] {logging_mixin.py:188} INFO - [2024-05-23T15:46:54.286+0000] {dag.py:3954} INFO - Setting next_dagrun for csv_copy_dag to 2024-05-23 00:00:00+00:00, run_after=2024-05-24 00:00:00+00:00
[2024-05-23T15:46:54.301+0000] {processor.py:183} INFO - Processing /opt/airflow/dags/csv_copy_dag.py took 0.124 seconds
[2024-05-23T15:47:24.345+0000] {processor.py:161} INFO - Started process (PID=261) to work on /opt/airflow/dags/csv_copy_dag.py
[2024-05-23T15:47:24.346+0000] {processor.py:830} INFO - Processing file /opt/airflow/dags/csv_copy_dag.py for tasks to queue
[2024-05-23T15:47:24.347+0000] {logging_mixin.py:188} INFO - [2024-05-23T15:47:24.347+0000] {dagbag.py:545} INFO - Filling up the DagBag from /opt/airflow/dags/csv_copy_dag.py
[2024-05-23T15:47:24.365+0000] {processor.py:840} INFO - DAG(s) 'csv_copy_dag' retrieved from /opt/airflow/dags/csv_copy_dag.py
[2024-05-23T15:47:24.387+0000] {logging_mixin.py:188} INFO - [2024-05-23T15:47:24.387+0000] {dag.py:3096} INFO - Sync 1 DAGs
[2024-05-23T15:47:24.404+0000] {logging_mixin.py:188} INFO - [2024-05-23T15:47:24.404+0000] {dag.py:3954} INFO - Setting next_dagrun for csv_copy_dag to 2024-05-23 00:00:00+00:00, run_after=2024-05-24 00:00:00+00:00
[2024-05-23T15:47:24.422+0000] {processor.py:183} INFO - Processing /opt/airflow/dags/csv_copy_dag.py took 0.082 seconds
[2024-05-23T15:47:54.495+0000] {processor.py:161} INFO - Started process (PID=268) to work on /opt/airflow/dags/csv_copy_dag.py
[2024-05-23T15:47:54.496+0000] {processor.py:830} INFO - Processing file /opt/airflow/dags/csv_copy_dag.py for tasks to queue
[2024-05-23T15:47:54.496+0000] {logging_mixin.py:188} INFO - [2024-05-23T15:47:54.496+0000] {dagbag.py:545} INFO - Filling up the DagBag from /opt/airflow/dags/csv_copy_dag.py
[2024-05-23T15:47:54.510+0000] {processor.py:840} INFO - DAG(s) 'csv_copy_dag' retrieved from /opt/airflow/dags/csv_copy_dag.py
[2024-05-23T15:47:54.528+0000] {logging_mixin.py:188} INFO - [2024-05-23T15:47:54.528+0000] {dag.py:3096} INFO - Sync 1 DAGs
[2024-05-23T15:47:54.544+0000] {logging_mixin.py:188} INFO - [2024-05-23T15:47:54.544+0000] {dag.py:3954} INFO - Setting next_dagrun for csv_copy_dag to 2024-05-23 00:00:00+00:00, run_after=2024-05-24 00:00:00+00:00
[2024-05-23T15:47:54.561+0000] {processor.py:183} INFO - Processing /opt/airflow/dags/csv_copy_dag.py took 0.071 seconds
[2024-05-23T15:48:24.735+0000] {processor.py:161} INFO - Started process (PID=275) to work on /opt/airflow/dags/csv_copy_dag.py
[2024-05-23T15:48:24.736+0000] {processor.py:830} INFO - Processing file /opt/airflow/dags/csv_copy_dag.py for tasks to queue
[2024-05-23T15:48:24.737+0000] {logging_mixin.py:188} INFO - [2024-05-23T15:48:24.737+0000] {dagbag.py:545} INFO - Filling up the DagBag from /opt/airflow/dags/csv_copy_dag.py
[2024-05-23T15:48:24.760+0000] {processor.py:840} INFO - DAG(s) 'csv_copy_dag' retrieved from /opt/airflow/dags/csv_copy_dag.py
[2024-05-23T15:48:24.787+0000] {logging_mixin.py:188} INFO - [2024-05-23T15:48:24.787+0000] {dag.py:3096} INFO - Sync 1 DAGs
[2024-05-23T15:48:24.810+0000] {logging_mixin.py:188} INFO - [2024-05-23T15:48:24.810+0000] {dag.py:3954} INFO - Setting next_dagrun for csv_copy_dag to 2024-05-23 00:00:00+00:00, run_after=2024-05-24 00:00:00+00:00
[2024-05-23T15:48:24.838+0000] {processor.py:183} INFO - Processing /opt/airflow/dags/csv_copy_dag.py took 0.108 seconds
[2024-05-23T15:48:54.912+0000] {processor.py:161} INFO - Started process (PID=282) to work on /opt/airflow/dags/csv_copy_dag.py
[2024-05-23T15:48:54.914+0000] {processor.py:830} INFO - Processing file /opt/airflow/dags/csv_copy_dag.py for tasks to queue
[2024-05-23T15:48:54.916+0000] {logging_mixin.py:188} INFO - [2024-05-23T15:48:54.915+0000] {dagbag.py:545} INFO - Filling up the DagBag from /opt/airflow/dags/csv_copy_dag.py
[2024-05-23T15:48:54.947+0000] {processor.py:840} INFO - DAG(s) 'csv_copy_dag' retrieved from /opt/airflow/dags/csv_copy_dag.py
[2024-05-23T15:48:54.972+0000] {logging_mixin.py:188} INFO - [2024-05-23T15:48:54.972+0000] {dag.py:3096} INFO - Sync 1 DAGs
[2024-05-23T15:48:54.992+0000] {logging_mixin.py:188} INFO - [2024-05-23T15:48:54.992+0000] {dag.py:3954} INFO - Setting next_dagrun for csv_copy_dag to 2024-05-23 00:00:00+00:00, run_after=2024-05-24 00:00:00+00:00
[2024-05-23T15:48:55.018+0000] {processor.py:183} INFO - Processing /opt/airflow/dags/csv_copy_dag.py took 0.117 seconds
[2024-05-23T15:48:59.026+0000] {processor.py:161} INFO - Started process (PID=283) to work on /opt/airflow/dags/csv_copy_dag.py
[2024-05-23T15:48:59.029+0000] {processor.py:830} INFO - Processing file /opt/airflow/dags/csv_copy_dag.py for tasks to queue
[2024-05-23T15:48:59.030+0000] {logging_mixin.py:188} INFO - [2024-05-23T15:48:59.030+0000] {dagbag.py:545} INFO - Filling up the DagBag from /opt/airflow/dags/csv_copy_dag.py
[2024-05-23T15:48:59.055+0000] {processor.py:840} INFO - DAG(s) 'csv_copy_dag' retrieved from /opt/airflow/dags/csv_copy_dag.py
[2024-05-23T15:48:59.076+0000] {logging_mixin.py:188} INFO - [2024-05-23T15:48:59.076+0000] {dag.py:3096} INFO - Sync 1 DAGs
[2024-05-23T15:48:59.094+0000] {logging_mixin.py:188} INFO - [2024-05-23T15:48:59.093+0000] {dag.py:3954} INFO - Setting next_dagrun for csv_copy_dag to 2024-05-23 00:00:00+00:00, run_after=2024-05-24 00:00:00+00:00
[2024-05-23T15:48:59.111+0000] {processor.py:183} INFO - Processing /opt/airflow/dags/csv_copy_dag.py took 0.090 seconds
[2024-05-23T15:50:35.124+0000] {processor.py:161} INFO - Started process (PID=42) to work on /opt/airflow/dags/csv_copy_dag.py
[2024-05-23T15:50:35.128+0000] {processor.py:830} INFO - Processing file /opt/airflow/dags/csv_copy_dag.py for tasks to queue
[2024-05-23T15:50:35.130+0000] {logging_mixin.py:188} INFO - [2024-05-23T15:50:35.130+0000] {dagbag.py:545} INFO - Filling up the DagBag from /opt/airflow/dags/csv_copy_dag.py
[2024-05-23T15:50:35.162+0000] {processor.py:840} INFO - DAG(s) 'csv_copy_dag' retrieved from /opt/airflow/dags/csv_copy_dag.py
[2024-05-23T15:50:35.358+0000] {logging_mixin.py:188} INFO - [2024-05-23T15:50:35.358+0000] {dag.py:3096} INFO - Sync 1 DAGs
[2024-05-23T15:50:35.393+0000] {logging_mixin.py:188} INFO - [2024-05-23T15:50:35.393+0000] {dag.py:3954} INFO - Setting next_dagrun for csv_copy_dag to 2024-05-23 00:00:00+00:00, run_after=2024-05-24 00:00:00+00:00
[2024-05-23T15:50:35.432+0000] {processor.py:183} INFO - Processing /opt/airflow/dags/csv_copy_dag.py took 0.312 seconds
[2024-05-23T15:51:05.609+0000] {processor.py:161} INFO - Started process (PID=49) to work on /opt/airflow/dags/csv_copy_dag.py
[2024-05-23T15:51:05.614+0000] {processor.py:830} INFO - Processing file /opt/airflow/dags/csv_copy_dag.py for tasks to queue
[2024-05-23T15:51:05.616+0000] {logging_mixin.py:188} INFO - [2024-05-23T15:51:05.615+0000] {dagbag.py:545} INFO - Filling up the DagBag from /opt/airflow/dags/csv_copy_dag.py
[2024-05-23T15:51:05.636+0000] {processor.py:840} INFO - DAG(s) 'csv_copy_dag' retrieved from /opt/airflow/dags/csv_copy_dag.py
[2024-05-23T15:51:05.666+0000] {logging_mixin.py:188} INFO - [2024-05-23T15:51:05.666+0000] {dag.py:3096} INFO - Sync 1 DAGs
[2024-05-23T15:51:05.691+0000] {logging_mixin.py:188} INFO - [2024-05-23T15:51:05.691+0000] {dag.py:3954} INFO - Setting next_dagrun for csv_copy_dag to 2024-05-23 00:00:00+00:00, run_after=2024-05-24 00:00:00+00:00
[2024-05-23T15:51:05.712+0000] {processor.py:183} INFO - Processing /opt/airflow/dags/csv_copy_dag.py took 0.111 seconds
[2024-05-23T15:51:35.793+0000] {processor.py:161} INFO - Started process (PID=56) to work on /opt/airflow/dags/csv_copy_dag.py
[2024-05-23T15:51:35.794+0000] {processor.py:830} INFO - Processing file /opt/airflow/dags/csv_copy_dag.py for tasks to queue
[2024-05-23T15:51:35.797+0000] {logging_mixin.py:188} INFO - [2024-05-23T15:51:35.796+0000] {dagbag.py:545} INFO - Filling up the DagBag from /opt/airflow/dags/csv_copy_dag.py
[2024-05-23T15:51:35.814+0000] {processor.py:840} INFO - DAG(s) 'csv_copy_dag' retrieved from /opt/airflow/dags/csv_copy_dag.py
[2024-05-23T15:51:35.842+0000] {logging_mixin.py:188} INFO - [2024-05-23T15:51:35.841+0000] {dag.py:3096} INFO - Sync 1 DAGs
[2024-05-23T15:51:35.863+0000] {logging_mixin.py:188} INFO - [2024-05-23T15:51:35.862+0000] {dag.py:3954} INFO - Setting next_dagrun for csv_copy_dag to 2024-05-23 00:00:00+00:00, run_after=2024-05-24 00:00:00+00:00
[2024-05-23T15:51:35.882+0000] {processor.py:183} INFO - Processing /opt/airflow/dags/csv_copy_dag.py took 0.095 seconds
[2024-05-23T15:52:06.037+0000] {processor.py:161} INFO - Started process (PID=63) to work on /opt/airflow/dags/csv_copy_dag.py
[2024-05-23T15:52:06.038+0000] {processor.py:830} INFO - Processing file /opt/airflow/dags/csv_copy_dag.py for tasks to queue
[2024-05-23T15:52:06.043+0000] {logging_mixin.py:188} INFO - [2024-05-23T15:52:06.043+0000] {dagbag.py:545} INFO - Filling up the DagBag from /opt/airflow/dags/csv_copy_dag.py
[2024-05-23T15:52:06.070+0000] {processor.py:840} INFO - DAG(s) 'csv_copy_dag' retrieved from /opt/airflow/dags/csv_copy_dag.py
[2024-05-23T15:52:06.092+0000] {logging_mixin.py:188} INFO - [2024-05-23T15:52:06.092+0000] {dag.py:3096} INFO - Sync 1 DAGs
[2024-05-23T15:52:06.111+0000] {logging_mixin.py:188} INFO - [2024-05-23T15:52:06.111+0000] {dag.py:3954} INFO - Setting next_dagrun for csv_copy_dag to 2024-05-23 00:00:00+00:00, run_after=2024-05-24 00:00:00+00:00
[2024-05-23T15:52:06.127+0000] {processor.py:183} INFO - Processing /opt/airflow/dags/csv_copy_dag.py took 0.095 seconds
[2024-05-23T15:52:36.185+0000] {processor.py:161} INFO - Started process (PID=70) to work on /opt/airflow/dags/csv_copy_dag.py
[2024-05-23T15:52:36.186+0000] {processor.py:830} INFO - Processing file /opt/airflow/dags/csv_copy_dag.py for tasks to queue
[2024-05-23T15:52:36.193+0000] {logging_mixin.py:188} INFO - [2024-05-23T15:52:36.188+0000] {dagbag.py:545} INFO - Filling up the DagBag from /opt/airflow/dags/csv_copy_dag.py
[2024-05-23T15:52:36.215+0000] {processor.py:840} INFO - DAG(s) 'csv_copy_dag' retrieved from /opt/airflow/dags/csv_copy_dag.py
[2024-05-23T15:52:36.238+0000] {logging_mixin.py:188} INFO - [2024-05-23T15:52:36.238+0000] {dag.py:3096} INFO - Sync 1 DAGs
[2024-05-23T15:52:36.257+0000] {logging_mixin.py:188} INFO - [2024-05-23T15:52:36.257+0000] {dag.py:3954} INFO - Setting next_dagrun for csv_copy_dag to 2024-05-23 00:00:00+00:00, run_after=2024-05-24 00:00:00+00:00
[2024-05-23T15:52:36.274+0000] {processor.py:183} INFO - Processing /opt/airflow/dags/csv_copy_dag.py took 0.094 seconds
[2024-05-23T15:53:06.441+0000] {processor.py:161} INFO - Started process (PID=77) to work on /opt/airflow/dags/csv_copy_dag.py
[2024-05-23T15:53:06.441+0000] {processor.py:830} INFO - Processing file /opt/airflow/dags/csv_copy_dag.py for tasks to queue
[2024-05-23T15:53:06.443+0000] {logging_mixin.py:188} INFO - [2024-05-23T15:53:06.443+0000] {dagbag.py:545} INFO - Filling up the DagBag from /opt/airflow/dags/csv_copy_dag.py
[2024-05-23T15:53:06.462+0000] {processor.py:840} INFO - DAG(s) 'csv_copy_dag' retrieved from /opt/airflow/dags/csv_copy_dag.py
[2024-05-23T15:53:06.482+0000] {logging_mixin.py:188} INFO - [2024-05-23T15:53:06.482+0000] {dag.py:3096} INFO - Sync 1 DAGs
[2024-05-23T15:53:06.497+0000] {logging_mixin.py:188} INFO - [2024-05-23T15:53:06.497+0000] {dag.py:3954} INFO - Setting next_dagrun for csv_copy_dag to 2024-05-23 00:00:00+00:00, run_after=2024-05-24 00:00:00+00:00
[2024-05-23T15:53:06.512+0000] {processor.py:183} INFO - Processing /opt/airflow/dags/csv_copy_dag.py took 0.075 seconds
[2024-05-23T15:53:36.596+0000] {processor.py:161} INFO - Started process (PID=84) to work on /opt/airflow/dags/csv_copy_dag.py
[2024-05-23T15:53:36.597+0000] {processor.py:830} INFO - Processing file /opt/airflow/dags/csv_copy_dag.py for tasks to queue
[2024-05-23T15:53:36.599+0000] {logging_mixin.py:188} INFO - [2024-05-23T15:53:36.598+0000] {dagbag.py:545} INFO - Filling up the DagBag from /opt/airflow/dags/csv_copy_dag.py
[2024-05-23T15:53:36.644+0000] {processor.py:840} INFO - DAG(s) 'csv_copy_dag' retrieved from /opt/airflow/dags/csv_copy_dag.py
[2024-05-23T15:53:36.663+0000] {logging_mixin.py:188} INFO - [2024-05-23T15:53:36.662+0000] {dag.py:3096} INFO - Sync 1 DAGs
[2024-05-23T15:53:36.679+0000] {logging_mixin.py:188} INFO - [2024-05-23T15:53:36.679+0000] {dag.py:3954} INFO - Setting next_dagrun for csv_copy_dag to 2024-05-23 00:00:00+00:00, run_after=2024-05-24 00:00:00+00:00
[2024-05-23T15:53:36.693+0000] {processor.py:183} INFO - Processing /opt/airflow/dags/csv_copy_dag.py took 0.102 seconds
[2024-05-23T15:54:06.806+0000] {processor.py:161} INFO - Started process (PID=91) to work on /opt/airflow/dags/csv_copy_dag.py
[2024-05-23T15:54:06.807+0000] {processor.py:830} INFO - Processing file /opt/airflow/dags/csv_copy_dag.py for tasks to queue
[2024-05-23T15:54:06.808+0000] {logging_mixin.py:188} INFO - [2024-05-23T15:54:06.808+0000] {dagbag.py:545} INFO - Filling up the DagBag from /opt/airflow/dags/csv_copy_dag.py
[2024-05-23T15:54:06.826+0000] {processor.py:840} INFO - DAG(s) 'csv_copy_dag' retrieved from /opt/airflow/dags/csv_copy_dag.py
[2024-05-23T15:54:06.844+0000] {logging_mixin.py:188} INFO - [2024-05-23T15:54:06.844+0000] {dag.py:3096} INFO - Sync 1 DAGs
[2024-05-23T15:54:06.860+0000] {logging_mixin.py:188} INFO - [2024-05-23T15:54:06.860+0000] {dag.py:3954} INFO - Setting next_dagrun for csv_copy_dag to 2024-05-23 00:00:00+00:00, run_after=2024-05-24 00:00:00+00:00
[2024-05-23T15:54:06.879+0000] {processor.py:183} INFO - Processing /opt/airflow/dags/csv_copy_dag.py took 0.076 seconds
[2024-05-23T15:54:36.970+0000] {processor.py:161} INFO - Started process (PID=99) to work on /opt/airflow/dags/csv_copy_dag.py
[2024-05-23T15:54:36.971+0000] {processor.py:830} INFO - Processing file /opt/airflow/dags/csv_copy_dag.py for tasks to queue
[2024-05-23T15:54:36.973+0000] {logging_mixin.py:188} INFO - [2024-05-23T15:54:36.972+0000] {dagbag.py:545} INFO - Filling up the DagBag from /opt/airflow/dags/csv_copy_dag.py
[2024-05-23T15:54:36.986+0000] {processor.py:840} INFO - DAG(s) 'csv_copy_dag' retrieved from /opt/airflow/dags/csv_copy_dag.py
[2024-05-23T15:54:37.005+0000] {logging_mixin.py:188} INFO - [2024-05-23T15:54:37.005+0000] {dag.py:3096} INFO - Sync 1 DAGs
[2024-05-23T15:54:37.020+0000] {logging_mixin.py:188} INFO - [2024-05-23T15:54:37.020+0000] {dag.py:3954} INFO - Setting next_dagrun for csv_copy_dag to 2024-05-23 00:00:00+00:00, run_after=2024-05-24 00:00:00+00:00
[2024-05-23T15:54:37.038+0000] {processor.py:183} INFO - Processing /opt/airflow/dags/csv_copy_dag.py took 0.072 seconds
[2024-05-23T15:55:07.190+0000] {processor.py:161} INFO - Started process (PID=106) to work on /opt/airflow/dags/csv_copy_dag.py
[2024-05-23T15:55:07.190+0000] {processor.py:830} INFO - Processing file /opt/airflow/dags/csv_copy_dag.py for tasks to queue
[2024-05-23T15:55:07.193+0000] {logging_mixin.py:188} INFO - [2024-05-23T15:55:07.192+0000] {dagbag.py:545} INFO - Filling up the DagBag from /opt/airflow/dags/csv_copy_dag.py
[2024-05-23T15:55:07.205+0000] {processor.py:840} INFO - DAG(s) 'csv_copy_dag' retrieved from /opt/airflow/dags/csv_copy_dag.py
[2024-05-23T15:55:07.224+0000] {logging_mixin.py:188} INFO - [2024-05-23T15:55:07.224+0000] {dag.py:3096} INFO - Sync 1 DAGs
[2024-05-23T15:55:07.240+0000] {logging_mixin.py:188} INFO - [2024-05-23T15:55:07.239+0000] {dag.py:3954} INFO - Setting next_dagrun for csv_copy_dag to 2024-05-23 00:00:00+00:00, run_after=2024-05-24 00:00:00+00:00
[2024-05-23T15:55:07.254+0000] {processor.py:183} INFO - Processing /opt/airflow/dags/csv_copy_dag.py took 0.069 seconds
[2024-05-23T15:55:37.418+0000] {processor.py:161} INFO - Started process (PID=113) to work on /opt/airflow/dags/csv_copy_dag.py
[2024-05-23T15:55:37.418+0000] {processor.py:830} INFO - Processing file /opt/airflow/dags/csv_copy_dag.py for tasks to queue
[2024-05-23T15:55:37.420+0000] {logging_mixin.py:188} INFO - [2024-05-23T15:55:37.420+0000] {dagbag.py:545} INFO - Filling up the DagBag from /opt/airflow/dags/csv_copy_dag.py
[2024-05-23T15:55:37.437+0000] {processor.py:840} INFO - DAG(s) 'csv_copy_dag' retrieved from /opt/airflow/dags/csv_copy_dag.py
[2024-05-23T15:55:37.457+0000] {logging_mixin.py:188} INFO - [2024-05-23T15:55:37.457+0000] {dag.py:3096} INFO - Sync 1 DAGs
[2024-05-23T15:55:37.474+0000] {logging_mixin.py:188} INFO - [2024-05-23T15:55:37.473+0000] {dag.py:3954} INFO - Setting next_dagrun for csv_copy_dag to 2024-05-23 00:00:00+00:00, run_after=2024-05-24 00:00:00+00:00
[2024-05-23T15:55:37.494+0000] {processor.py:183} INFO - Processing /opt/airflow/dags/csv_copy_dag.py took 0.080 seconds
[2024-05-23T15:56:07.587+0000] {processor.py:161} INFO - Started process (PID=121) to work on /opt/airflow/dags/csv_copy_dag.py
[2024-05-23T15:56:07.588+0000] {processor.py:830} INFO - Processing file /opt/airflow/dags/csv_copy_dag.py for tasks to queue
[2024-05-23T15:56:07.590+0000] {logging_mixin.py:188} INFO - [2024-05-23T15:56:07.589+0000] {dagbag.py:545} INFO - Filling up the DagBag from /opt/airflow/dags/csv_copy_dag.py
[2024-05-23T15:56:07.607+0000] {processor.py:840} INFO - DAG(s) 'csv_copy_dag' retrieved from /opt/airflow/dags/csv_copy_dag.py
[2024-05-23T15:56:07.629+0000] {logging_mixin.py:188} INFO - [2024-05-23T15:56:07.629+0000] {dag.py:3096} INFO - Sync 1 DAGs
[2024-05-23T15:56:07.648+0000] {logging_mixin.py:188} INFO - [2024-05-23T15:56:07.647+0000] {dag.py:3954} INFO - Setting next_dagrun for csv_copy_dag to 2024-05-23 00:00:00+00:00, run_after=2024-05-24 00:00:00+00:00
[2024-05-23T15:56:07.663+0000] {processor.py:183} INFO - Processing /opt/airflow/dags/csv_copy_dag.py took 0.081 seconds
[2024-05-23T15:56:37.777+0000] {processor.py:161} INFO - Started process (PID=128) to work on /opt/airflow/dags/csv_copy_dag.py
[2024-05-23T15:56:37.778+0000] {processor.py:830} INFO - Processing file /opt/airflow/dags/csv_copy_dag.py for tasks to queue
[2024-05-23T15:56:37.779+0000] {logging_mixin.py:188} INFO - [2024-05-23T15:56:37.779+0000] {dagbag.py:545} INFO - Filling up the DagBag from /opt/airflow/dags/csv_copy_dag.py
[2024-05-23T15:56:37.794+0000] {processor.py:840} INFO - DAG(s) 'csv_copy_dag' retrieved from /opt/airflow/dags/csv_copy_dag.py
[2024-05-23T15:56:37.813+0000] {logging_mixin.py:188} INFO - [2024-05-23T15:56:37.813+0000] {dag.py:3096} INFO - Sync 1 DAGs
[2024-05-23T15:56:37.832+0000] {logging_mixin.py:188} INFO - [2024-05-23T15:56:37.832+0000] {dag.py:3954} INFO - Setting next_dagrun for csv_copy_dag to 2024-05-23 00:00:00+00:00, run_after=2024-05-24 00:00:00+00:00
[2024-05-23T15:56:37.852+0000] {processor.py:183} INFO - Processing /opt/airflow/dags/csv_copy_dag.py took 0.080 seconds
[2024-05-23T15:57:07.960+0000] {processor.py:161} INFO - Started process (PID=135) to work on /opt/airflow/dags/csv_copy_dag.py
[2024-05-23T15:57:07.961+0000] {processor.py:830} INFO - Processing file /opt/airflow/dags/csv_copy_dag.py for tasks to queue
[2024-05-23T15:57:07.963+0000] {logging_mixin.py:188} INFO - [2024-05-23T15:57:07.962+0000] {dagbag.py:545} INFO - Filling up the DagBag from /opt/airflow/dags/csv_copy_dag.py
[2024-05-23T15:57:07.978+0000] {processor.py:840} INFO - DAG(s) 'csv_copy_dag' retrieved from /opt/airflow/dags/csv_copy_dag.py
[2024-05-23T15:57:07.997+0000] {logging_mixin.py:188} INFO - [2024-05-23T15:57:07.996+0000] {dag.py:3096} INFO - Sync 1 DAGs
[2024-05-23T15:57:08.013+0000] {logging_mixin.py:188} INFO - [2024-05-23T15:57:08.012+0000] {dag.py:3954} INFO - Setting next_dagrun for csv_copy_dag to 2024-05-23 00:00:00+00:00, run_after=2024-05-24 00:00:00+00:00
[2024-05-23T15:57:08.027+0000] {processor.py:183} INFO - Processing /opt/airflow/dags/csv_copy_dag.py took 0.071 seconds
[2024-05-23T15:57:38.140+0000] {processor.py:161} INFO - Started process (PID=146) to work on /opt/airflow/dags/csv_copy_dag.py
[2024-05-23T15:57:38.141+0000] {processor.py:830} INFO - Processing file /opt/airflow/dags/csv_copy_dag.py for tasks to queue
[2024-05-23T15:57:38.143+0000] {logging_mixin.py:188} INFO - [2024-05-23T15:57:38.142+0000] {dagbag.py:545} INFO - Filling up the DagBag from /opt/airflow/dags/csv_copy_dag.py
[2024-05-23T15:57:38.159+0000] {processor.py:840} INFO - DAG(s) 'csv_copy_dag' retrieved from /opt/airflow/dags/csv_copy_dag.py
[2024-05-23T15:57:38.179+0000] {logging_mixin.py:188} INFO - [2024-05-23T15:57:38.179+0000] {dag.py:3096} INFO - Sync 1 DAGs
[2024-05-23T15:57:38.197+0000] {logging_mixin.py:188} INFO - [2024-05-23T15:57:38.196+0000] {dag.py:3954} INFO - Setting next_dagrun for csv_copy_dag to 2024-05-23 00:00:00+00:00, run_after=2024-05-24 00:00:00+00:00
[2024-05-23T15:57:38.217+0000] {processor.py:183} INFO - Processing /opt/airflow/dags/csv_copy_dag.py took 0.081 seconds
[2024-05-23T15:58:08.320+0000] {processor.py:161} INFO - Started process (PID=153) to work on /opt/airflow/dags/csv_copy_dag.py
[2024-05-23T15:58:08.320+0000] {processor.py:830} INFO - Processing file /opt/airflow/dags/csv_copy_dag.py for tasks to queue
[2024-05-23T15:58:08.322+0000] {logging_mixin.py:188} INFO - [2024-05-23T15:58:08.322+0000] {dagbag.py:545} INFO - Filling up the DagBag from /opt/airflow/dags/csv_copy_dag.py
[2024-05-23T15:58:08.336+0000] {processor.py:840} INFO - DAG(s) 'csv_copy_dag' retrieved from /opt/airflow/dags/csv_copy_dag.py
[2024-05-23T15:58:08.354+0000] {logging_mixin.py:188} INFO - [2024-05-23T15:58:08.354+0000] {dag.py:3096} INFO - Sync 1 DAGs
[2024-05-23T15:58:08.369+0000] {logging_mixin.py:188} INFO - [2024-05-23T15:58:08.369+0000] {dag.py:3954} INFO - Setting next_dagrun for csv_copy_dag to 2024-05-23 00:00:00+00:00, run_after=2024-05-24 00:00:00+00:00
[2024-05-23T15:58:08.384+0000] {processor.py:183} INFO - Processing /opt/airflow/dags/csv_copy_dag.py took 0.069 seconds
[2024-05-23T15:58:38.502+0000] {processor.py:161} INFO - Started process (PID=160) to work on /opt/airflow/dags/csv_copy_dag.py
[2024-05-23T15:58:38.502+0000] {processor.py:830} INFO - Processing file /opt/airflow/dags/csv_copy_dag.py for tasks to queue
[2024-05-23T15:58:38.504+0000] {logging_mixin.py:188} INFO - [2024-05-23T15:58:38.504+0000] {dagbag.py:545} INFO - Filling up the DagBag from /opt/airflow/dags/csv_copy_dag.py
[2024-05-23T15:58:38.518+0000] {processor.py:840} INFO - DAG(s) 'csv_copy_dag' retrieved from /opt/airflow/dags/csv_copy_dag.py
[2024-05-23T15:58:38.537+0000] {logging_mixin.py:188} INFO - [2024-05-23T15:58:38.537+0000] {dag.py:3096} INFO - Sync 1 DAGs
[2024-05-23T15:58:38.554+0000] {logging_mixin.py:188} INFO - [2024-05-23T15:58:38.553+0000] {dag.py:3954} INFO - Setting next_dagrun for csv_copy_dag to 2024-05-23 00:00:00+00:00, run_after=2024-05-24 00:00:00+00:00
[2024-05-23T15:58:38.572+0000] {processor.py:183} INFO - Processing /opt/airflow/dags/csv_copy_dag.py took 0.074 seconds
[2024-05-23T15:59:08.692+0000] {processor.py:161} INFO - Started process (PID=167) to work on /opt/airflow/dags/csv_copy_dag.py
[2024-05-23T15:59:08.693+0000] {processor.py:830} INFO - Processing file /opt/airflow/dags/csv_copy_dag.py for tasks to queue
[2024-05-23T15:59:08.695+0000] {logging_mixin.py:188} INFO - [2024-05-23T15:59:08.694+0000] {dagbag.py:545} INFO - Filling up the DagBag from /opt/airflow/dags/csv_copy_dag.py
[2024-05-23T15:59:08.708+0000] {processor.py:840} INFO - DAG(s) 'csv_copy_dag' retrieved from /opt/airflow/dags/csv_copy_dag.py
[2024-05-23T15:59:08.726+0000] {logging_mixin.py:188} INFO - [2024-05-23T15:59:08.726+0000] {dag.py:3096} INFO - Sync 1 DAGs
[2024-05-23T15:59:08.741+0000] {logging_mixin.py:188} INFO - [2024-05-23T15:59:08.741+0000] {dag.py:3954} INFO - Setting next_dagrun for csv_copy_dag to 2024-05-23 00:00:00+00:00, run_after=2024-05-24 00:00:00+00:00
[2024-05-23T15:59:08.761+0000] {processor.py:183} INFO - Processing /opt/airflow/dags/csv_copy_dag.py took 0.073 seconds
[2024-05-23T15:59:38.890+0000] {processor.py:161} INFO - Started process (PID=174) to work on /opt/airflow/dags/csv_copy_dag.py
[2024-05-23T15:59:38.894+0000] {processor.py:830} INFO - Processing file /opt/airflow/dags/csv_copy_dag.py for tasks to queue
[2024-05-23T15:59:38.897+0000] {logging_mixin.py:188} INFO - [2024-05-23T15:59:38.896+0000] {dagbag.py:545} INFO - Filling up the DagBag from /opt/airflow/dags/csv_copy_dag.py
[2024-05-23T15:59:38.913+0000] {processor.py:840} INFO - DAG(s) 'csv_copy_dag' retrieved from /opt/airflow/dags/csv_copy_dag.py
[2024-05-23T15:59:38.931+0000] {logging_mixin.py:188} INFO - [2024-05-23T15:59:38.931+0000] {dag.py:3096} INFO - Sync 1 DAGs
[2024-05-23T15:59:38.947+0000] {logging_mixin.py:188} INFO - [2024-05-23T15:59:38.946+0000] {dag.py:3954} INFO - Setting next_dagrun for csv_copy_dag to 2024-05-23 00:00:00+00:00, run_after=2024-05-24 00:00:00+00:00
[2024-05-23T15:59:38.965+0000] {processor.py:183} INFO - Processing /opt/airflow/dags/csv_copy_dag.py took 0.080 seconds
[2024-05-23T16:00:09.081+0000] {processor.py:161} INFO - Started process (PID=181) to work on /opt/airflow/dags/csv_copy_dag.py
[2024-05-23T16:00:09.081+0000] {processor.py:830} INFO - Processing file /opt/airflow/dags/csv_copy_dag.py for tasks to queue
[2024-05-23T16:00:09.083+0000] {logging_mixin.py:188} INFO - [2024-05-23T16:00:09.083+0000] {dagbag.py:545} INFO - Filling up the DagBag from /opt/airflow/dags/csv_copy_dag.py
[2024-05-23T16:00:09.101+0000] {processor.py:840} INFO - DAG(s) 'csv_copy_dag' retrieved from /opt/airflow/dags/csv_copy_dag.py
[2024-05-23T16:00:09.123+0000] {logging_mixin.py:188} INFO - [2024-05-23T16:00:09.123+0000] {dag.py:3096} INFO - Sync 1 DAGs
[2024-05-23T16:00:09.143+0000] {logging_mixin.py:188} INFO - [2024-05-23T16:00:09.142+0000] {dag.py:3954} INFO - Setting next_dagrun for csv_copy_dag to 2024-05-23 00:00:00+00:00, run_after=2024-05-24 00:00:00+00:00
[2024-05-23T16:00:09.158+0000] {processor.py:183} INFO - Processing /opt/airflow/dags/csv_copy_dag.py took 0.082 seconds
[2024-05-23T16:00:39.342+0000] {processor.py:161} INFO - Started process (PID=188) to work on /opt/airflow/dags/csv_copy_dag.py
[2024-05-23T16:00:39.344+0000] {processor.py:830} INFO - Processing file /opt/airflow/dags/csv_copy_dag.py for tasks to queue
[2024-05-23T16:00:39.346+0000] {logging_mixin.py:188} INFO - [2024-05-23T16:00:39.346+0000] {dagbag.py:545} INFO - Filling up the DagBag from /opt/airflow/dags/csv_copy_dag.py
[2024-05-23T16:00:39.365+0000] {processor.py:840} INFO - DAG(s) 'csv_copy_dag' retrieved from /opt/airflow/dags/csv_copy_dag.py
[2024-05-23T16:00:39.389+0000] {logging_mixin.py:188} INFO - [2024-05-23T16:00:39.389+0000] {dag.py:3096} INFO - Sync 1 DAGs
[2024-05-23T16:00:39.408+0000] {logging_mixin.py:188} INFO - [2024-05-23T16:00:39.408+0000] {dag.py:3954} INFO - Setting next_dagrun for csv_copy_dag to 2024-05-23 00:00:00+00:00, run_after=2024-05-24 00:00:00+00:00
[2024-05-23T16:00:39.437+0000] {processor.py:183} INFO - Processing /opt/airflow/dags/csv_copy_dag.py took 0.099 seconds
[2024-05-23T16:01:09.569+0000] {processor.py:161} INFO - Started process (PID=195) to work on /opt/airflow/dags/csv_copy_dag.py
[2024-05-23T16:01:09.571+0000] {processor.py:830} INFO - Processing file /opt/airflow/dags/csv_copy_dag.py for tasks to queue
[2024-05-23T16:01:09.572+0000] {logging_mixin.py:188} INFO - [2024-05-23T16:01:09.572+0000] {dagbag.py:545} INFO - Filling up the DagBag from /opt/airflow/dags/csv_copy_dag.py
[2024-05-23T16:01:09.590+0000] {processor.py:840} INFO - DAG(s) 'csv_copy_dag' retrieved from /opt/airflow/dags/csv_copy_dag.py
[2024-05-23T16:01:09.612+0000] {logging_mixin.py:188} INFO - [2024-05-23T16:01:09.612+0000] {dag.py:3096} INFO - Sync 1 DAGs
[2024-05-23T16:01:09.632+0000] {logging_mixin.py:188} INFO - [2024-05-23T16:01:09.632+0000] {dag.py:3954} INFO - Setting next_dagrun for csv_copy_dag to 2024-05-23 00:00:00+00:00, run_after=2024-05-24 00:00:00+00:00
[2024-05-23T16:01:09.647+0000] {processor.py:183} INFO - Processing /opt/airflow/dags/csv_copy_dag.py took 0.082 seconds
[2024-05-23T16:01:39.771+0000] {processor.py:161} INFO - Started process (PID=202) to work on /opt/airflow/dags/csv_copy_dag.py
[2024-05-23T16:01:39.772+0000] {processor.py:830} INFO - Processing file /opt/airflow/dags/csv_copy_dag.py for tasks to queue
[2024-05-23T16:01:39.774+0000] {logging_mixin.py:188} INFO - [2024-05-23T16:01:39.774+0000] {dagbag.py:545} INFO - Filling up the DagBag from /opt/airflow/dags/csv_copy_dag.py
[2024-05-23T16:01:39.802+0000] {processor.py:840} INFO - DAG(s) 'csv_copy_dag' retrieved from /opt/airflow/dags/csv_copy_dag.py
[2024-05-23T16:01:39.838+0000] {logging_mixin.py:188} INFO - [2024-05-23T16:01:39.838+0000] {dag.py:3096} INFO - Sync 1 DAGs
[2024-05-23T16:01:39.872+0000] {logging_mixin.py:188} INFO - [2024-05-23T16:01:39.871+0000] {dag.py:3954} INFO - Setting next_dagrun for csv_copy_dag to 2024-05-23 00:00:00+00:00, run_after=2024-05-24 00:00:00+00:00
[2024-05-23T16:01:39.904+0000] {processor.py:183} INFO - Processing /opt/airflow/dags/csv_copy_dag.py took 0.138 seconds
[2024-05-23T16:01:48.897+0000] {processor.py:161} INFO - Started process (PID=209) to work on /opt/airflow/dags/csv_copy_dag.py
[2024-05-23T16:01:48.898+0000] {processor.py:830} INFO - Processing file /opt/airflow/dags/csv_copy_dag.py for tasks to queue
[2024-05-23T16:01:48.900+0000] {logging_mixin.py:188} INFO - [2024-05-23T16:01:48.900+0000] {dagbag.py:545} INFO - Filling up the DagBag from /opt/airflow/dags/csv_copy_dag.py
[2024-05-23T16:01:48.919+0000] {processor.py:840} INFO - DAG(s) 'csv_copy_dag' retrieved from /opt/airflow/dags/csv_copy_dag.py
[2024-05-23T16:01:48.937+0000] {logging_mixin.py:188} INFO - [2024-05-23T16:01:48.937+0000] {dag.py:3096} INFO - Sync 1 DAGs
[2024-05-23T16:01:48.954+0000] {logging_mixin.py:188} INFO - [2024-05-23T16:01:48.954+0000] {dag.py:3954} INFO - Setting next_dagrun for csv_copy_dag to 2024-05-23 00:00:00+00:00, run_after=2024-05-24 00:00:00+00:00
[2024-05-23T16:01:48.975+0000] {processor.py:183} INFO - Processing /opt/airflow/dags/csv_copy_dag.py took 0.082 seconds
[2024-05-23T16:02:19.127+0000] {processor.py:161} INFO - Started process (PID=216) to work on /opt/airflow/dags/csv_copy_dag.py
[2024-05-23T16:02:19.128+0000] {processor.py:830} INFO - Processing file /opt/airflow/dags/csv_copy_dag.py for tasks to queue
[2024-05-23T16:02:19.130+0000] {logging_mixin.py:188} INFO - [2024-05-23T16:02:19.130+0000] {dagbag.py:545} INFO - Filling up the DagBag from /opt/airflow/dags/csv_copy_dag.py
[2024-05-23T16:02:19.143+0000] {processor.py:840} INFO - DAG(s) 'csv_copy_dag' retrieved from /opt/airflow/dags/csv_copy_dag.py
[2024-05-23T16:02:19.160+0000] {logging_mixin.py:188} INFO - [2024-05-23T16:02:19.160+0000] {dag.py:3096} INFO - Sync 1 DAGs
[2024-05-23T16:02:19.176+0000] {logging_mixin.py:188} INFO - [2024-05-23T16:02:19.176+0000] {dag.py:3954} INFO - Setting next_dagrun for csv_copy_dag to 2024-05-23 00:00:00+00:00, run_after=2024-05-24 00:00:00+00:00
[2024-05-23T16:02:19.196+0000] {processor.py:183} INFO - Processing /opt/airflow/dags/csv_copy_dag.py took 0.073 seconds
[2024-05-23T16:02:38.239+0000] {processor.py:161} INFO - Started process (PID=217) to work on /opt/airflow/dags/csv_copy_dag.py
[2024-05-23T16:02:38.240+0000] {processor.py:830} INFO - Processing file /opt/airflow/dags/csv_copy_dag.py for tasks to queue
[2024-05-23T16:02:38.242+0000] {logging_mixin.py:188} INFO - [2024-05-23T16:02:38.241+0000] {dagbag.py:545} INFO - Filling up the DagBag from /opt/airflow/dags/csv_copy_dag.py
[2024-05-23T16:02:38.268+0000] {processor.py:840} INFO - DAG(s) 'csv_copy_dag' retrieved from /opt/airflow/dags/csv_copy_dag.py
[2024-05-23T16:02:38.288+0000] {logging_mixin.py:188} INFO - [2024-05-23T16:02:38.288+0000] {dag.py:3096} INFO - Sync 1 DAGs
[2024-05-23T16:02:38.307+0000] {logging_mixin.py:188} INFO - [2024-05-23T16:02:38.307+0000] {dag.py:3954} INFO - Setting next_dagrun for csv_copy_dag to 2024-05-23 00:00:00+00:00, run_after=2024-05-24 00:00:00+00:00
[2024-05-23T16:02:38.332+0000] {processor.py:183} INFO - Processing /opt/airflow/dags/csv_copy_dag.py took 0.098 seconds
[2024-05-23T16:03:08.432+0000] {processor.py:161} INFO - Started process (PID=225) to work on /opt/airflow/dags/csv_copy_dag.py
[2024-05-23T16:03:08.433+0000] {processor.py:830} INFO - Processing file /opt/airflow/dags/csv_copy_dag.py for tasks to queue
[2024-05-23T16:03:08.434+0000] {logging_mixin.py:188} INFO - [2024-05-23T16:03:08.434+0000] {dagbag.py:545} INFO - Filling up the DagBag from /opt/airflow/dags/csv_copy_dag.py
[2024-05-23T16:03:08.448+0000] {processor.py:840} INFO - DAG(s) 'csv_copy_dag' retrieved from /opt/airflow/dags/csv_copy_dag.py
[2024-05-23T16:03:08.466+0000] {logging_mixin.py:188} INFO - [2024-05-23T16:03:08.466+0000] {dag.py:3096} INFO - Sync 1 DAGs
[2024-05-23T16:03:08.481+0000] {logging_mixin.py:188} INFO - [2024-05-23T16:03:08.481+0000] {dag.py:3954} INFO - Setting next_dagrun for csv_copy_dag to 2024-05-23 00:00:00+00:00, run_after=2024-05-24 00:00:00+00:00
[2024-05-23T16:03:08.501+0000] {processor.py:183} INFO - Processing /opt/airflow/dags/csv_copy_dag.py took 0.073 seconds
[2024-05-23T16:03:38.600+0000] {processor.py:161} INFO - Started process (PID=232) to work on /opt/airflow/dags/csv_copy_dag.py
[2024-05-23T16:03:38.601+0000] {processor.py:830} INFO - Processing file /opt/airflow/dags/csv_copy_dag.py for tasks to queue
[2024-05-23T16:03:38.603+0000] {logging_mixin.py:188} INFO - [2024-05-23T16:03:38.602+0000] {dagbag.py:545} INFO - Filling up the DagBag from /opt/airflow/dags/csv_copy_dag.py
[2024-05-23T16:03:38.618+0000] {processor.py:840} INFO - DAG(s) 'csv_copy_dag' retrieved from /opt/airflow/dags/csv_copy_dag.py
[2024-05-23T16:03:38.636+0000] {logging_mixin.py:188} INFO - [2024-05-23T16:03:38.636+0000] {dag.py:3096} INFO - Sync 1 DAGs
[2024-05-23T16:03:38.653+0000] {logging_mixin.py:188} INFO - [2024-05-23T16:03:38.653+0000] {dag.py:3954} INFO - Setting next_dagrun for csv_copy_dag to 2024-05-23 00:00:00+00:00, run_after=2024-05-24 00:00:00+00:00
[2024-05-23T16:03:38.667+0000] {processor.py:183} INFO - Processing /opt/airflow/dags/csv_copy_dag.py took 0.071 seconds
[2024-05-23T16:04:08.781+0000] {processor.py:161} INFO - Started process (PID=240) to work on /opt/airflow/dags/csv_copy_dag.py
[2024-05-23T16:04:08.782+0000] {processor.py:830} INFO - Processing file /opt/airflow/dags/csv_copy_dag.py for tasks to queue
[2024-05-23T16:04:08.783+0000] {logging_mixin.py:188} INFO - [2024-05-23T16:04:08.783+0000] {dagbag.py:545} INFO - Filling up the DagBag from /opt/airflow/dags/csv_copy_dag.py
[2024-05-23T16:04:08.799+0000] {processor.py:840} INFO - DAG(s) 'csv_copy_dag' retrieved from /opt/airflow/dags/csv_copy_dag.py
[2024-05-23T16:04:08.818+0000] {logging_mixin.py:188} INFO - [2024-05-23T16:04:08.818+0000] {dag.py:3096} INFO - Sync 1 DAGs
[2024-05-23T16:04:08.834+0000] {logging_mixin.py:188} INFO - [2024-05-23T16:04:08.834+0000] {dag.py:3954} INFO - Setting next_dagrun for csv_copy_dag to 2024-05-23 00:00:00+00:00, run_after=2024-05-24 00:00:00+00:00
[2024-05-23T16:04:08.855+0000] {processor.py:183} INFO - Processing /opt/airflow/dags/csv_copy_dag.py took 0.080 seconds
[2024-05-23T16:04:38.962+0000] {processor.py:161} INFO - Started process (PID=247) to work on /opt/airflow/dags/csv_copy_dag.py
[2024-05-23T16:04:38.963+0000] {processor.py:830} INFO - Processing file /opt/airflow/dags/csv_copy_dag.py for tasks to queue
[2024-05-23T16:04:38.965+0000] {logging_mixin.py:188} INFO - [2024-05-23T16:04:38.965+0000] {dagbag.py:545} INFO - Filling up the DagBag from /opt/airflow/dags/csv_copy_dag.py
[2024-05-23T16:04:38.985+0000] {processor.py:840} INFO - DAG(s) 'csv_copy_dag' retrieved from /opt/airflow/dags/csv_copy_dag.py
[2024-05-23T16:04:39.010+0000] {logging_mixin.py:188} INFO - [2024-05-23T16:04:39.010+0000] {dag.py:3096} INFO - Sync 1 DAGs
[2024-05-23T16:04:39.032+0000] {logging_mixin.py:188} INFO - [2024-05-23T16:04:39.032+0000] {dag.py:3954} INFO - Setting next_dagrun for csv_copy_dag to 2024-05-23 00:00:00+00:00, run_after=2024-05-24 00:00:00+00:00
[2024-05-23T16:04:39.049+0000] {processor.py:183} INFO - Processing /opt/airflow/dags/csv_copy_dag.py took 0.093 seconds
[2024-05-23T16:05:44.013+0000] {processor.py:161} INFO - Started process (PID=43) to work on /opt/airflow/dags/csv_copy_dag.py
[2024-05-23T16:05:44.016+0000] {processor.py:830} INFO - Processing file /opt/airflow/dags/csv_copy_dag.py for tasks to queue
[2024-05-23T16:05:44.018+0000] {logging_mixin.py:188} INFO - [2024-05-23T16:05:44.018+0000] {dagbag.py:545} INFO - Filling up the DagBag from /opt/airflow/dags/csv_copy_dag.py
[2024-05-23T16:05:44.057+0000] {processor.py:840} INFO - DAG(s) 'csv_copy_dag' retrieved from /opt/airflow/dags/csv_copy_dag.py
[2024-05-23T16:05:44.263+0000] {logging_mixin.py:188} INFO - [2024-05-23T16:05:44.263+0000] {dag.py:3096} INFO - Sync 1 DAGs
[2024-05-23T16:05:44.285+0000] {logging_mixin.py:188} INFO - [2024-05-23T16:05:44.285+0000] {dag.py:3954} INFO - Setting next_dagrun for csv_copy_dag to 2024-05-23 00:00:00+00:00, run_after=2024-05-24 00:00:00+00:00
[2024-05-23T16:05:44.303+0000] {processor.py:183} INFO - Processing /opt/airflow/dags/csv_copy_dag.py took 0.297 seconds
[2024-05-23T16:06:14.465+0000] {processor.py:161} INFO - Started process (PID=50) to work on /opt/airflow/dags/csv_copy_dag.py
[2024-05-23T16:06:14.466+0000] {processor.py:830} INFO - Processing file /opt/airflow/dags/csv_copy_dag.py for tasks to queue
[2024-05-23T16:06:14.467+0000] {logging_mixin.py:188} INFO - [2024-05-23T16:06:14.467+0000] {dagbag.py:545} INFO - Filling up the DagBag from /opt/airflow/dags/csv_copy_dag.py
[2024-05-23T16:06:14.483+0000] {processor.py:840} INFO - DAG(s) 'csv_copy_dag' retrieved from /opt/airflow/dags/csv_copy_dag.py
[2024-05-23T16:06:14.501+0000] {logging_mixin.py:188} INFO - [2024-05-23T16:06:14.501+0000] {dag.py:3096} INFO - Sync 1 DAGs
[2024-05-23T16:06:14.518+0000] {logging_mixin.py:188} INFO - [2024-05-23T16:06:14.518+0000] {dag.py:3954} INFO - Setting next_dagrun for csv_copy_dag to 2024-05-23 00:00:00+00:00, run_after=2024-05-24 00:00:00+00:00
[2024-05-23T16:06:14.536+0000] {processor.py:183} INFO - Processing /opt/airflow/dags/csv_copy_dag.py took 0.076 seconds
[2024-05-23T16:06:44.614+0000] {processor.py:161} INFO - Started process (PID=57) to work on /opt/airflow/dags/csv_copy_dag.py
[2024-05-23T16:06:44.614+0000] {processor.py:830} INFO - Processing file /opt/airflow/dags/csv_copy_dag.py for tasks to queue
[2024-05-23T16:06:44.616+0000] {logging_mixin.py:188} INFO - [2024-05-23T16:06:44.616+0000] {dagbag.py:545} INFO - Filling up the DagBag from /opt/airflow/dags/csv_copy_dag.py
[2024-05-23T16:06:44.633+0000] {processor.py:840} INFO - DAG(s) 'csv_copy_dag' retrieved from /opt/airflow/dags/csv_copy_dag.py
[2024-05-23T16:06:44.657+0000] {logging_mixin.py:188} INFO - [2024-05-23T16:06:44.657+0000] {dag.py:3096} INFO - Sync 1 DAGs
[2024-05-23T16:06:44.675+0000] {logging_mixin.py:188} INFO - [2024-05-23T16:06:44.675+0000] {dag.py:3954} INFO - Setting next_dagrun for csv_copy_dag to 2024-05-23 00:00:00+00:00, run_after=2024-05-24 00:00:00+00:00
[2024-05-23T16:06:44.691+0000] {processor.py:183} INFO - Processing /opt/airflow/dags/csv_copy_dag.py took 0.082 seconds
[2024-05-23T16:07:14.842+0000] {processor.py:161} INFO - Started process (PID=64) to work on /opt/airflow/dags/csv_copy_dag.py
[2024-05-23T16:07:14.843+0000] {processor.py:830} INFO - Processing file /opt/airflow/dags/csv_copy_dag.py for tasks to queue
[2024-05-23T16:07:14.847+0000] {logging_mixin.py:188} INFO - [2024-05-23T16:07:14.847+0000] {dagbag.py:545} INFO - Filling up the DagBag from /opt/airflow/dags/csv_copy_dag.py
[2024-05-23T16:07:14.861+0000] {processor.py:840} INFO - DAG(s) 'csv_copy_dag' retrieved from /opt/airflow/dags/csv_copy_dag.py
[2024-05-23T16:07:14.879+0000] {logging_mixin.py:188} INFO - [2024-05-23T16:07:14.879+0000] {dag.py:3096} INFO - Sync 1 DAGs
[2024-05-23T16:07:14.897+0000] {logging_mixin.py:188} INFO - [2024-05-23T16:07:14.896+0000] {dag.py:3954} INFO - Setting next_dagrun for csv_copy_dag to 2024-05-23 00:00:00+00:00, run_after=2024-05-24 00:00:00+00:00
[2024-05-23T16:07:14.918+0000] {processor.py:183} INFO - Processing /opt/airflow/dags/csv_copy_dag.py took 0.081 seconds
[2024-05-23T16:07:44.997+0000] {processor.py:161} INFO - Started process (PID=71) to work on /opt/airflow/dags/csv_copy_dag.py
[2024-05-23T16:07:44.999+0000] {processor.py:830} INFO - Processing file /opt/airflow/dags/csv_copy_dag.py for tasks to queue
[2024-05-23T16:07:45.000+0000] {logging_mixin.py:188} INFO - [2024-05-23T16:07:45.000+0000] {dagbag.py:545} INFO - Filling up the DagBag from /opt/airflow/dags/csv_copy_dag.py
[2024-05-23T16:07:45.029+0000] {processor.py:840} INFO - DAG(s) 'csv_copy_dag' retrieved from /opt/airflow/dags/csv_copy_dag.py
[2024-05-23T16:07:45.056+0000] {logging_mixin.py:188} INFO - [2024-05-23T16:07:45.056+0000] {dag.py:3096} INFO - Sync 1 DAGs
[2024-05-23T16:07:45.081+0000] {logging_mixin.py:188} INFO - [2024-05-23T16:07:45.081+0000] {dag.py:3954} INFO - Setting next_dagrun for csv_copy_dag to 2024-05-22 00:00:00+00:00, run_after=2024-05-23 00:00:00+00:00
[2024-05-23T16:07:45.108+0000] {processor.py:183} INFO - Processing /opt/airflow/dags/csv_copy_dag.py took 0.116 seconds
[2024-05-23T16:08:15.208+0000] {processor.py:161} INFO - Started process (PID=78) to work on /opt/airflow/dags/csv_copy_dag.py
[2024-05-23T16:08:15.209+0000] {processor.py:830} INFO - Processing file /opt/airflow/dags/csv_copy_dag.py for tasks to queue
[2024-05-23T16:08:15.211+0000] {logging_mixin.py:188} INFO - [2024-05-23T16:08:15.210+0000] {dagbag.py:545} INFO - Filling up the DagBag from /opt/airflow/dags/csv_copy_dag.py
[2024-05-23T16:08:15.230+0000] {processor.py:840} INFO - DAG(s) 'csv_copy_dag' retrieved from /opt/airflow/dags/csv_copy_dag.py
[2024-05-23T16:08:15.255+0000] {logging_mixin.py:188} INFO - [2024-05-23T16:08:15.255+0000] {dag.py:3096} INFO - Sync 1 DAGs
[2024-05-23T16:08:15.277+0000] {logging_mixin.py:188} INFO - [2024-05-23T16:08:15.277+0000] {dag.py:3954} INFO - Setting next_dagrun for csv_copy_dag to 2024-05-23 00:00:00+00:00, run_after=2024-05-24 00:00:00+00:00
[2024-05-23T16:08:15.303+0000] {processor.py:183} INFO - Processing /opt/airflow/dags/csv_copy_dag.py took 0.100 seconds
[2024-05-23T16:08:45.408+0000] {processor.py:161} INFO - Started process (PID=85) to work on /opt/airflow/dags/csv_copy_dag.py
[2024-05-23T16:08:45.409+0000] {processor.py:830} INFO - Processing file /opt/airflow/dags/csv_copy_dag.py for tasks to queue
[2024-05-23T16:08:45.410+0000] {logging_mixin.py:188} INFO - [2024-05-23T16:08:45.410+0000] {dagbag.py:545} INFO - Filling up the DagBag from /opt/airflow/dags/csv_copy_dag.py
[2024-05-23T16:08:45.423+0000] {processor.py:840} INFO - DAG(s) 'csv_copy_dag' retrieved from /opt/airflow/dags/csv_copy_dag.py
[2024-05-23T16:08:45.441+0000] {logging_mixin.py:188} INFO - [2024-05-23T16:08:45.441+0000] {dag.py:3096} INFO - Sync 1 DAGs
[2024-05-23T16:08:45.459+0000] {logging_mixin.py:188} INFO - [2024-05-23T16:08:45.458+0000] {dag.py:3954} INFO - Setting next_dagrun for csv_copy_dag to 2024-05-23 00:00:00+00:00, run_after=2024-05-24 00:00:00+00:00
[2024-05-23T16:08:45.478+0000] {processor.py:183} INFO - Processing /opt/airflow/dags/csv_copy_dag.py took 0.073 seconds
[2024-05-23T16:09:15.646+0000] {processor.py:161} INFO - Started process (PID=92) to work on /opt/airflow/dags/csv_copy_dag.py
[2024-05-23T16:09:15.647+0000] {processor.py:830} INFO - Processing file /opt/airflow/dags/csv_copy_dag.py for tasks to queue
[2024-05-23T16:09:15.649+0000] {logging_mixin.py:188} INFO - [2024-05-23T16:09:15.649+0000] {dagbag.py:545} INFO - Filling up the DagBag from /opt/airflow/dags/csv_copy_dag.py
[2024-05-23T16:09:15.666+0000] {processor.py:840} INFO - DAG(s) 'csv_copy_dag' retrieved from /opt/airflow/dags/csv_copy_dag.py
[2024-05-23T16:09:15.685+0000] {logging_mixin.py:188} INFO - [2024-05-23T16:09:15.684+0000] {dag.py:3096} INFO - Sync 1 DAGs
[2024-05-23T16:09:15.701+0000] {logging_mixin.py:188} INFO - [2024-05-23T16:09:15.701+0000] {dag.py:3954} INFO - Setting next_dagrun for csv_copy_dag to 2024-05-23 00:00:00+00:00, run_after=2024-05-24 00:00:00+00:00
[2024-05-23T16:09:15.720+0000] {processor.py:183} INFO - Processing /opt/airflow/dags/csv_copy_dag.py took 0.078 seconds
[2024-05-23T16:09:45.807+0000] {processor.py:161} INFO - Started process (PID=99) to work on /opt/airflow/dags/csv_copy_dag.py
[2024-05-23T16:09:45.808+0000] {processor.py:830} INFO - Processing file /opt/airflow/dags/csv_copy_dag.py for tasks to queue
[2024-05-23T16:09:45.809+0000] {logging_mixin.py:188} INFO - [2024-05-23T16:09:45.809+0000] {dagbag.py:545} INFO - Filling up the DagBag from /opt/airflow/dags/csv_copy_dag.py
[2024-05-23T16:09:45.827+0000] {processor.py:840} INFO - DAG(s) 'csv_copy_dag' retrieved from /opt/airflow/dags/csv_copy_dag.py
[2024-05-23T16:09:45.847+0000] {logging_mixin.py:188} INFO - [2024-05-23T16:09:45.847+0000] {dag.py:3096} INFO - Sync 1 DAGs
[2024-05-23T16:09:45.867+0000] {logging_mixin.py:188} INFO - [2024-05-23T16:09:45.867+0000] {dag.py:3954} INFO - Setting next_dagrun for csv_copy_dag to 2024-05-23 00:00:00+00:00, run_after=2024-05-24 00:00:00+00:00
[2024-05-23T16:09:45.887+0000] {processor.py:183} INFO - Processing /opt/airflow/dags/csv_copy_dag.py took 0.085 seconds
[2024-05-23T16:10:16.011+0000] {processor.py:161} INFO - Started process (PID=106) to work on /opt/airflow/dags/csv_copy_dag.py
[2024-05-23T16:10:16.012+0000] {processor.py:830} INFO - Processing file /opt/airflow/dags/csv_copy_dag.py for tasks to queue
[2024-05-23T16:10:16.013+0000] {logging_mixin.py:188} INFO - [2024-05-23T16:10:16.013+0000] {dagbag.py:545} INFO - Filling up the DagBag from /opt/airflow/dags/csv_copy_dag.py
[2024-05-23T16:10:16.029+0000] {processor.py:840} INFO - DAG(s) 'csv_copy_dag' retrieved from /opt/airflow/dags/csv_copy_dag.py
[2024-05-23T16:10:16.049+0000] {logging_mixin.py:188} INFO - [2024-05-23T16:10:16.049+0000] {dag.py:3096} INFO - Sync 1 DAGs
[2024-05-23T16:10:16.067+0000] {logging_mixin.py:188} INFO - [2024-05-23T16:10:16.066+0000] {dag.py:3954} INFO - Setting next_dagrun for csv_copy_dag to 2024-05-23 00:00:00+00:00, run_after=2024-05-24 00:00:00+00:00
[2024-05-23T16:10:16.093+0000] {processor.py:183} INFO - Processing /opt/airflow/dags/csv_copy_dag.py took 0.087 seconds
[2024-05-23T16:11:13.798+0000] {processor.py:161} INFO - Started process (PID=43) to work on /opt/airflow/dags/csv_copy_dag.py
[2024-05-23T16:11:13.800+0000] {processor.py:830} INFO - Processing file /opt/airflow/dags/csv_copy_dag.py for tasks to queue
[2024-05-23T16:11:13.804+0000] {logging_mixin.py:188} INFO - [2024-05-23T16:11:13.803+0000] {dagbag.py:545} INFO - Filling up the DagBag from /opt/airflow/dags/csv_copy_dag.py
[2024-05-23T16:11:13.853+0000] {processor.py:840} INFO - DAG(s) 'csv_copy_dag' retrieved from /opt/airflow/dags/csv_copy_dag.py
[2024-05-23T16:11:14.119+0000] {logging_mixin.py:188} INFO - [2024-05-23T16:11:14.118+0000] {dag.py:3096} INFO - Sync 1 DAGs
[2024-05-23T16:11:14.138+0000] {logging_mixin.py:188} INFO - [2024-05-23T16:11:14.138+0000] {dag.py:3954} INFO - Setting next_dagrun for csv_copy_dag to 2024-05-23 00:00:00+00:00, run_after=2024-05-24 00:00:00+00:00
[2024-05-23T16:11:14.157+0000] {processor.py:183} INFO - Processing /opt/airflow/dags/csv_copy_dag.py took 0.366 seconds
[2024-05-23T16:11:44.619+0000] {processor.py:161} INFO - Started process (PID=51) to work on /opt/airflow/dags/csv_copy_dag.py
[2024-05-23T16:11:44.620+0000] {processor.py:830} INFO - Processing file /opt/airflow/dags/csv_copy_dag.py for tasks to queue
[2024-05-23T16:11:44.621+0000] {logging_mixin.py:188} INFO - [2024-05-23T16:11:44.621+0000] {dagbag.py:545} INFO - Filling up the DagBag from /opt/airflow/dags/csv_copy_dag.py
[2024-05-23T16:11:44.635+0000] {processor.py:840} INFO - DAG(s) 'csv_copy_dag' retrieved from /opt/airflow/dags/csv_copy_dag.py
[2024-05-23T16:11:44.658+0000] {logging_mixin.py:188} INFO - [2024-05-23T16:11:44.658+0000] {dag.py:3096} INFO - Sync 1 DAGs
[2024-05-23T16:11:44.677+0000] {logging_mixin.py:188} INFO - [2024-05-23T16:11:44.677+0000] {dag.py:3954} INFO - Setting next_dagrun for csv_copy_dag to 2024-05-23 00:00:00+00:00, run_after=2024-05-24 00:00:00+00:00
[2024-05-23T16:11:44.700+0000] {processor.py:183} INFO - Processing /opt/airflow/dags/csv_copy_dag.py took 0.085 seconds
[2024-05-23T16:12:14.884+0000] {processor.py:161} INFO - Started process (PID=59) to work on /opt/airflow/dags/csv_copy_dag.py
[2024-05-23T16:12:14.884+0000] {processor.py:830} INFO - Processing file /opt/airflow/dags/csv_copy_dag.py for tasks to queue
[2024-05-23T16:12:14.886+0000] {logging_mixin.py:188} INFO - [2024-05-23T16:12:14.886+0000] {dagbag.py:545} INFO - Filling up the DagBag from /opt/airflow/dags/csv_copy_dag.py
[2024-05-23T16:12:14.901+0000] {processor.py:840} INFO - DAG(s) 'csv_copy_dag' retrieved from /opt/airflow/dags/csv_copy_dag.py
[2024-05-23T16:12:14.911+0000] {logging_mixin.py:188} INFO - [2024-05-23T16:12:14.911+0000] {dag.py:3096} INFO - Sync 1 DAGs
[2024-05-23T16:12:14.928+0000] {logging_mixin.py:188} INFO - [2024-05-23T16:12:14.928+0000] {dag.py:3954} INFO - Setting next_dagrun for csv_copy_dag to 2024-05-23 00:00:00+00:00, run_after=2024-05-24 00:00:00+00:00
[2024-05-23T16:12:14.949+0000] {processor.py:183} INFO - Processing /opt/airflow/dags/csv_copy_dag.py took 0.069 seconds
[2024-05-23T16:12:45.139+0000] {processor.py:161} INFO - Started process (PID=67) to work on /opt/airflow/dags/csv_copy_dag.py
[2024-05-23T16:12:45.140+0000] {processor.py:830} INFO - Processing file /opt/airflow/dags/csv_copy_dag.py for tasks to queue
[2024-05-23T16:12:45.143+0000] {logging_mixin.py:188} INFO - [2024-05-23T16:12:45.143+0000] {dagbag.py:545} INFO - Filling up the DagBag from /opt/airflow/dags/csv_copy_dag.py
[2024-05-23T16:12:45.164+0000] {processor.py:840} INFO - DAG(s) 'csv_copy_dag' retrieved from /opt/airflow/dags/csv_copy_dag.py
[2024-05-23T16:12:45.255+0000] {logging_mixin.py:188} INFO - [2024-05-23T16:12:45.255+0000] {dag.py:3096} INFO - Sync 1 DAGs
[2024-05-23T16:12:45.272+0000] {logging_mixin.py:188} INFO - [2024-05-23T16:12:45.272+0000] {dag.py:3954} INFO - Setting next_dagrun for csv_copy_dag to 2024-05-23 00:00:00+00:00, run_after=2024-05-24 00:00:00+00:00
[2024-05-23T16:12:45.295+0000] {processor.py:183} INFO - Processing /opt/airflow/dags/csv_copy_dag.py took 0.161 seconds
[2024-05-23T16:13:15.496+0000] {processor.py:161} INFO - Started process (PID=75) to work on /opt/airflow/dags/csv_copy_dag.py
[2024-05-23T16:13:15.497+0000] {processor.py:830} INFO - Processing file /opt/airflow/dags/csv_copy_dag.py for tasks to queue
[2024-05-23T16:13:15.499+0000] {logging_mixin.py:188} INFO - [2024-05-23T16:13:15.499+0000] {dagbag.py:545} INFO - Filling up the DagBag from /opt/airflow/dags/csv_copy_dag.py
[2024-05-23T16:13:15.515+0000] {processor.py:840} INFO - DAG(s) 'csv_copy_dag' retrieved from /opt/airflow/dags/csv_copy_dag.py
[2024-05-23T16:13:15.535+0000] {logging_mixin.py:188} INFO - [2024-05-23T16:13:15.535+0000] {dag.py:3096} INFO - Sync 1 DAGs
[2024-05-23T16:13:15.552+0000] {logging_mixin.py:188} INFO - [2024-05-23T16:13:15.552+0000] {dag.py:3954} INFO - Setting next_dagrun for csv_copy_dag to 2024-05-23 00:00:00+00:00, run_after=2024-05-24 00:00:00+00:00
[2024-05-23T16:13:15.572+0000] {processor.py:183} INFO - Processing /opt/airflow/dags/csv_copy_dag.py took 0.081 seconds
[2024-05-23T16:13:45.741+0000] {processor.py:161} INFO - Started process (PID=83) to work on /opt/airflow/dags/csv_copy_dag.py
[2024-05-23T16:13:45.741+0000] {processor.py:830} INFO - Processing file /opt/airflow/dags/csv_copy_dag.py for tasks to queue
[2024-05-23T16:13:45.744+0000] {logging_mixin.py:188} INFO - [2024-05-23T16:13:45.743+0000] {dagbag.py:545} INFO - Filling up the DagBag from /opt/airflow/dags/csv_copy_dag.py
[2024-05-23T16:13:45.759+0000] {processor.py:840} INFO - DAG(s) 'csv_copy_dag' retrieved from /opt/airflow/dags/csv_copy_dag.py
[2024-05-23T16:13:45.768+0000] {logging_mixin.py:188} INFO - [2024-05-23T16:13:45.768+0000] {dag.py:3096} INFO - Sync 1 DAGs
[2024-05-23T16:13:45.783+0000] {logging_mixin.py:188} INFO - [2024-05-23T16:13:45.783+0000] {dag.py:3954} INFO - Setting next_dagrun for csv_copy_dag to 2024-05-23 00:00:00+00:00, run_after=2024-05-24 00:00:00+00:00
[2024-05-23T16:13:45.801+0000] {processor.py:183} INFO - Processing /opt/airflow/dags/csv_copy_dag.py took 0.065 seconds
[2024-05-23T16:14:15.971+0000] {processor.py:161} INFO - Started process (PID=91) to work on /opt/airflow/dags/csv_copy_dag.py
[2024-05-23T16:14:15.972+0000] {processor.py:830} INFO - Processing file /opt/airflow/dags/csv_copy_dag.py for tasks to queue
[2024-05-23T16:14:15.975+0000] {logging_mixin.py:188} INFO - [2024-05-23T16:14:15.974+0000] {dagbag.py:545} INFO - Filling up the DagBag from /opt/airflow/dags/csv_copy_dag.py
[2024-05-23T16:14:15.990+0000] {processor.py:840} INFO - DAG(s) 'csv_copy_dag' retrieved from /opt/airflow/dags/csv_copy_dag.py
[2024-05-23T16:14:16.070+0000] {logging_mixin.py:188} INFO - [2024-05-23T16:14:16.070+0000] {dag.py:3096} INFO - Sync 1 DAGs
[2024-05-23T16:14:16.089+0000] {logging_mixin.py:188} INFO - [2024-05-23T16:14:16.089+0000] {dag.py:3954} INFO - Setting next_dagrun for csv_copy_dag to 2024-05-23 00:00:00+00:00, run_after=2024-05-24 00:00:00+00:00
[2024-05-23T16:14:16.113+0000] {processor.py:183} INFO - Processing /opt/airflow/dags/csv_copy_dag.py took 0.147 seconds
[2024-05-23T16:14:46.298+0000] {processor.py:161} INFO - Started process (PID=99) to work on /opt/airflow/dags/csv_copy_dag.py
[2024-05-23T16:14:46.299+0000] {processor.py:830} INFO - Processing file /opt/airflow/dags/csv_copy_dag.py for tasks to queue
[2024-05-23T16:14:46.302+0000] {logging_mixin.py:188} INFO - [2024-05-23T16:14:46.301+0000] {dagbag.py:545} INFO - Filling up the DagBag from /opt/airflow/dags/csv_copy_dag.py
[2024-05-23T16:14:46.320+0000] {processor.py:840} INFO - DAG(s) 'csv_copy_dag' retrieved from /opt/airflow/dags/csv_copy_dag.py
[2024-05-23T16:14:46.341+0000] {logging_mixin.py:188} INFO - [2024-05-23T16:14:46.341+0000] {dag.py:3096} INFO - Sync 1 DAGs
[2024-05-23T16:14:46.360+0000] {logging_mixin.py:188} INFO - [2024-05-23T16:14:46.360+0000] {dag.py:3954} INFO - Setting next_dagrun for csv_copy_dag to 2024-05-23 00:00:00+00:00, run_after=2024-05-24 00:00:00+00:00
[2024-05-23T16:14:46.376+0000] {processor.py:183} INFO - Processing /opt/airflow/dags/csv_copy_dag.py took 0.083 seconds
[2024-05-23T16:15:16.615+0000] {processor.py:161} INFO - Started process (PID=107) to work on /opt/airflow/dags/csv_copy_dag.py
[2024-05-23T16:15:16.616+0000] {processor.py:830} INFO - Processing file /opt/airflow/dags/csv_copy_dag.py for tasks to queue
[2024-05-23T16:15:16.618+0000] {logging_mixin.py:188} INFO - [2024-05-23T16:15:16.618+0000] {dagbag.py:545} INFO - Filling up the DagBag from /opt/airflow/dags/csv_copy_dag.py
[2024-05-23T16:15:16.639+0000] {processor.py:840} INFO - DAG(s) 'csv_copy_dag' retrieved from /opt/airflow/dags/csv_copy_dag.py
[2024-05-23T16:15:16.652+0000] {logging_mixin.py:188} INFO - [2024-05-23T16:15:16.652+0000] {dag.py:3096} INFO - Sync 1 DAGs
[2024-05-23T16:15:16.677+0000] {logging_mixin.py:188} INFO - [2024-05-23T16:15:16.677+0000] {dag.py:3954} INFO - Setting next_dagrun for csv_copy_dag to 2024-05-23 00:00:00+00:00, run_after=2024-05-24 00:00:00+00:00
[2024-05-23T16:15:16.706+0000] {processor.py:183} INFO - Processing /opt/airflow/dags/csv_copy_dag.py took 0.096 seconds
[2024-05-23T16:20:45.367+0000] {processor.py:161} INFO - Started process (PID=42) to work on /opt/airflow/dags/csv_copy_dag.py
[2024-05-23T16:20:45.368+0000] {processor.py:830} INFO - Processing file /opt/airflow/dags/csv_copy_dag.py for tasks to queue
[2024-05-23T16:20:45.371+0000] {logging_mixin.py:188} INFO - [2024-05-23T16:20:45.371+0000] {dagbag.py:545} INFO - Filling up the DagBag from /opt/airflow/dags/csv_copy_dag.py
[2024-05-23T16:20:45.431+0000] {processor.py:840} INFO - DAG(s) 'csv2_copy_dag' retrieved from /opt/airflow/dags/csv_copy_dag.py
[2024-05-23T16:20:45.624+0000] {logging_mixin.py:188} INFO - [2024-05-23T16:20:45.623+0000] {override.py:1829} INFO - Created Permission View: can delete on DAG:csv2_copy_dag
[2024-05-23T16:20:45.632+0000] {logging_mixin.py:188} INFO - [2024-05-23T16:20:45.632+0000] {override.py:1829} INFO - Created Permission View: can edit on DAG:csv2_copy_dag
[2024-05-23T16:20:45.637+0000] {logging_mixin.py:188} INFO - [2024-05-23T16:20:45.637+0000] {override.py:1829} INFO - Created Permission View: can read on DAG:csv2_copy_dag
[2024-05-23T16:20:45.637+0000] {logging_mixin.py:188} INFO - [2024-05-23T16:20:45.637+0000] {dag.py:3096} INFO - Sync 1 DAGs
[2024-05-23T16:20:45.648+0000] {logging_mixin.py:188} INFO - [2024-05-23T16:20:45.648+0000] {dag.py:3118} INFO - Creating ORM DAG for csv2_copy_dag
[2024-05-23T16:20:45.656+0000] {logging_mixin.py:188} INFO - [2024-05-23T16:20:45.656+0000] {dag.py:3954} INFO - Setting next_dagrun for csv2_copy_dag to 2024-05-22 00:00:00+00:00, run_after=2024-05-23 00:00:00+00:00
[2024-05-23T16:20:45.673+0000] {processor.py:183} INFO - Processing /opt/airflow/dags/csv_copy_dag.py took 0.316 seconds
[2024-05-23T16:21:15.865+0000] {processor.py:161} INFO - Started process (PID=50) to work on /opt/airflow/dags/csv_copy_dag.py
[2024-05-23T16:21:15.866+0000] {processor.py:830} INFO - Processing file /opt/airflow/dags/csv_copy_dag.py for tasks to queue
[2024-05-23T16:21:15.867+0000] {logging_mixin.py:188} INFO - [2024-05-23T16:21:15.867+0000] {dagbag.py:545} INFO - Filling up the DagBag from /opt/airflow/dags/csv_copy_dag.py
[2024-05-23T16:21:15.887+0000] {processor.py:840} INFO - DAG(s) 'csv2_copy_dag' retrieved from /opt/airflow/dags/csv_copy_dag.py
[2024-05-23T16:21:15.910+0000] {logging_mixin.py:188} INFO - [2024-05-23T16:21:15.909+0000] {dag.py:3096} INFO - Sync 1 DAGs
[2024-05-23T16:21:15.932+0000] {logging_mixin.py:188} INFO - [2024-05-23T16:21:15.932+0000] {dag.py:3954} INFO - Setting next_dagrun for csv2_copy_dag to 2024-05-22 00:00:00+00:00, run_after=2024-05-23 00:00:00+00:00
[2024-05-23T16:21:15.954+0000] {processor.py:183} INFO - Processing /opt/airflow/dags/csv_copy_dag.py took 0.094 seconds
[2024-05-23T16:21:46.054+0000] {processor.py:161} INFO - Started process (PID=62) to work on /opt/airflow/dags/csv_copy_dag.py
[2024-05-23T16:21:46.055+0000] {processor.py:830} INFO - Processing file /opt/airflow/dags/csv_copy_dag.py for tasks to queue
[2024-05-23T16:21:46.057+0000] {logging_mixin.py:188} INFO - [2024-05-23T16:21:46.056+0000] {dagbag.py:545} INFO - Filling up the DagBag from /opt/airflow/dags/csv_copy_dag.py
[2024-05-23T16:21:46.070+0000] {processor.py:840} INFO - DAG(s) 'csv2_copy_dag' retrieved from /opt/airflow/dags/csv_copy_dag.py
[2024-05-23T16:21:46.096+0000] {logging_mixin.py:188} INFO - [2024-05-23T16:21:46.096+0000] {dag.py:3096} INFO - Sync 1 DAGs
[2024-05-23T16:21:46.111+0000] {logging_mixin.py:188} INFO - [2024-05-23T16:21:46.111+0000] {dag.py:3954} INFO - Setting next_dagrun for csv2_copy_dag to 2024-05-23 00:00:00+00:00, run_after=2024-05-24 00:00:00+00:00
[2024-05-23T16:21:46.131+0000] {processor.py:183} INFO - Processing /opt/airflow/dags/csv_copy_dag.py took 0.081 seconds
[2024-05-23T16:22:16.308+0000] {processor.py:161} INFO - Started process (PID=70) to work on /opt/airflow/dags/csv_copy_dag.py
[2024-05-23T16:22:16.310+0000] {processor.py:830} INFO - Processing file /opt/airflow/dags/csv_copy_dag.py for tasks to queue
[2024-05-23T16:22:16.314+0000] {logging_mixin.py:188} INFO - [2024-05-23T16:22:16.314+0000] {dagbag.py:545} INFO - Filling up the DagBag from /opt/airflow/dags/csv_copy_dag.py
[2024-05-23T16:22:16.328+0000] {processor.py:840} INFO - DAG(s) 'csv2_copy_dag' retrieved from /opt/airflow/dags/csv_copy_dag.py
[2024-05-23T16:22:16.347+0000] {logging_mixin.py:188} INFO - [2024-05-23T16:22:16.347+0000] {dag.py:3096} INFO - Sync 1 DAGs
[2024-05-23T16:22:16.362+0000] {logging_mixin.py:188} INFO - [2024-05-23T16:22:16.362+0000] {dag.py:3954} INFO - Setting next_dagrun for csv2_copy_dag to 2024-05-23 00:00:00+00:00, run_after=2024-05-24 00:00:00+00:00
[2024-05-23T16:22:16.380+0000] {processor.py:183} INFO - Processing /opt/airflow/dags/csv_copy_dag.py took 0.077 seconds
[2024-05-23T16:22:46.516+0000] {processor.py:161} INFO - Started process (PID=78) to work on /opt/airflow/dags/csv_copy_dag.py
[2024-05-23T16:22:46.517+0000] {processor.py:830} INFO - Processing file /opt/airflow/dags/csv_copy_dag.py for tasks to queue
[2024-05-23T16:22:46.518+0000] {logging_mixin.py:188} INFO - [2024-05-23T16:22:46.518+0000] {dagbag.py:545} INFO - Filling up the DagBag from /opt/airflow/dags/csv_copy_dag.py
[2024-05-23T16:22:46.540+0000] {processor.py:840} INFO - DAG(s) 'csv2_copy_dag' retrieved from /opt/airflow/dags/csv_copy_dag.py
[2024-05-23T16:22:46.559+0000] {logging_mixin.py:188} INFO - [2024-05-23T16:22:46.559+0000] {dag.py:3096} INFO - Sync 1 DAGs
[2024-05-23T16:22:46.575+0000] {logging_mixin.py:188} INFO - [2024-05-23T16:22:46.575+0000] {dag.py:3954} INFO - Setting next_dagrun for csv2_copy_dag to 2024-05-23 00:00:00+00:00, run_after=2024-05-24 00:00:00+00:00
[2024-05-23T16:22:46.589+0000] {processor.py:183} INFO - Processing /opt/airflow/dags/csv_copy_dag.py took 0.077 seconds
[2024-05-23T16:23:16.751+0000] {processor.py:161} INFO - Started process (PID=86) to work on /opt/airflow/dags/csv_copy_dag.py
[2024-05-23T16:23:16.752+0000] {processor.py:830} INFO - Processing file /opt/airflow/dags/csv_copy_dag.py for tasks to queue
[2024-05-23T16:23:16.753+0000] {logging_mixin.py:188} INFO - [2024-05-23T16:23:16.753+0000] {dagbag.py:545} INFO - Filling up the DagBag from /opt/airflow/dags/csv_copy_dag.py
[2024-05-23T16:23:16.768+0000] {processor.py:840} INFO - DAG(s) 'csv2_copy_dag' retrieved from /opt/airflow/dags/csv_copy_dag.py
[2024-05-23T16:23:16.788+0000] {logging_mixin.py:188} INFO - [2024-05-23T16:23:16.787+0000] {dag.py:3096} INFO - Sync 1 DAGs
[2024-05-23T16:23:16.802+0000] {logging_mixin.py:188} INFO - [2024-05-23T16:23:16.802+0000] {dag.py:3954} INFO - Setting next_dagrun for csv2_copy_dag to 2024-05-23 00:00:00+00:00, run_after=2024-05-24 00:00:00+00:00
[2024-05-23T16:23:16.821+0000] {processor.py:183} INFO - Processing /opt/airflow/dags/csv_copy_dag.py took 0.074 seconds
[2024-05-23T16:23:46.996+0000] {processor.py:161} INFO - Started process (PID=94) to work on /opt/airflow/dags/csv_copy_dag.py
[2024-05-23T16:23:46.997+0000] {processor.py:830} INFO - Processing file /opt/airflow/dags/csv_copy_dag.py for tasks to queue
[2024-05-23T16:23:47.002+0000] {logging_mixin.py:188} INFO - [2024-05-23T16:23:47.002+0000] {dagbag.py:545} INFO - Filling up the DagBag from /opt/airflow/dags/csv_copy_dag.py
[2024-05-23T16:23:47.017+0000] {processor.py:840} INFO - DAG(s) 'csv2_copy_dag' retrieved from /opt/airflow/dags/csv_copy_dag.py
[2024-05-23T16:23:47.035+0000] {logging_mixin.py:188} INFO - [2024-05-23T16:23:47.035+0000] {dag.py:3096} INFO - Sync 1 DAGs
[2024-05-23T16:23:47.050+0000] {logging_mixin.py:188} INFO - [2024-05-23T16:23:47.050+0000] {dag.py:3954} INFO - Setting next_dagrun for csv2_copy_dag to 2024-05-23 00:00:00+00:00, run_after=2024-05-24 00:00:00+00:00
[2024-05-23T16:23:47.070+0000] {processor.py:183} INFO - Processing /opt/airflow/dags/csv_copy_dag.py took 0.078 seconds
[2024-05-23T16:24:17.277+0000] {processor.py:161} INFO - Started process (PID=103) to work on /opt/airflow/dags/csv_copy_dag.py
[2024-05-23T16:24:17.280+0000] {processor.py:830} INFO - Processing file /opt/airflow/dags/csv_copy_dag.py for tasks to queue
[2024-05-23T16:24:17.282+0000] {logging_mixin.py:188} INFO - [2024-05-23T16:24:17.281+0000] {dagbag.py:545} INFO - Filling up the DagBag from /opt/airflow/dags/csv_copy_dag.py
[2024-05-23T16:24:17.307+0000] {processor.py:840} INFO - DAG(s) 'csv2_copy_dag' retrieved from /opt/airflow/dags/csv_copy_dag.py
[2024-05-23T16:24:17.329+0000] {logging_mixin.py:188} INFO - [2024-05-23T16:24:17.329+0000] {dag.py:3096} INFO - Sync 1 DAGs
[2024-05-23T16:24:17.347+0000] {logging_mixin.py:188} INFO - [2024-05-23T16:24:17.347+0000] {dag.py:3954} INFO - Setting next_dagrun for csv2_copy_dag to 2024-05-23 00:00:00+00:00, run_after=2024-05-24 00:00:00+00:00
[2024-05-23T16:24:17.381+0000] {processor.py:183} INFO - Processing /opt/airflow/dags/csv_copy_dag.py took 0.110 seconds
[2024-05-23T16:24:35.761+0000] {processor.py:161} INFO - Started process (PID=116) to work on /opt/airflow/dags/csv_copy_dag.py
[2024-05-23T16:24:35.762+0000] {processor.py:830} INFO - Processing file /opt/airflow/dags/csv_copy_dag.py for tasks to queue
[2024-05-23T16:24:35.764+0000] {logging_mixin.py:188} INFO - [2024-05-23T16:24:35.763+0000] {dagbag.py:545} INFO - Filling up the DagBag from /opt/airflow/dags/csv_copy_dag.py
[2024-05-23T16:24:35.791+0000] {processor.py:840} INFO - DAG(s) 'csv_copy_dag' retrieved from /opt/airflow/dags/csv_copy_dag.py
[2024-05-23T16:24:35.892+0000] {logging_mixin.py:188} INFO - [2024-05-23T16:24:35.892+0000] {dag.py:3096} INFO - Sync 1 DAGs
[2024-05-23T16:24:35.911+0000] {logging_mixin.py:188} INFO - [2024-05-23T16:24:35.910+0000] {dag.py:3954} INFO - Setting next_dagrun for csv_copy_dag to 2024-05-23 00:00:00+00:00, run_after=2024-05-24 00:00:00+00:00
[2024-05-23T16:24:35.933+0000] {processor.py:183} INFO - Processing /opt/airflow/dags/csv_copy_dag.py took 0.186 seconds
[2024-05-23T16:25:01.436+0000] {processor.py:161} INFO - Started process (PID=43) to work on /opt/airflow/dags/csv_copy_dag.py
[2024-05-23T16:25:01.438+0000] {processor.py:830} INFO - Processing file /opt/airflow/dags/csv_copy_dag.py for tasks to queue
[2024-05-23T16:25:01.443+0000] {logging_mixin.py:188} INFO - [2024-05-23T16:25:01.443+0000] {dagbag.py:545} INFO - Filling up the DagBag from /opt/airflow/dags/csv_copy_dag.py
[2024-05-23T16:25:01.464+0000] {processor.py:840} INFO - DAG(s) 'csv_copy_dag' retrieved from /opt/airflow/dags/csv_copy_dag.py
[2024-05-23T16:25:01.587+0000] {logging_mixin.py:188} INFO - [2024-05-23T16:25:01.586+0000] {dag.py:3096} INFO - Sync 1 DAGs
[2024-05-23T16:25:01.605+0000] {logging_mixin.py:188} INFO - [2024-05-23T16:25:01.605+0000] {dag.py:3954} INFO - Setting next_dagrun for csv_copy_dag to 2024-05-23 00:00:00+00:00, run_after=2024-05-24 00:00:00+00:00
[2024-05-23T16:25:01.624+0000] {processor.py:183} INFO - Processing /opt/airflow/dags/csv_copy_dag.py took 0.195 seconds
[2024-05-23T16:25:31.856+0000] {processor.py:161} INFO - Started process (PID=51) to work on /opt/airflow/dags/csv_copy_dag.py
[2024-05-23T16:25:31.857+0000] {processor.py:830} INFO - Processing file /opt/airflow/dags/csv_copy_dag.py for tasks to queue
[2024-05-23T16:25:31.858+0000] {logging_mixin.py:188} INFO - [2024-05-23T16:25:31.858+0000] {dagbag.py:545} INFO - Filling up the DagBag from /opt/airflow/dags/csv_copy_dag.py
[2024-05-23T16:25:31.874+0000] {processor.py:840} INFO - DAG(s) 'csv_copy_dag' retrieved from /opt/airflow/dags/csv_copy_dag.py
[2024-05-23T16:25:31.894+0000] {logging_mixin.py:188} INFO - [2024-05-23T16:25:31.893+0000] {dag.py:3096} INFO - Sync 1 DAGs
[2024-05-23T16:25:31.911+0000] {logging_mixin.py:188} INFO - [2024-05-23T16:25:31.911+0000] {dag.py:3954} INFO - Setting next_dagrun for csv_copy_dag to 2024-05-23 00:00:00+00:00, run_after=2024-05-24 00:00:00+00:00
[2024-05-23T16:25:31.926+0000] {processor.py:183} INFO - Processing /opt/airflow/dags/csv_copy_dag.py took 0.075 seconds
[2024-05-23T16:26:02.032+0000] {processor.py:161} INFO - Started process (PID=59) to work on /opt/airflow/dags/csv_copy_dag.py
[2024-05-23T16:26:02.033+0000] {processor.py:830} INFO - Processing file /opt/airflow/dags/csv_copy_dag.py for tasks to queue
[2024-05-23T16:26:02.033+0000] {logging_mixin.py:188} INFO - [2024-05-23T16:26:02.033+0000] {dagbag.py:545} INFO - Filling up the DagBag from /opt/airflow/dags/csv_copy_dag.py
[2024-05-23T16:26:02.048+0000] {processor.py:840} INFO - DAG(s) 'csv_copy_dag' retrieved from /opt/airflow/dags/csv_copy_dag.py
[2024-05-23T16:26:02.068+0000] {logging_mixin.py:188} INFO - [2024-05-23T16:26:02.068+0000] {dag.py:3096} INFO - Sync 1 DAGs
[2024-05-23T16:26:02.086+0000] {logging_mixin.py:188} INFO - [2024-05-23T16:26:02.086+0000] {dag.py:3954} INFO - Setting next_dagrun for csv_copy_dag to 2024-05-23 00:00:00+00:00, run_after=2024-05-24 00:00:00+00:00
[2024-05-23T16:26:02.102+0000] {processor.py:183} INFO - Processing /opt/airflow/dags/csv_copy_dag.py took 0.074 seconds
[2024-05-23T16:26:32.287+0000] {processor.py:161} INFO - Started process (PID=67) to work on /opt/airflow/dags/csv_copy_dag.py
[2024-05-23T16:26:32.288+0000] {processor.py:830} INFO - Processing file /opt/airflow/dags/csv_copy_dag.py for tasks to queue
[2024-05-23T16:26:32.289+0000] {logging_mixin.py:188} INFO - [2024-05-23T16:26:32.289+0000] {dagbag.py:545} INFO - Filling up the DagBag from /opt/airflow/dags/csv_copy_dag.py
[2024-05-23T16:26:32.308+0000] {processor.py:840} INFO - DAG(s) 'csv_copy_dag' retrieved from /opt/airflow/dags/csv_copy_dag.py
[2024-05-23T16:26:32.329+0000] {logging_mixin.py:188} INFO - [2024-05-23T16:26:32.328+0000] {dag.py:3096} INFO - Sync 1 DAGs
[2024-05-23T16:26:32.350+0000] {logging_mixin.py:188} INFO - [2024-05-23T16:26:32.349+0000] {dag.py:3954} INFO - Setting next_dagrun for csv_copy_dag to 2024-05-23 00:00:00+00:00, run_after=2024-05-24 00:00:00+00:00
[2024-05-23T16:26:32.367+0000] {processor.py:183} INFO - Processing /opt/airflow/dags/csv_copy_dag.py took 0.084 seconds
[2024-05-23T16:27:02.458+0000] {processor.py:161} INFO - Started process (PID=75) to work on /opt/airflow/dags/csv_copy_dag.py
[2024-05-23T16:27:02.459+0000] {processor.py:830} INFO - Processing file /opt/airflow/dags/csv_copy_dag.py for tasks to queue
[2024-05-23T16:27:02.460+0000] {logging_mixin.py:188} INFO - [2024-05-23T16:27:02.459+0000] {dagbag.py:545} INFO - Filling up the DagBag from /opt/airflow/dags/csv_copy_dag.py
[2024-05-23T16:27:02.478+0000] {processor.py:840} INFO - DAG(s) 'csv_copy_dag' retrieved from /opt/airflow/dags/csv_copy_dag.py
[2024-05-23T16:27:02.501+0000] {logging_mixin.py:188} INFO - [2024-05-23T16:27:02.501+0000] {dag.py:3096} INFO - Sync 1 DAGs
[2024-05-23T16:27:02.522+0000] {logging_mixin.py:188} INFO - [2024-05-23T16:27:02.522+0000] {dag.py:3954} INFO - Setting next_dagrun for csv_copy_dag to 2024-05-23 00:00:00+00:00, run_after=2024-05-24 00:00:00+00:00
[2024-05-23T16:27:02.541+0000] {processor.py:183} INFO - Processing /opt/airflow/dags/csv_copy_dag.py took 0.088 seconds
[2024-05-23T16:27:32.676+0000] {processor.py:161} INFO - Started process (PID=83) to work on /opt/airflow/dags/csv_copy_dag.py
[2024-05-23T16:27:32.677+0000] {processor.py:830} INFO - Processing file /opt/airflow/dags/csv_copy_dag.py for tasks to queue
[2024-05-23T16:27:32.677+0000] {logging_mixin.py:188} INFO - [2024-05-23T16:27:32.677+0000] {dagbag.py:545} INFO - Filling up the DagBag from /opt/airflow/dags/csv_copy_dag.py
[2024-05-23T16:27:32.695+0000] {processor.py:840} INFO - DAG(s) 'csv_copy_dag' retrieved from /opt/airflow/dags/csv_copy_dag.py
[2024-05-23T16:27:32.717+0000] {logging_mixin.py:188} INFO - [2024-05-23T16:27:32.717+0000] {dag.py:3096} INFO - Sync 1 DAGs
[2024-05-23T16:27:32.735+0000] {logging_mixin.py:188} INFO - [2024-05-23T16:27:32.735+0000] {dag.py:3954} INFO - Setting next_dagrun for csv_copy_dag to 2024-05-23 00:00:00+00:00, run_after=2024-05-24 00:00:00+00:00
[2024-05-23T16:27:32.757+0000] {processor.py:183} INFO - Processing /opt/airflow/dags/csv_copy_dag.py took 0.087 seconds
[2024-05-23T16:28:02.951+0000] {processor.py:161} INFO - Started process (PID=91) to work on /opt/airflow/dags/csv_copy_dag.py
[2024-05-23T16:28:02.952+0000] {processor.py:830} INFO - Processing file /opt/airflow/dags/csv_copy_dag.py for tasks to queue
[2024-05-23T16:28:02.953+0000] {logging_mixin.py:188} INFO - [2024-05-23T16:28:02.953+0000] {dagbag.py:545} INFO - Filling up the DagBag from /opt/airflow/dags/csv_copy_dag.py
[2024-05-23T16:28:02.972+0000] {processor.py:840} INFO - DAG(s) 'csv_copy_dag' retrieved from /opt/airflow/dags/csv_copy_dag.py
[2024-05-23T16:28:02.992+0000] {logging_mixin.py:188} INFO - [2024-05-23T16:28:02.992+0000] {dag.py:3096} INFO - Sync 1 DAGs
[2024-05-23T16:28:03.011+0000] {logging_mixin.py:188} INFO - [2024-05-23T16:28:03.011+0000] {dag.py:3954} INFO - Setting next_dagrun for csv_copy_dag to 2024-05-23 00:00:00+00:00, run_after=2024-05-24 00:00:00+00:00
[2024-05-23T16:28:03.036+0000] {processor.py:183} INFO - Processing /opt/airflow/dags/csv_copy_dag.py took 0.090 seconds
[2024-05-23T16:28:30.290+0000] {processor.py:161} INFO - Started process (PID=100) to work on /opt/airflow/dags/csv_copy_dag.py
[2024-05-23T16:28:30.291+0000] {processor.py:830} INFO - Processing file /opt/airflow/dags/csv_copy_dag.py for tasks to queue
[2024-05-23T16:28:30.292+0000] {logging_mixin.py:188} INFO - [2024-05-23T16:28:30.292+0000] {dagbag.py:545} INFO - Filling up the DagBag from /opt/airflow/dags/csv_copy_dag.py
[2024-05-23T16:28:30.400+0000] {processor.py:840} INFO - DAG(s) 'csv_copy_dag' retrieved from /opt/airflow/dags/csv_copy_dag.py
[2024-05-23T16:28:30.425+0000] {logging_mixin.py:188} INFO - [2024-05-23T16:28:30.425+0000] {dag.py:3096} INFO - Sync 1 DAGs
[2024-05-23T16:28:30.446+0000] {logging_mixin.py:188} INFO - [2024-05-23T16:28:30.446+0000] {dag.py:3954} INFO - Setting next_dagrun for csv_copy_dag to 2024-05-23 00:00:00+00:00, run_after=2024-05-24 00:00:00+00:00
[2024-05-23T16:28:30.475+0000] {processor.py:183} INFO - Processing /opt/airflow/dags/csv_copy_dag.py took 0.189 seconds
[2024-05-23T16:29:00.656+0000] {processor.py:161} INFO - Started process (PID=108) to work on /opt/airflow/dags/csv_copy_dag.py
[2024-05-23T16:29:00.657+0000] {processor.py:830} INFO - Processing file /opt/airflow/dags/csv_copy_dag.py for tasks to queue
[2024-05-23T16:29:00.659+0000] {logging_mixin.py:188} INFO - [2024-05-23T16:29:00.658+0000] {dagbag.py:545} INFO - Filling up the DagBag from /opt/airflow/dags/csv_copy_dag.py
[2024-05-23T16:29:00.678+0000] {processor.py:840} INFO - DAG(s) 'csv_copy_dag' retrieved from /opt/airflow/dags/csv_copy_dag.py
[2024-05-23T16:29:00.702+0000] {logging_mixin.py:188} INFO - [2024-05-23T16:29:00.701+0000] {dag.py:3096} INFO - Sync 1 DAGs
[2024-05-23T16:29:00.729+0000] {logging_mixin.py:188} INFO - [2024-05-23T16:29:00.729+0000] {dag.py:3954} INFO - Setting next_dagrun for csv_copy_dag to 2024-05-23 00:00:00+00:00, run_after=2024-05-24 00:00:00+00:00
[2024-05-23T16:29:00.766+0000] {processor.py:183} INFO - Processing /opt/airflow/dags/csv_copy_dag.py took 0.115 seconds
[2024-05-23T16:29:31.115+0000] {processor.py:161} INFO - Started process (PID=116) to work on /opt/airflow/dags/csv_copy_dag.py
[2024-05-23T16:29:31.116+0000] {processor.py:830} INFO - Processing file /opt/airflow/dags/csv_copy_dag.py for tasks to queue
[2024-05-23T16:29:31.117+0000] {logging_mixin.py:188} INFO - [2024-05-23T16:29:31.116+0000] {dagbag.py:545} INFO - Filling up the DagBag from /opt/airflow/dags/csv_copy_dag.py
[2024-05-23T16:29:31.193+0000] {processor.py:840} INFO - DAG(s) 'csv_copy_dag' retrieved from /opt/airflow/dags/csv_copy_dag.py
[2024-05-23T16:29:31.233+0000] {logging_mixin.py:188} INFO - [2024-05-23T16:29:31.233+0000] {dag.py:3096} INFO - Sync 1 DAGs
[2024-05-23T16:29:31.252+0000] {logging_mixin.py:188} INFO - [2024-05-23T16:29:31.252+0000] {dag.py:3954} INFO - Setting next_dagrun for csv_copy_dag to 2024-05-23 00:00:00+00:00, run_after=2024-05-24 00:00:00+00:00
[2024-05-23T16:29:31.277+0000] {processor.py:183} INFO - Processing /opt/airflow/dags/csv_copy_dag.py took 0.167 seconds
