[2024-05-23T16:28:07.065+0000] {local_task_job_runner.py:120} INFO - ::group::Pre task execution logs
[2024-05-23T16:28:07.083+0000] {taskinstance.py:2076} INFO - Dependencies all met for dep_context=non-requeueable deps ti=<TaskInstance: csv_copy_dag.copy_csv manual__2024-05-23T16:28:06.033413+00:00 [queued]>
[2024-05-23T16:28:07.091+0000] {taskinstance.py:2076} INFO - Dependencies all met for dep_context=requeueable deps ti=<TaskInstance: csv_copy_dag.copy_csv manual__2024-05-23T16:28:06.033413+00:00 [queued]>
[2024-05-23T16:28:07.091+0000] {taskinstance.py:2306} INFO - Starting attempt 1 of 2
[2024-05-23T16:28:07.113+0000] {taskinstance.py:2330} INFO - Executing <Task(PythonOperator): copy_csv> on 2024-05-23 16:28:06.033413+00:00
[2024-05-23T16:28:07.121+0000] {warnings.py:110} WARNING - /home/***/.local/lib/python3.12/site-packages/***/task/task_runner/standard_task_runner.py:61: DeprecationWarning: This process (pid=106) is multi-threaded, use of fork() may lead to deadlocks in the child.
  pid = os.fork()

[2024-05-23T16:28:07.123+0000] {standard_task_runner.py:63} INFO - Started process 107 to run task
[2024-05-23T16:28:07.122+0000] {standard_task_runner.py:90} INFO - Running: ['***', 'tasks', 'run', 'csv_copy_dag', 'copy_csv', 'manual__2024-05-23T16:28:06.033413+00:00', '--job-id', '57', '--raw', '--subdir', 'DAGS_FOLDER/csv_copy_dag.py', '--cfg-path', '/tmp/tmpf08k8126']
[2024-05-23T16:28:07.124+0000] {standard_task_runner.py:91} INFO - Job 57: Subtask copy_csv
[2024-05-23T16:28:07.164+0000] {task_command.py:426} INFO - Running <TaskInstance: csv_copy_dag.copy_csv manual__2024-05-23T16:28:06.033413+00:00 [running]> on host b6ef65ab2599
[2024-05-23T16:28:07.242+0000] {taskinstance.py:2648} INFO - Exporting env vars: AIRFLOW_CTX_DAG_OWNER='***' AIRFLOW_CTX_DAG_ID='csv_copy_dag' AIRFLOW_CTX_TASK_ID='copy_csv' AIRFLOW_CTX_EXECUTION_DATE='2024-05-23T16:28:06.033413+00:00' AIRFLOW_CTX_TRY_NUMBER='1' AIRFLOW_CTX_DAG_RUN_ID='manual__2024-05-23T16:28:06.033413+00:00'
[2024-05-23T16:28:07.244+0000] {taskinstance.py:430} INFO - ::endgroup::
[2024-05-23T16:28:07.304+0000] {logging_mixin.py:188} INFO - Copied /opt/***/dags/source/sample.csv to /opt/***/dags/destination/sample.csv
[2024-05-23T16:28:07.304+0000] {python.py:237} INFO - Done. Returned value was: None
[2024-05-23T16:28:07.306+0000] {taskinstance.py:441} INFO - ::group::Post task execution logs
[2024-05-23T16:28:07.314+0000] {taskinstance.py:1206} INFO - Marking task as SUCCESS. dag_id=csv_copy_dag, task_id=copy_csv, run_id=manual__2024-05-23T16:28:06.033413+00:00, execution_date=20240523T162806, start_date=20240523T162807, end_date=20240523T162807
[2024-05-23T16:28:07.377+0000] {local_task_job_runner.py:240} INFO - Task exited with return code 0
[2024-05-23T16:28:07.391+0000] {taskinstance.py:3498} INFO - 0 downstream tasks scheduled from follow-on schedule check
[2024-05-23T16:28:07.393+0000] {local_task_job_runner.py:222} INFO - ::endgroup::
