[2024-06-16T17:24:42.943+0000] {processor.py:161} INFO - Started process (PID=43) to work on /opt/airflow/dags/copy_csv_to_minio.py
[2024-06-16T17:24:42.946+0000] {processor.py:830} INFO - Processing file /opt/airflow/dags/copy_csv_to_minio.py for tasks to queue
[2024-06-16T17:24:42.949+0000] {logging_mixin.py:188} INFO - [2024-06-16T17:24:42.948+0000] {dagbag.py:545} INFO - Filling up the DagBag from /opt/airflow/dags/copy_csv_to_minio.py
[2024-06-16T17:24:42.985+0000] {processor.py:840} INFO - DAG(s) 'copy_csv_to_minio' retrieved from /opt/airflow/dags/copy_csv_to_minio.py
[2024-06-16T17:24:43.399+0000] {logging_mixin.py:188} INFO - [2024-06-16T17:24:43.398+0000] {dag.py:3096} INFO - Sync 1 DAGs
[2024-06-16T17:24:43.429+0000] {logging_mixin.py:188} INFO - [2024-06-16T17:24:43.428+0000] {dag.py:3954} INFO - Setting next_dagrun for copy_csv_to_minio to None, run_after=None
[2024-06-16T17:24:43.477+0000] {processor.py:183} INFO - Processing /opt/airflow/dags/copy_csv_to_minio.py took 0.542 seconds
[2024-06-16T17:25:14.076+0000] {processor.py:161} INFO - Started process (PID=55) to work on /opt/airflow/dags/copy_csv_to_minio.py
[2024-06-16T17:25:14.077+0000] {processor.py:830} INFO - Processing file /opt/airflow/dags/copy_csv_to_minio.py for tasks to queue
[2024-06-16T17:25:14.079+0000] {logging_mixin.py:188} INFO - [2024-06-16T17:25:14.079+0000] {dagbag.py:545} INFO - Filling up the DagBag from /opt/airflow/dags/copy_csv_to_minio.py
[2024-06-16T17:25:14.102+0000] {processor.py:840} INFO - DAG(s) 'copy_csv_to_minio' retrieved from /opt/airflow/dags/copy_csv_to_minio.py
[2024-06-16T17:25:14.128+0000] {logging_mixin.py:188} INFO - [2024-06-16T17:25:14.128+0000] {dag.py:3096} INFO - Sync 1 DAGs
[2024-06-16T17:25:14.141+0000] {logging_mixin.py:188} INFO - [2024-06-16T17:25:14.141+0000] {dag.py:3954} INFO - Setting next_dagrun for copy_csv_to_minio to None, run_after=None
[2024-06-16T17:25:14.157+0000] {processor.py:183} INFO - Processing /opt/airflow/dags/copy_csv_to_minio.py took 0.086 seconds
[2024-06-16T17:25:44.648+0000] {processor.py:161} INFO - Started process (PID=67) to work on /opt/airflow/dags/copy_csv_to_minio.py
[2024-06-16T17:25:44.649+0000] {processor.py:830} INFO - Processing file /opt/airflow/dags/copy_csv_to_minio.py for tasks to queue
[2024-06-16T17:25:44.650+0000] {logging_mixin.py:188} INFO - [2024-06-16T17:25:44.650+0000] {dagbag.py:545} INFO - Filling up the DagBag from /opt/airflow/dags/copy_csv_to_minio.py
[2024-06-16T17:25:44.661+0000] {processor.py:840} INFO - DAG(s) 'copy_csv_to_minio' retrieved from /opt/airflow/dags/copy_csv_to_minio.py
[2024-06-16T17:25:44.682+0000] {logging_mixin.py:188} INFO - [2024-06-16T17:25:44.682+0000] {dag.py:3096} INFO - Sync 1 DAGs
[2024-06-16T17:25:44.707+0000] {logging_mixin.py:188} INFO - [2024-06-16T17:25:44.707+0000] {dag.py:3954} INFO - Setting next_dagrun for copy_csv_to_minio to None, run_after=None
[2024-06-16T17:25:44.722+0000] {processor.py:183} INFO - Processing /opt/airflow/dags/copy_csv_to_minio.py took 0.079 seconds
[2024-06-16T17:26:15.241+0000] {processor.py:161} INFO - Started process (PID=79) to work on /opt/airflow/dags/copy_csv_to_minio.py
[2024-06-16T17:26:15.242+0000] {processor.py:830} INFO - Processing file /opt/airflow/dags/copy_csv_to_minio.py for tasks to queue
[2024-06-16T17:26:15.244+0000] {logging_mixin.py:188} INFO - [2024-06-16T17:26:15.244+0000] {dagbag.py:545} INFO - Filling up the DagBag from /opt/airflow/dags/copy_csv_to_minio.py
[2024-06-16T17:26:15.264+0000] {processor.py:840} INFO - DAG(s) 'copy_csv_to_minio' retrieved from /opt/airflow/dags/copy_csv_to_minio.py
[2024-06-16T17:26:15.286+0000] {logging_mixin.py:188} INFO - [2024-06-16T17:26:15.285+0000] {dag.py:3096} INFO - Sync 1 DAGs
[2024-06-16T17:26:15.305+0000] {logging_mixin.py:188} INFO - [2024-06-16T17:26:15.305+0000] {dag.py:3954} INFO - Setting next_dagrun for copy_csv_to_minio to None, run_after=None
[2024-06-16T17:26:15.330+0000] {processor.py:183} INFO - Processing /opt/airflow/dags/copy_csv_to_minio.py took 0.095 seconds
[2024-06-16T17:26:45.908+0000] {processor.py:161} INFO - Started process (PID=91) to work on /opt/airflow/dags/copy_csv_to_minio.py
[2024-06-16T17:26:45.909+0000] {processor.py:830} INFO - Processing file /opt/airflow/dags/copy_csv_to_minio.py for tasks to queue
[2024-06-16T17:26:45.911+0000] {logging_mixin.py:188} INFO - [2024-06-16T17:26:45.911+0000] {dagbag.py:545} INFO - Filling up the DagBag from /opt/airflow/dags/copy_csv_to_minio.py
[2024-06-16T17:26:45.927+0000] {processor.py:840} INFO - DAG(s) 'copy_csv_to_minio' retrieved from /opt/airflow/dags/copy_csv_to_minio.py
[2024-06-16T17:26:45.944+0000] {logging_mixin.py:188} INFO - [2024-06-16T17:26:45.944+0000] {dag.py:3096} INFO - Sync 1 DAGs
[2024-06-16T17:26:45.954+0000] {logging_mixin.py:188} INFO - [2024-06-16T17:26:45.954+0000] {dag.py:3954} INFO - Setting next_dagrun for copy_csv_to_minio to None, run_after=None
[2024-06-16T17:26:45.969+0000] {processor.py:183} INFO - Processing /opt/airflow/dags/copy_csv_to_minio.py took 0.066 seconds
[2024-06-16T17:27:16.344+0000] {processor.py:161} INFO - Started process (PID=103) to work on /opt/airflow/dags/copy_csv_to_minio.py
[2024-06-16T17:27:16.345+0000] {processor.py:830} INFO - Processing file /opt/airflow/dags/copy_csv_to_minio.py for tasks to queue
[2024-06-16T17:27:16.347+0000] {logging_mixin.py:188} INFO - [2024-06-16T17:27:16.346+0000] {dagbag.py:545} INFO - Filling up the DagBag from /opt/airflow/dags/copy_csv_to_minio.py
[2024-06-16T17:27:16.357+0000] {processor.py:840} INFO - DAG(s) 'copy_csv_to_minio' retrieved from /opt/airflow/dags/copy_csv_to_minio.py
[2024-06-16T17:27:16.374+0000] {logging_mixin.py:188} INFO - [2024-06-16T17:27:16.374+0000] {dag.py:3096} INFO - Sync 1 DAGs
[2024-06-16T17:27:16.385+0000] {logging_mixin.py:188} INFO - [2024-06-16T17:27:16.385+0000] {dag.py:3954} INFO - Setting next_dagrun for copy_csv_to_minio to None, run_after=None
[2024-06-16T17:27:16.399+0000] {processor.py:183} INFO - Processing /opt/airflow/dags/copy_csv_to_minio.py took 0.059 seconds
[2024-06-16T17:27:46.815+0000] {processor.py:161} INFO - Started process (PID=115) to work on /opt/airflow/dags/copy_csv_to_minio.py
[2024-06-16T17:27:46.816+0000] {processor.py:830} INFO - Processing file /opt/airflow/dags/copy_csv_to_minio.py for tasks to queue
[2024-06-16T17:27:46.819+0000] {logging_mixin.py:188} INFO - [2024-06-16T17:27:46.818+0000] {dagbag.py:545} INFO - Filling up the DagBag from /opt/airflow/dags/copy_csv_to_minio.py
[2024-06-16T17:27:46.831+0000] {processor.py:840} INFO - DAG(s) 'copy_csv_to_minio' retrieved from /opt/airflow/dags/copy_csv_to_minio.py
[2024-06-16T17:27:46.848+0000] {logging_mixin.py:188} INFO - [2024-06-16T17:27:46.848+0000] {dag.py:3096} INFO - Sync 1 DAGs
[2024-06-16T17:27:46.858+0000] {logging_mixin.py:188} INFO - [2024-06-16T17:27:46.858+0000] {dag.py:3954} INFO - Setting next_dagrun for copy_csv_to_minio to None, run_after=None
[2024-06-16T17:27:46.879+0000] {processor.py:183} INFO - Processing /opt/airflow/dags/copy_csv_to_minio.py took 0.068 seconds
