[2024-05-23T16:07:55.187+0000] {local_task_job_runner.py:120} INFO - ::group::Pre task execution logs
[2024-05-23T16:07:55.203+0000] {taskinstance.py:2076} INFO - Dependencies all met for dep_context=non-requeueable deps ti=<TaskInstance: csv_copy_dag.copy_csv manual__2024-05-23T16:02:52.954671+00:00 [queued]>
[2024-05-23T16:07:55.208+0000] {taskinstance.py:2076} INFO - Dependencies all met for dep_context=requeueable deps ti=<TaskInstance: csv_copy_dag.copy_csv manual__2024-05-23T16:02:52.954671+00:00 [queued]>
[2024-05-23T16:07:55.209+0000] {taskinstance.py:2306} INFO - Starting attempt 2 of 2
[2024-05-23T16:07:55.223+0000] {taskinstance.py:2330} INFO - Executing <Task(PythonOperator): copy_csv> on 2024-05-23 16:02:52.954671+00:00
[2024-05-23T16:07:55.228+0000] {warnings.py:110} WARNING - /home/***/.local/lib/python3.12/site-packages/***/task/task_runner/standard_task_runner.py:61: DeprecationWarning: This process (pid=92) is multi-threaded, use of fork() may lead to deadlocks in the child.
  pid = os.fork()

[2024-05-23T16:07:55.229+0000] {standard_task_runner.py:63} INFO - Started process 93 to run task
[2024-05-23T16:07:55.229+0000] {standard_task_runner.py:90} INFO - Running: ['***', 'tasks', 'run', 'csv_copy_dag', 'copy_csv', 'manual__2024-05-23T16:02:52.954671+00:00', '--job-id', '40', '--raw', '--subdir', 'DAGS_FOLDER/csv_copy_dag.py', '--cfg-path', '/tmp/tmpsugjvt2f']
[2024-05-23T16:07:55.230+0000] {standard_task_runner.py:91} INFO - Job 40: Subtask copy_csv
[2024-05-23T16:07:55.262+0000] {task_command.py:426} INFO - Running <TaskInstance: csv_copy_dag.copy_csv manual__2024-05-23T16:02:52.954671+00:00 [running]> on host e6328d9852f4
[2024-05-23T16:07:55.325+0000] {taskinstance.py:2648} INFO - Exporting env vars: AIRFLOW_CTX_DAG_OWNER='***' AIRFLOW_CTX_DAG_ID='csv_copy_dag' AIRFLOW_CTX_TASK_ID='copy_csv' AIRFLOW_CTX_EXECUTION_DATE='2024-05-23T16:02:52.954671+00:00' AIRFLOW_CTX_TRY_NUMBER='2' AIRFLOW_CTX_DAG_RUN_ID='manual__2024-05-23T16:02:52.954671+00:00'
[2024-05-23T16:07:55.326+0000] {taskinstance.py:430} INFO - ::endgroup::
[2024-05-23T16:07:55.343+0000] {logging_mixin.py:188} INFO - Copied /opt/***/dags/source/sample.csv to /opt/***/dags/destination/sample.csv
[2024-05-23T16:07:55.344+0000] {python.py:237} INFO - Done. Returned value was: None
[2024-05-23T16:07:55.345+0000] {taskinstance.py:441} INFO - ::group::Post task execution logs
[2024-05-23T16:07:55.353+0000] {taskinstance.py:1206} INFO - Marking task as SUCCESS. dag_id=csv_copy_dag, task_id=copy_csv, run_id=manual__2024-05-23T16:02:52.954671+00:00, execution_date=20240523T160252, start_date=20240523T160755, end_date=20240523T160755
[2024-05-23T16:07:55.403+0000] {local_task_job_runner.py:240} INFO - Task exited with return code 0
[2024-05-23T16:07:55.425+0000] {taskinstance.py:3498} INFO - 0 downstream tasks scheduled from follow-on schedule check
[2024-05-23T16:07:55.431+0000] {local_task_job_runner.py:222} INFO - ::endgroup::
