[2024-05-25T12:47:14.035+0000] {local_task_job_runner.py:120} INFO - ::group::Pre task execution logs
[2024-05-25T12:47:14.056+0000] {taskinstance.py:2076} INFO - Dependencies all met for dep_context=non-requeueable deps ti=<TaskInstance: csv_copy_dag.copy_csv scheduled__2024-05-24T00:00:00+00:00 [queued]>
[2024-05-25T12:47:14.064+0000] {taskinstance.py:2076} INFO - Dependencies all met for dep_context=requeueable deps ti=<TaskInstance: csv_copy_dag.copy_csv scheduled__2024-05-24T00:00:00+00:00 [queued]>
[2024-05-25T12:47:14.064+0000] {taskinstance.py:2306} INFO - Starting attempt 1 of 2
[2024-05-25T12:47:14.080+0000] {taskinstance.py:2330} INFO - Executing <Task(PythonOperator): copy_csv> on 2024-05-24 00:00:00+00:00
[2024-05-25T12:47:14.085+0000] {warnings.py:110} WARNING - /home/***/.local/lib/python3.12/site-packages/***/task/task_runner/standard_task_runner.py:61: DeprecationWarning: This process (pid=61) is multi-threaded, use of fork() may lead to deadlocks in the child.
  pid = os.fork()

[2024-05-25T12:47:14.089+0000] {standard_task_runner.py:63} INFO - Started process 63 to run task
[2024-05-25T12:47:14.091+0000] {standard_task_runner.py:90} INFO - Running: ['***', 'tasks', 'run', 'csv_copy_dag', 'copy_csv', 'scheduled__2024-05-24T00:00:00+00:00', '--job-id', '61', '--raw', '--subdir', 'DAGS_FOLDER/csv_copy_dag.py', '--cfg-path', '/tmp/tmpwyk53krg']
[2024-05-25T12:47:14.092+0000] {standard_task_runner.py:91} INFO - Job 61: Subtask copy_csv
[2024-05-25T12:47:14.157+0000] {task_command.py:426} INFO - Running <TaskInstance: csv_copy_dag.copy_csv scheduled__2024-05-24T00:00:00+00:00 [running]> on host af52d290abe2
[2024-05-25T12:47:14.243+0000] {taskinstance.py:2648} INFO - Exporting env vars: AIRFLOW_CTX_DAG_OWNER='***' AIRFLOW_CTX_DAG_ID='csv_copy_dag' AIRFLOW_CTX_TASK_ID='copy_csv' AIRFLOW_CTX_EXECUTION_DATE='2024-05-24T00:00:00+00:00' AIRFLOW_CTX_TRY_NUMBER='1' AIRFLOW_CTX_DAG_RUN_ID='scheduled__2024-05-24T00:00:00+00:00'
[2024-05-25T12:47:14.244+0000] {taskinstance.py:430} INFO - ::endgroup::
[2024-05-25T12:47:14.281+0000] {logging_mixin.py:188} INFO - Copied /opt/***/dags/source/sample.csv to /opt/***/dags/destination/sample.csv
[2024-05-25T12:47:14.281+0000] {python.py:237} INFO - Done. Returned value was: None
[2024-05-25T12:47:14.283+0000] {taskinstance.py:441} INFO - ::group::Post task execution logs
[2024-05-25T12:47:14.291+0000] {taskinstance.py:1206} INFO - Marking task as SUCCESS. dag_id=csv_copy_dag, task_id=copy_csv, run_id=scheduled__2024-05-24T00:00:00+00:00, execution_date=20240524T000000, start_date=20240525T124714, end_date=20240525T124714
[2024-05-25T12:47:14.344+0000] {local_task_job_runner.py:240} INFO - Task exited with return code 0
[2024-05-25T12:47:14.356+0000] {taskinstance.py:3498} INFO - 0 downstream tasks scheduled from follow-on schedule check
[2024-05-25T12:47:14.359+0000] {local_task_job_runner.py:222} INFO - ::endgroup::
