[2024-06-09T14:38:19.527+0000] {processor.py:161} INFO - Started process (PID=45) to work on /opt/airflow/dags/source/110.-jumlah-tindak-pidana-menurut-kepolisian-sektor-di-kota-yogyakarta-tahun-2022.xlsx
[2024-06-09T14:38:19.528+0000] {processor.py:830} INFO - Processing file /opt/airflow/dags/source/110.-jumlah-tindak-pidana-menurut-kepolisian-sektor-di-kota-yogyakarta-tahun-2022.xlsx for tasks to queue
[2024-06-09T14:38:19.530+0000] {logging_mixin.py:188} INFO - [2024-06-09T14:38:19.530+0000] {dagbag.py:545} INFO - Filling up the DagBag from /opt/airflow/dags/source/110.-jumlah-tindak-pidana-menurut-kepolisian-sektor-di-kota-yogyakarta-tahun-2022.xlsx
[2024-06-09T14:38:19.542+0000] {processor.py:842} WARNING - No viable dags retrieved from /opt/airflow/dags/source/110.-jumlah-tindak-pidana-menurut-kepolisian-sektor-di-kota-yogyakarta-tahun-2022.xlsx
[2024-06-09T14:38:19.560+0000] {processor.py:183} INFO - Processing /opt/airflow/dags/source/110.-jumlah-tindak-pidana-menurut-kepolisian-sektor-di-kota-yogyakarta-tahun-2022.xlsx took 0.040 seconds
[2024-06-09T14:38:50.248+0000] {processor.py:161} INFO - Started process (PID=58) to work on /opt/airflow/dags/source/110.-jumlah-tindak-pidana-menurut-kepolisian-sektor-di-kota-yogyakarta-tahun-2022.xlsx
[2024-06-09T14:38:50.249+0000] {processor.py:830} INFO - Processing file /opt/airflow/dags/source/110.-jumlah-tindak-pidana-menurut-kepolisian-sektor-di-kota-yogyakarta-tahun-2022.xlsx for tasks to queue
[2024-06-09T14:38:50.251+0000] {logging_mixin.py:188} INFO - [2024-06-09T14:38:50.250+0000] {dagbag.py:545} INFO - Filling up the DagBag from /opt/airflow/dags/source/110.-jumlah-tindak-pidana-menurut-kepolisian-sektor-di-kota-yogyakarta-tahun-2022.xlsx
[2024-06-09T14:38:50.256+0000] {processor.py:842} WARNING - No viable dags retrieved from /opt/airflow/dags/source/110.-jumlah-tindak-pidana-menurut-kepolisian-sektor-di-kota-yogyakarta-tahun-2022.xlsx
[2024-06-09T14:38:50.266+0000] {processor.py:183} INFO - Processing /opt/airflow/dags/source/110.-jumlah-tindak-pidana-menurut-kepolisian-sektor-di-kota-yogyakarta-tahun-2022.xlsx took 0.022 seconds
[2024-06-09T14:39:20.804+0000] {processor.py:161} INFO - Started process (PID=71) to work on /opt/airflow/dags/source/110.-jumlah-tindak-pidana-menurut-kepolisian-sektor-di-kota-yogyakarta-tahun-2022.xlsx
[2024-06-09T14:39:20.805+0000] {processor.py:830} INFO - Processing file /opt/airflow/dags/source/110.-jumlah-tindak-pidana-menurut-kepolisian-sektor-di-kota-yogyakarta-tahun-2022.xlsx for tasks to queue
[2024-06-09T14:39:20.806+0000] {logging_mixin.py:188} INFO - [2024-06-09T14:39:20.806+0000] {dagbag.py:545} INFO - Filling up the DagBag from /opt/airflow/dags/source/110.-jumlah-tindak-pidana-menurut-kepolisian-sektor-di-kota-yogyakarta-tahun-2022.xlsx
[2024-06-09T14:39:20.812+0000] {processor.py:842} WARNING - No viable dags retrieved from /opt/airflow/dags/source/110.-jumlah-tindak-pidana-menurut-kepolisian-sektor-di-kota-yogyakarta-tahun-2022.xlsx
[2024-06-09T14:39:20.821+0000] {processor.py:183} INFO - Processing /opt/airflow/dags/source/110.-jumlah-tindak-pidana-menurut-kepolisian-sektor-di-kota-yogyakarta-tahun-2022.xlsx took 0.021 seconds
[2024-06-09T14:40:32.659+0000] {processor.py:161} INFO - Started process (PID=45) to work on /opt/airflow/dags/source/110.-jumlah-tindak-pidana-menurut-kepolisian-sektor-di-kota-yogyakarta-tahun-2022.xlsx
[2024-06-09T14:40:32.663+0000] {processor.py:830} INFO - Processing file /opt/airflow/dags/source/110.-jumlah-tindak-pidana-menurut-kepolisian-sektor-di-kota-yogyakarta-tahun-2022.xlsx for tasks to queue
[2024-06-09T14:40:32.677+0000] {logging_mixin.py:188} INFO - [2024-06-09T14:40:32.676+0000] {dagbag.py:545} INFO - Filling up the DagBag from /opt/airflow/dags/source/110.-jumlah-tindak-pidana-menurut-kepolisian-sektor-di-kota-yogyakarta-tahun-2022.xlsx
[2024-06-09T14:40:32.704+0000] {processor.py:842} WARNING - No viable dags retrieved from /opt/airflow/dags/source/110.-jumlah-tindak-pidana-menurut-kepolisian-sektor-di-kota-yogyakarta-tahun-2022.xlsx
[2024-06-09T14:40:32.739+0000] {processor.py:183} INFO - Processing /opt/airflow/dags/source/110.-jumlah-tindak-pidana-menurut-kepolisian-sektor-di-kota-yogyakarta-tahun-2022.xlsx took 0.089 seconds
[2024-06-09T14:41:03.460+0000] {processor.py:161} INFO - Started process (PID=58) to work on /opt/airflow/dags/source/110.-jumlah-tindak-pidana-menurut-kepolisian-sektor-di-kota-yogyakarta-tahun-2022.xlsx
[2024-06-09T14:41:03.461+0000] {processor.py:830} INFO - Processing file /opt/airflow/dags/source/110.-jumlah-tindak-pidana-menurut-kepolisian-sektor-di-kota-yogyakarta-tahun-2022.xlsx for tasks to queue
[2024-06-09T14:41:03.464+0000] {logging_mixin.py:188} INFO - [2024-06-09T14:41:03.463+0000] {dagbag.py:545} INFO - Filling up the DagBag from /opt/airflow/dags/source/110.-jumlah-tindak-pidana-menurut-kepolisian-sektor-di-kota-yogyakarta-tahun-2022.xlsx
[2024-06-09T14:41:03.471+0000] {processor.py:842} WARNING - No viable dags retrieved from /opt/airflow/dags/source/110.-jumlah-tindak-pidana-menurut-kepolisian-sektor-di-kota-yogyakarta-tahun-2022.xlsx
[2024-06-09T14:41:03.483+0000] {processor.py:183} INFO - Processing /opt/airflow/dags/source/110.-jumlah-tindak-pidana-menurut-kepolisian-sektor-di-kota-yogyakarta-tahun-2022.xlsx took 0.026 seconds
[2024-06-09T14:41:33.979+0000] {processor.py:161} INFO - Started process (PID=71) to work on /opt/airflow/dags/source/110.-jumlah-tindak-pidana-menurut-kepolisian-sektor-di-kota-yogyakarta-tahun-2022.xlsx
[2024-06-09T14:41:33.980+0000] {processor.py:830} INFO - Processing file /opt/airflow/dags/source/110.-jumlah-tindak-pidana-menurut-kepolisian-sektor-di-kota-yogyakarta-tahun-2022.xlsx for tasks to queue
[2024-06-09T14:41:33.981+0000] {logging_mixin.py:188} INFO - [2024-06-09T14:41:33.981+0000] {dagbag.py:545} INFO - Filling up the DagBag from /opt/airflow/dags/source/110.-jumlah-tindak-pidana-menurut-kepolisian-sektor-di-kota-yogyakarta-tahun-2022.xlsx
[2024-06-09T14:41:33.986+0000] {processor.py:842} WARNING - No viable dags retrieved from /opt/airflow/dags/source/110.-jumlah-tindak-pidana-menurut-kepolisian-sektor-di-kota-yogyakarta-tahun-2022.xlsx
[2024-06-09T14:41:33.995+0000] {processor.py:183} INFO - Processing /opt/airflow/dags/source/110.-jumlah-tindak-pidana-menurut-kepolisian-sektor-di-kota-yogyakarta-tahun-2022.xlsx took 0.020 seconds
[2024-06-09T14:42:04.503+0000] {processor.py:161} INFO - Started process (PID=84) to work on /opt/airflow/dags/source/110.-jumlah-tindak-pidana-menurut-kepolisian-sektor-di-kota-yogyakarta-tahun-2022.xlsx
[2024-06-09T14:42:04.504+0000] {processor.py:830} INFO - Processing file /opt/airflow/dags/source/110.-jumlah-tindak-pidana-menurut-kepolisian-sektor-di-kota-yogyakarta-tahun-2022.xlsx for tasks to queue
[2024-06-09T14:42:04.506+0000] {logging_mixin.py:188} INFO - [2024-06-09T14:42:04.505+0000] {dagbag.py:545} INFO - Filling up the DagBag from /opt/airflow/dags/source/110.-jumlah-tindak-pidana-menurut-kepolisian-sektor-di-kota-yogyakarta-tahun-2022.xlsx
[2024-06-09T14:42:04.513+0000] {processor.py:842} WARNING - No viable dags retrieved from /opt/airflow/dags/source/110.-jumlah-tindak-pidana-menurut-kepolisian-sektor-di-kota-yogyakarta-tahun-2022.xlsx
[2024-06-09T14:42:04.523+0000] {processor.py:183} INFO - Processing /opt/airflow/dags/source/110.-jumlah-tindak-pidana-menurut-kepolisian-sektor-di-kota-yogyakarta-tahun-2022.xlsx took 0.025 seconds
[2024-06-09T14:42:35.034+0000] {processor.py:161} INFO - Started process (PID=97) to work on /opt/airflow/dags/source/110.-jumlah-tindak-pidana-menurut-kepolisian-sektor-di-kota-yogyakarta-tahun-2022.xlsx
[2024-06-09T14:42:35.035+0000] {processor.py:830} INFO - Processing file /opt/airflow/dags/source/110.-jumlah-tindak-pidana-menurut-kepolisian-sektor-di-kota-yogyakarta-tahun-2022.xlsx for tasks to queue
[2024-06-09T14:42:35.037+0000] {logging_mixin.py:188} INFO - [2024-06-09T14:42:35.037+0000] {dagbag.py:545} INFO - Filling up the DagBag from /opt/airflow/dags/source/110.-jumlah-tindak-pidana-menurut-kepolisian-sektor-di-kota-yogyakarta-tahun-2022.xlsx
[2024-06-09T14:42:35.042+0000] {processor.py:842} WARNING - No viable dags retrieved from /opt/airflow/dags/source/110.-jumlah-tindak-pidana-menurut-kepolisian-sektor-di-kota-yogyakarta-tahun-2022.xlsx
[2024-06-09T14:42:35.052+0000] {processor.py:183} INFO - Processing /opt/airflow/dags/source/110.-jumlah-tindak-pidana-menurut-kepolisian-sektor-di-kota-yogyakarta-tahun-2022.xlsx took 0.022 seconds
[2024-06-09T14:43:05.600+0000] {processor.py:161} INFO - Started process (PID=110) to work on /opt/airflow/dags/source/110.-jumlah-tindak-pidana-menurut-kepolisian-sektor-di-kota-yogyakarta-tahun-2022.xlsx
[2024-06-09T14:43:05.601+0000] {processor.py:830} INFO - Processing file /opt/airflow/dags/source/110.-jumlah-tindak-pidana-menurut-kepolisian-sektor-di-kota-yogyakarta-tahun-2022.xlsx for tasks to queue
[2024-06-09T14:43:05.603+0000] {logging_mixin.py:188} INFO - [2024-06-09T14:43:05.603+0000] {dagbag.py:545} INFO - Filling up the DagBag from /opt/airflow/dags/source/110.-jumlah-tindak-pidana-menurut-kepolisian-sektor-di-kota-yogyakarta-tahun-2022.xlsx
[2024-06-09T14:43:05.610+0000] {processor.py:842} WARNING - No viable dags retrieved from /opt/airflow/dags/source/110.-jumlah-tindak-pidana-menurut-kepolisian-sektor-di-kota-yogyakarta-tahun-2022.xlsx
[2024-06-09T14:43:05.621+0000] {processor.py:183} INFO - Processing /opt/airflow/dags/source/110.-jumlah-tindak-pidana-menurut-kepolisian-sektor-di-kota-yogyakarta-tahun-2022.xlsx took 0.025 seconds
[2024-06-09T14:43:36.170+0000] {processor.py:161} INFO - Started process (PID=123) to work on /opt/airflow/dags/source/110.-jumlah-tindak-pidana-menurut-kepolisian-sektor-di-kota-yogyakarta-tahun-2022.xlsx
[2024-06-09T14:43:36.172+0000] {processor.py:830} INFO - Processing file /opt/airflow/dags/source/110.-jumlah-tindak-pidana-menurut-kepolisian-sektor-di-kota-yogyakarta-tahun-2022.xlsx for tasks to queue
[2024-06-09T14:43:36.173+0000] {logging_mixin.py:188} INFO - [2024-06-09T14:43:36.173+0000] {dagbag.py:545} INFO - Filling up the DagBag from /opt/airflow/dags/source/110.-jumlah-tindak-pidana-menurut-kepolisian-sektor-di-kota-yogyakarta-tahun-2022.xlsx
[2024-06-09T14:43:36.180+0000] {processor.py:842} WARNING - No viable dags retrieved from /opt/airflow/dags/source/110.-jumlah-tindak-pidana-menurut-kepolisian-sektor-di-kota-yogyakarta-tahun-2022.xlsx
[2024-06-09T14:43:36.191+0000] {processor.py:183} INFO - Processing /opt/airflow/dags/source/110.-jumlah-tindak-pidana-menurut-kepolisian-sektor-di-kota-yogyakarta-tahun-2022.xlsx took 0.026 seconds
[2024-06-09T14:44:06.681+0000] {processor.py:161} INFO - Started process (PID=136) to work on /opt/airflow/dags/source/110.-jumlah-tindak-pidana-menurut-kepolisian-sektor-di-kota-yogyakarta-tahun-2022.xlsx
[2024-06-09T14:44:06.681+0000] {processor.py:830} INFO - Processing file /opt/airflow/dags/source/110.-jumlah-tindak-pidana-menurut-kepolisian-sektor-di-kota-yogyakarta-tahun-2022.xlsx for tasks to queue
[2024-06-09T14:44:06.683+0000] {logging_mixin.py:188} INFO - [2024-06-09T14:44:06.683+0000] {dagbag.py:545} INFO - Filling up the DagBag from /opt/airflow/dags/source/110.-jumlah-tindak-pidana-menurut-kepolisian-sektor-di-kota-yogyakarta-tahun-2022.xlsx
[2024-06-09T14:44:06.689+0000] {processor.py:842} WARNING - No viable dags retrieved from /opt/airflow/dags/source/110.-jumlah-tindak-pidana-menurut-kepolisian-sektor-di-kota-yogyakarta-tahun-2022.xlsx
[2024-06-09T14:44:06.700+0000] {processor.py:183} INFO - Processing /opt/airflow/dags/source/110.-jumlah-tindak-pidana-menurut-kepolisian-sektor-di-kota-yogyakarta-tahun-2022.xlsx took 0.023 seconds
[2024-06-09T14:44:37.221+0000] {processor.py:161} INFO - Started process (PID=149) to work on /opt/airflow/dags/source/110.-jumlah-tindak-pidana-menurut-kepolisian-sektor-di-kota-yogyakarta-tahun-2022.xlsx
[2024-06-09T14:44:37.222+0000] {processor.py:830} INFO - Processing file /opt/airflow/dags/source/110.-jumlah-tindak-pidana-menurut-kepolisian-sektor-di-kota-yogyakarta-tahun-2022.xlsx for tasks to queue
[2024-06-09T14:44:37.224+0000] {logging_mixin.py:188} INFO - [2024-06-09T14:44:37.223+0000] {dagbag.py:545} INFO - Filling up the DagBag from /opt/airflow/dags/source/110.-jumlah-tindak-pidana-menurut-kepolisian-sektor-di-kota-yogyakarta-tahun-2022.xlsx
[2024-06-09T14:44:37.229+0000] {processor.py:842} WARNING - No viable dags retrieved from /opt/airflow/dags/source/110.-jumlah-tindak-pidana-menurut-kepolisian-sektor-di-kota-yogyakarta-tahun-2022.xlsx
[2024-06-09T14:44:37.238+0000] {processor.py:183} INFO - Processing /opt/airflow/dags/source/110.-jumlah-tindak-pidana-menurut-kepolisian-sektor-di-kota-yogyakarta-tahun-2022.xlsx took 0.021 seconds
[2024-06-09T14:45:07.829+0000] {processor.py:161} INFO - Started process (PID=162) to work on /opt/airflow/dags/source/110.-jumlah-tindak-pidana-menurut-kepolisian-sektor-di-kota-yogyakarta-tahun-2022.xlsx
[2024-06-09T14:45:07.830+0000] {processor.py:830} INFO - Processing file /opt/airflow/dags/source/110.-jumlah-tindak-pidana-menurut-kepolisian-sektor-di-kota-yogyakarta-tahun-2022.xlsx for tasks to queue
[2024-06-09T14:45:07.832+0000] {logging_mixin.py:188} INFO - [2024-06-09T14:45:07.832+0000] {dagbag.py:545} INFO - Filling up the DagBag from /opt/airflow/dags/source/110.-jumlah-tindak-pidana-menurut-kepolisian-sektor-di-kota-yogyakarta-tahun-2022.xlsx
[2024-06-09T14:45:07.840+0000] {processor.py:842} WARNING - No viable dags retrieved from /opt/airflow/dags/source/110.-jumlah-tindak-pidana-menurut-kepolisian-sektor-di-kota-yogyakarta-tahun-2022.xlsx
[2024-06-09T14:45:07.850+0000] {processor.py:183} INFO - Processing /opt/airflow/dags/source/110.-jumlah-tindak-pidana-menurut-kepolisian-sektor-di-kota-yogyakarta-tahun-2022.xlsx took 0.027 seconds
[2024-06-09T14:45:38.467+0000] {processor.py:161} INFO - Started process (PID=175) to work on /opt/airflow/dags/source/110.-jumlah-tindak-pidana-menurut-kepolisian-sektor-di-kota-yogyakarta-tahun-2022.xlsx
[2024-06-09T14:45:38.468+0000] {processor.py:830} INFO - Processing file /opt/airflow/dags/source/110.-jumlah-tindak-pidana-menurut-kepolisian-sektor-di-kota-yogyakarta-tahun-2022.xlsx for tasks to queue
[2024-06-09T14:45:38.469+0000] {logging_mixin.py:188} INFO - [2024-06-09T14:45:38.469+0000] {dagbag.py:545} INFO - Filling up the DagBag from /opt/airflow/dags/source/110.-jumlah-tindak-pidana-menurut-kepolisian-sektor-di-kota-yogyakarta-tahun-2022.xlsx
[2024-06-09T14:45:38.475+0000] {processor.py:842} WARNING - No viable dags retrieved from /opt/airflow/dags/source/110.-jumlah-tindak-pidana-menurut-kepolisian-sektor-di-kota-yogyakarta-tahun-2022.xlsx
[2024-06-09T14:45:38.484+0000] {processor.py:183} INFO - Processing /opt/airflow/dags/source/110.-jumlah-tindak-pidana-menurut-kepolisian-sektor-di-kota-yogyakarta-tahun-2022.xlsx took 0.021 seconds
