[2024-06-16T17:24:42.560+0000] {processor.py:161} INFO - Started process (PID=42) to work on /opt/airflow/dags/source/33.-jumlah-penduduk-menurut-jenis-kelamin-dan-kemantren-di-kota-yogyakarta-tahun-2022.xlsx
[2024-06-16T17:24:42.561+0000] {processor.py:830} INFO - Processing file /opt/airflow/dags/source/33.-jumlah-penduduk-menurut-jenis-kelamin-dan-kemantren-di-kota-yogyakarta-tahun-2022.xlsx for tasks to queue
[2024-06-16T17:24:42.563+0000] {logging_mixin.py:188} INFO - [2024-06-16T17:24:42.563+0000] {dagbag.py:545} INFO - Filling up the DagBag from /opt/airflow/dags/source/33.-jumlah-penduduk-menurut-jenis-kelamin-dan-kemantren-di-kota-yogyakarta-tahun-2022.xlsx
[2024-06-16T17:24:42.581+0000] {processor.py:842} WARNING - No viable dags retrieved from /opt/airflow/dags/source/33.-jumlah-penduduk-menurut-jenis-kelamin-dan-kemantren-di-kota-yogyakarta-tahun-2022.xlsx
[2024-06-16T17:24:42.611+0000] {processor.py:183} INFO - Processing /opt/airflow/dags/source/33.-jumlah-penduduk-menurut-jenis-kelamin-dan-kemantren-di-kota-yogyakarta-tahun-2022.xlsx took 0.059 seconds
[2024-06-16T17:25:13.040+0000] {processor.py:161} INFO - Started process (PID=54) to work on /opt/airflow/dags/source/33.-jumlah-penduduk-menurut-jenis-kelamin-dan-kemantren-di-kota-yogyakarta-tahun-2022.xlsx
[2024-06-16T17:25:13.041+0000] {processor.py:830} INFO - Processing file /opt/airflow/dags/source/33.-jumlah-penduduk-menurut-jenis-kelamin-dan-kemantren-di-kota-yogyakarta-tahun-2022.xlsx for tasks to queue
[2024-06-16T17:25:13.043+0000] {logging_mixin.py:188} INFO - [2024-06-16T17:25:13.042+0000] {dagbag.py:545} INFO - Filling up the DagBag from /opt/airflow/dags/source/33.-jumlah-penduduk-menurut-jenis-kelamin-dan-kemantren-di-kota-yogyakarta-tahun-2022.xlsx
[2024-06-16T17:25:13.048+0000] {processor.py:842} WARNING - No viable dags retrieved from /opt/airflow/dags/source/33.-jumlah-penduduk-menurut-jenis-kelamin-dan-kemantren-di-kota-yogyakarta-tahun-2022.xlsx
[2024-06-16T17:25:13.060+0000] {processor.py:183} INFO - Processing /opt/airflow/dags/source/33.-jumlah-penduduk-menurut-jenis-kelamin-dan-kemantren-di-kota-yogyakarta-tahun-2022.xlsx took 0.025 seconds
[2024-06-16T17:25:43.626+0000] {processor.py:161} INFO - Started process (PID=66) to work on /opt/airflow/dags/source/33.-jumlah-penduduk-menurut-jenis-kelamin-dan-kemantren-di-kota-yogyakarta-tahun-2022.xlsx
[2024-06-16T17:25:43.627+0000] {processor.py:830} INFO - Processing file /opt/airflow/dags/source/33.-jumlah-penduduk-menurut-jenis-kelamin-dan-kemantren-di-kota-yogyakarta-tahun-2022.xlsx for tasks to queue
[2024-06-16T17:25:43.629+0000] {logging_mixin.py:188} INFO - [2024-06-16T17:25:43.629+0000] {dagbag.py:545} INFO - Filling up the DagBag from /opt/airflow/dags/source/33.-jumlah-penduduk-menurut-jenis-kelamin-dan-kemantren-di-kota-yogyakarta-tahun-2022.xlsx
[2024-06-16T17:25:43.635+0000] {processor.py:842} WARNING - No viable dags retrieved from /opt/airflow/dags/source/33.-jumlah-penduduk-menurut-jenis-kelamin-dan-kemantren-di-kota-yogyakarta-tahun-2022.xlsx
[2024-06-16T17:25:43.645+0000] {processor.py:183} INFO - Processing /opt/airflow/dags/source/33.-jumlah-penduduk-menurut-jenis-kelamin-dan-kemantren-di-kota-yogyakarta-tahun-2022.xlsx took 0.023 seconds
[2024-06-16T17:26:14.229+0000] {processor.py:161} INFO - Started process (PID=78) to work on /opt/airflow/dags/source/33.-jumlah-penduduk-menurut-jenis-kelamin-dan-kemantren-di-kota-yogyakarta-tahun-2022.xlsx
[2024-06-16T17:26:14.232+0000] {processor.py:830} INFO - Processing file /opt/airflow/dags/source/33.-jumlah-penduduk-menurut-jenis-kelamin-dan-kemantren-di-kota-yogyakarta-tahun-2022.xlsx for tasks to queue
[2024-06-16T17:26:14.236+0000] {logging_mixin.py:188} INFO - [2024-06-16T17:26:14.236+0000] {dagbag.py:545} INFO - Filling up the DagBag from /opt/airflow/dags/source/33.-jumlah-penduduk-menurut-jenis-kelamin-dan-kemantren-di-kota-yogyakarta-tahun-2022.xlsx
[2024-06-16T17:26:14.249+0000] {processor.py:842} WARNING - No viable dags retrieved from /opt/airflow/dags/source/33.-jumlah-penduduk-menurut-jenis-kelamin-dan-kemantren-di-kota-yogyakarta-tahun-2022.xlsx
[2024-06-16T17:26:14.282+0000] {processor.py:183} INFO - Processing /opt/airflow/dags/source/33.-jumlah-penduduk-menurut-jenis-kelamin-dan-kemantren-di-kota-yogyakarta-tahun-2022.xlsx took 0.119 seconds
[2024-06-16T17:26:44.882+0000] {processor.py:161} INFO - Started process (PID=90) to work on /opt/airflow/dags/source/33.-jumlah-penduduk-menurut-jenis-kelamin-dan-kemantren-di-kota-yogyakarta-tahun-2022.xlsx
[2024-06-16T17:26:44.885+0000] {processor.py:830} INFO - Processing file /opt/airflow/dags/source/33.-jumlah-penduduk-menurut-jenis-kelamin-dan-kemantren-di-kota-yogyakarta-tahun-2022.xlsx for tasks to queue
[2024-06-16T17:26:44.886+0000] {logging_mixin.py:188} INFO - [2024-06-16T17:26:44.886+0000] {dagbag.py:545} INFO - Filling up the DagBag from /opt/airflow/dags/source/33.-jumlah-penduduk-menurut-jenis-kelamin-dan-kemantren-di-kota-yogyakarta-tahun-2022.xlsx
[2024-06-16T17:26:44.892+0000] {processor.py:842} WARNING - No viable dags retrieved from /opt/airflow/dags/source/33.-jumlah-penduduk-menurut-jenis-kelamin-dan-kemantren-di-kota-yogyakarta-tahun-2022.xlsx
[2024-06-16T17:26:44.901+0000] {processor.py:183} INFO - Processing /opt/airflow/dags/source/33.-jumlah-penduduk-menurut-jenis-kelamin-dan-kemantren-di-kota-yogyakarta-tahun-2022.xlsx took 0.023 seconds
[2024-06-16T17:27:15.325+0000] {processor.py:161} INFO - Started process (PID=102) to work on /opt/airflow/dags/source/33.-jumlah-penduduk-menurut-jenis-kelamin-dan-kemantren-di-kota-yogyakarta-tahun-2022.xlsx
[2024-06-16T17:27:15.325+0000] {processor.py:830} INFO - Processing file /opt/airflow/dags/source/33.-jumlah-penduduk-menurut-jenis-kelamin-dan-kemantren-di-kota-yogyakarta-tahun-2022.xlsx for tasks to queue
[2024-06-16T17:27:15.327+0000] {logging_mixin.py:188} INFO - [2024-06-16T17:27:15.327+0000] {dagbag.py:545} INFO - Filling up the DagBag from /opt/airflow/dags/source/33.-jumlah-penduduk-menurut-jenis-kelamin-dan-kemantren-di-kota-yogyakarta-tahun-2022.xlsx
[2024-06-16T17:27:15.337+0000] {processor.py:842} WARNING - No viable dags retrieved from /opt/airflow/dags/source/33.-jumlah-penduduk-menurut-jenis-kelamin-dan-kemantren-di-kota-yogyakarta-tahun-2022.xlsx
[2024-06-16T17:27:15.347+0000] {processor.py:183} INFO - Processing /opt/airflow/dags/source/33.-jumlah-penduduk-menurut-jenis-kelamin-dan-kemantren-di-kota-yogyakarta-tahun-2022.xlsx took 0.026 seconds
[2024-06-16T17:27:45.794+0000] {processor.py:161} INFO - Started process (PID=114) to work on /opt/airflow/dags/source/33.-jumlah-penduduk-menurut-jenis-kelamin-dan-kemantren-di-kota-yogyakarta-tahun-2022.xlsx
[2024-06-16T17:27:45.795+0000] {processor.py:830} INFO - Processing file /opt/airflow/dags/source/33.-jumlah-penduduk-menurut-jenis-kelamin-dan-kemantren-di-kota-yogyakarta-tahun-2022.xlsx for tasks to queue
[2024-06-16T17:27:45.796+0000] {logging_mixin.py:188} INFO - [2024-06-16T17:27:45.796+0000] {dagbag.py:545} INFO - Filling up the DagBag from /opt/airflow/dags/source/33.-jumlah-penduduk-menurut-jenis-kelamin-dan-kemantren-di-kota-yogyakarta-tahun-2022.xlsx
[2024-06-16T17:27:45.804+0000] {processor.py:842} WARNING - No viable dags retrieved from /opt/airflow/dags/source/33.-jumlah-penduduk-menurut-jenis-kelamin-dan-kemantren-di-kota-yogyakarta-tahun-2022.xlsx
[2024-06-16T17:27:45.814+0000] {processor.py:183} INFO - Processing /opt/airflow/dags/source/33.-jumlah-penduduk-menurut-jenis-kelamin-dan-kemantren-di-kota-yogyakarta-tahun-2022.xlsx took 0.025 seconds
