[2024-06-16T17:24:43.017+0000] {processor.py:161} INFO - Started process (PID=44) to work on /opt/airflow/dags/source/struktur-pemuda-berdasarkan-pendidikan-2021.xlsx
[2024-06-16T17:24:43.018+0000] {processor.py:830} INFO - Processing file /opt/airflow/dags/source/struktur-pemuda-berdasarkan-pendidikan-2021.xlsx for tasks to queue
[2024-06-16T17:24:43.021+0000] {logging_mixin.py:188} INFO - [2024-06-16T17:24:43.020+0000] {dagbag.py:545} INFO - Filling up the DagBag from /opt/airflow/dags/source/struktur-pemuda-berdasarkan-pendidikan-2021.xlsx
[2024-06-16T17:24:43.053+0000] {processor.py:842} WARNING - No viable dags retrieved from /opt/airflow/dags/source/struktur-pemuda-berdasarkan-pendidikan-2021.xlsx
[2024-06-16T17:24:43.160+0000] {processor.py:183} INFO - Processing /opt/airflow/dags/source/struktur-pemuda-berdasarkan-pendidikan-2021.xlsx took 0.171 seconds
[2024-06-16T17:25:14.097+0000] {processor.py:161} INFO - Started process (PID=56) to work on /opt/airflow/dags/source/struktur-pemuda-berdasarkan-pendidikan-2021.xlsx
[2024-06-16T17:25:14.098+0000] {processor.py:830} INFO - Processing file /opt/airflow/dags/source/struktur-pemuda-berdasarkan-pendidikan-2021.xlsx for tasks to queue
[2024-06-16T17:25:14.100+0000] {logging_mixin.py:188} INFO - [2024-06-16T17:25:14.100+0000] {dagbag.py:545} INFO - Filling up the DagBag from /opt/airflow/dags/source/struktur-pemuda-berdasarkan-pendidikan-2021.xlsx
[2024-06-16T17:25:14.110+0000] {processor.py:842} WARNING - No viable dags retrieved from /opt/airflow/dags/source/struktur-pemuda-berdasarkan-pendidikan-2021.xlsx
[2024-06-16T17:25:14.122+0000] {processor.py:183} INFO - Processing /opt/airflow/dags/source/struktur-pemuda-berdasarkan-pendidikan-2021.xlsx took 0.031 seconds
[2024-06-16T17:25:44.664+0000] {processor.py:161} INFO - Started process (PID=68) to work on /opt/airflow/dags/source/struktur-pemuda-berdasarkan-pendidikan-2021.xlsx
[2024-06-16T17:25:44.665+0000] {processor.py:830} INFO - Processing file /opt/airflow/dags/source/struktur-pemuda-berdasarkan-pendidikan-2021.xlsx for tasks to queue
[2024-06-16T17:25:44.667+0000] {logging_mixin.py:188} INFO - [2024-06-16T17:25:44.667+0000] {dagbag.py:545} INFO - Filling up the DagBag from /opt/airflow/dags/source/struktur-pemuda-berdasarkan-pendidikan-2021.xlsx
[2024-06-16T17:25:44.674+0000] {processor.py:842} WARNING - No viable dags retrieved from /opt/airflow/dags/source/struktur-pemuda-berdasarkan-pendidikan-2021.xlsx
[2024-06-16T17:25:44.685+0000] {processor.py:183} INFO - Processing /opt/airflow/dags/source/struktur-pemuda-berdasarkan-pendidikan-2021.xlsx took 0.025 seconds
[2024-06-16T17:26:15.288+0000] {processor.py:161} INFO - Started process (PID=80) to work on /opt/airflow/dags/source/struktur-pemuda-berdasarkan-pendidikan-2021.xlsx
[2024-06-16T17:26:15.289+0000] {processor.py:830} INFO - Processing file /opt/airflow/dags/source/struktur-pemuda-berdasarkan-pendidikan-2021.xlsx for tasks to queue
[2024-06-16T17:26:15.291+0000] {logging_mixin.py:188} INFO - [2024-06-16T17:26:15.291+0000] {dagbag.py:545} INFO - Filling up the DagBag from /opt/airflow/dags/source/struktur-pemuda-berdasarkan-pendidikan-2021.xlsx
[2024-06-16T17:26:15.304+0000] {processor.py:842} WARNING - No viable dags retrieved from /opt/airflow/dags/source/struktur-pemuda-berdasarkan-pendidikan-2021.xlsx
[2024-06-16T17:26:15.321+0000] {processor.py:183} INFO - Processing /opt/airflow/dags/source/struktur-pemuda-berdasarkan-pendidikan-2021.xlsx took 0.038 seconds
[2024-06-16T17:26:45.922+0000] {processor.py:161} INFO - Started process (PID=92) to work on /opt/airflow/dags/source/struktur-pemuda-berdasarkan-pendidikan-2021.xlsx
[2024-06-16T17:26:45.923+0000] {processor.py:830} INFO - Processing file /opt/airflow/dags/source/struktur-pemuda-berdasarkan-pendidikan-2021.xlsx for tasks to queue
[2024-06-16T17:26:45.925+0000] {logging_mixin.py:188} INFO - [2024-06-16T17:26:45.924+0000] {dagbag.py:545} INFO - Filling up the DagBag from /opt/airflow/dags/source/struktur-pemuda-berdasarkan-pendidikan-2021.xlsx
[2024-06-16T17:26:45.932+0000] {processor.py:842} WARNING - No viable dags retrieved from /opt/airflow/dags/source/struktur-pemuda-berdasarkan-pendidikan-2021.xlsx
[2024-06-16T17:26:45.942+0000] {processor.py:183} INFO - Processing /opt/airflow/dags/source/struktur-pemuda-berdasarkan-pendidikan-2021.xlsx took 0.024 seconds
[2024-06-16T17:27:16.354+0000] {processor.py:161} INFO - Started process (PID=104) to work on /opt/airflow/dags/source/struktur-pemuda-berdasarkan-pendidikan-2021.xlsx
[2024-06-16T17:27:16.355+0000] {processor.py:830} INFO - Processing file /opt/airflow/dags/source/struktur-pemuda-berdasarkan-pendidikan-2021.xlsx for tasks to queue
[2024-06-16T17:27:16.356+0000] {logging_mixin.py:188} INFO - [2024-06-16T17:27:16.356+0000] {dagbag.py:545} INFO - Filling up the DagBag from /opt/airflow/dags/source/struktur-pemuda-berdasarkan-pendidikan-2021.xlsx
[2024-06-16T17:27:16.365+0000] {processor.py:842} WARNING - No viable dags retrieved from /opt/airflow/dags/source/struktur-pemuda-berdasarkan-pendidikan-2021.xlsx
[2024-06-16T17:27:16.375+0000] {processor.py:183} INFO - Processing /opt/airflow/dags/source/struktur-pemuda-berdasarkan-pendidikan-2021.xlsx took 0.025 seconds
[2024-06-16T17:27:46.827+0000] {processor.py:161} INFO - Started process (PID=116) to work on /opt/airflow/dags/source/struktur-pemuda-berdasarkan-pendidikan-2021.xlsx
[2024-06-16T17:27:46.828+0000] {processor.py:830} INFO - Processing file /opt/airflow/dags/source/struktur-pemuda-berdasarkan-pendidikan-2021.xlsx for tasks to queue
[2024-06-16T17:27:46.829+0000] {logging_mixin.py:188} INFO - [2024-06-16T17:27:46.829+0000] {dagbag.py:545} INFO - Filling up the DagBag from /opt/airflow/dags/source/struktur-pemuda-berdasarkan-pendidikan-2021.xlsx
[2024-06-16T17:27:46.836+0000] {processor.py:842} WARNING - No viable dags retrieved from /opt/airflow/dags/source/struktur-pemuda-berdasarkan-pendidikan-2021.xlsx
[2024-06-16T17:27:46.845+0000] {processor.py:183} INFO - Processing /opt/airflow/dags/source/struktur-pemuda-berdasarkan-pendidikan-2021.xlsx took 0.023 seconds
